[2021-07-16 08:26:30,508] {scheduler_job.py:181} INFO - Started process (PID=58) to work on /home/airflow/.local/lib/python3.6/site-packages/airflow/example_dags/example_subdag_operator.py
[2021-07-16 08:26:30,511] {scheduler_job.py:632} INFO - Processing file /home/airflow/.local/lib/python3.6/site-packages/airflow/example_dags/example_subdag_operator.py for tasks to queue
[2021-07-16 08:26:30,513] {logging_mixin.py:104} INFO - [2021-07-16 08:26:30,513] {dagbag.py:496} INFO - Filling up the DagBag from /home/airflow/.local/lib/python3.6/site-packages/airflow/example_dags/example_subdag_operator.py
[2021-07-16 08:26:30,604] {scheduler_job.py:642} INFO - DAG(s) dict_keys(['example_subdag_operator.section-1', 'example_subdag_operator.section-2', 'example_subdag_operator']) retrieved from /home/airflow/.local/lib/python3.6/site-packages/airflow/example_dags/example_subdag_operator.py
[2021-07-16 08:26:34,599] {logging_mixin.py:104} INFO - [2021-07-16 08:26:34,596] {dag.py:1833} INFO - Sync 3 DAGs
[2021-07-16 08:26:34,625] {logging_mixin.py:104} INFO - [2021-07-16 08:26:34,624] {dag.py:1852} INFO - Creating ORM DAG for example_subdag_operator.section-2
[2021-07-16 08:26:34,629] {logging_mixin.py:104} INFO - [2021-07-16 08:26:34,628] {dag.py:1852} INFO - Creating ORM DAG for example_subdag_operator
[2021-07-16 08:26:34,630] {logging_mixin.py:104} INFO - [2021-07-16 08:26:34,630] {dag.py:1852} INFO - Creating ORM DAG for example_subdag_operator.section-1
[2021-07-16 08:26:34,640] {logging_mixin.py:104} INFO - [2021-07-16 08:26:34,640] {dag.py:2306} INFO - Setting next_dagrun for example_subdag_operator to 2021-07-14 00:00:00+00:00
[2021-07-16 08:26:34,642] {logging_mixin.py:104} INFO - [2021-07-16 08:26:34,642] {dag.py:2306} INFO - Setting next_dagrun for example_subdag_operator.section-1 to None
[2021-07-16 08:26:34,644] {logging_mixin.py:104} INFO - [2021-07-16 08:26:34,644] {dag.py:2306} INFO - Setting next_dagrun for example_subdag_operator.section-2 to None
[2021-07-16 08:26:34,674] {logging_mixin.py:104} INFO - [2021-07-16 08:26:34,674] {dag.py:1833} INFO - Sync 2 DAGs
[2021-07-16 08:26:34,691] {logging_mixin.py:104} INFO - [2021-07-16 08:26:34,691] {dag.py:2306} INFO - Setting next_dagrun for example_subdag_operator.section-1 to None
[2021-07-16 08:26:34,693] {logging_mixin.py:104} INFO - [2021-07-16 08:26:34,693] {dag.py:2306} INFO - Setting next_dagrun for example_subdag_operator.section-2 to None
[2021-07-16 08:26:34,711] {scheduler_job.py:189} INFO - Processing /home/airflow/.local/lib/python3.6/site-packages/airflow/example_dags/example_subdag_operator.py took 4.207 seconds
[2021-07-16 08:28:26,322] {scheduler_job.py:181} INFO - Started process (PID=249) to work on /home/airflow/.local/lib/python3.6/site-packages/airflow/example_dags/example_subdag_operator.py
[2021-07-16 08:28:26,327] {scheduler_job.py:632} INFO - Processing file /home/airflow/.local/lib/python3.6/site-packages/airflow/example_dags/example_subdag_operator.py for tasks to queue
[2021-07-16 08:28:26,336] {logging_mixin.py:104} INFO - [2021-07-16 08:28:26,336] {dagbag.py:496} INFO - Filling up the DagBag from /home/airflow/.local/lib/python3.6/site-packages/airflow/example_dags/example_subdag_operator.py
[2021-07-16 08:28:26,439] {scheduler_job.py:642} INFO - DAG(s) dict_keys(['example_subdag_operator.section-1', 'example_subdag_operator.section-2', 'example_subdag_operator']) retrieved from /home/airflow/.local/lib/python3.6/site-packages/airflow/example_dags/example_subdag_operator.py
[2021-07-16 08:28:26,487] {logging_mixin.py:104} INFO - [2021-07-16 08:28:26,486] {dag.py:1833} INFO - Sync 3 DAGs
[2021-07-16 08:28:26,535] {logging_mixin.py:104} INFO - [2021-07-16 08:28:26,534] {dag.py:2306} INFO - Setting next_dagrun for example_subdag_operator to 2021-07-14 00:00:00+00:00
[2021-07-16 08:28:26,537] {logging_mixin.py:104} INFO - [2021-07-16 08:28:26,537] {dag.py:2306} INFO - Setting next_dagrun for example_subdag_operator.section-1 to None
[2021-07-16 08:28:26,540] {logging_mixin.py:104} INFO - [2021-07-16 08:28:26,540] {dag.py:2306} INFO - Setting next_dagrun for example_subdag_operator.section-2 to None
[2021-07-16 08:28:26,592] {logging_mixin.py:104} INFO - [2021-07-16 08:28:26,591] {dag.py:1833} INFO - Sync 2 DAGs
[2021-07-16 08:28:26,647] {logging_mixin.py:104} INFO - [2021-07-16 08:28:26,647] {dag.py:2306} INFO - Setting next_dagrun for example_subdag_operator.section-1 to None
[2021-07-16 08:28:26,648] {logging_mixin.py:104} INFO - [2021-07-16 08:28:26,648] {dag.py:2306} INFO - Setting next_dagrun for example_subdag_operator.section-2 to None
[2021-07-16 08:28:26,673] {scheduler_job.py:189} INFO - Processing /home/airflow/.local/lib/python3.6/site-packages/airflow/example_dags/example_subdag_operator.py took 0.375 seconds
[2021-07-16 08:32:56,539] {scheduler_job.py:181} INFO - Started process (PID=43) to work on /home/airflow/.local/lib/python3.6/site-packages/airflow/example_dags/example_subdag_operator.py
[2021-07-16 08:32:56,546] {scheduler_job.py:632} INFO - Processing file /home/airflow/.local/lib/python3.6/site-packages/airflow/example_dags/example_subdag_operator.py for tasks to queue
[2021-07-16 08:32:56,560] {logging_mixin.py:104} INFO - [2021-07-16 08:32:56,560] {dagbag.py:496} INFO - Filling up the DagBag from /home/airflow/.local/lib/python3.6/site-packages/airflow/example_dags/example_subdag_operator.py
[2021-07-16 08:32:56,848] {scheduler_job.py:642} INFO - DAG(s) dict_keys(['example_subdag_operator.section-1', 'example_subdag_operator.section-2', 'example_subdag_operator']) retrieved from /home/airflow/.local/lib/python3.6/site-packages/airflow/example_dags/example_subdag_operator.py
[2021-07-16 08:32:56,915] {logging_mixin.py:104} INFO - [2021-07-16 08:32:56,914] {dag.py:1833} INFO - Sync 3 DAGs
[2021-07-16 08:32:57,008] {logging_mixin.py:104} INFO - [2021-07-16 08:32:57,007] {dag.py:2306} INFO - Setting next_dagrun for example_subdag_operator to 2021-07-14 00:00:00+00:00
[2021-07-16 08:32:57,014] {logging_mixin.py:104} INFO - [2021-07-16 08:32:57,014] {dag.py:2306} INFO - Setting next_dagrun for example_subdag_operator.section-1 to None
[2021-07-16 08:32:57,017] {logging_mixin.py:104} INFO - [2021-07-16 08:32:57,017] {dag.py:2306} INFO - Setting next_dagrun for example_subdag_operator.section-2 to None
[2021-07-16 08:32:57,041] {logging_mixin.py:104} INFO - [2021-07-16 08:32:57,041] {dag.py:1833} INFO - Sync 2 DAGs
[2021-07-16 08:32:57,079] {logging_mixin.py:104} INFO - [2021-07-16 08:32:57,079] {dag.py:2306} INFO - Setting next_dagrun for example_subdag_operator.section-1 to None
[2021-07-16 08:32:57,080] {logging_mixin.py:104} INFO - [2021-07-16 08:32:57,080] {dag.py:2306} INFO - Setting next_dagrun for example_subdag_operator.section-2 to None
[2021-07-16 08:32:57,110] {scheduler_job.py:189} INFO - Processing /home/airflow/.local/lib/python3.6/site-packages/airflow/example_dags/example_subdag_operator.py took 0.590 seconds
[2021-07-16 08:33:27,289] {scheduler_job.py:181} INFO - Started process (PID=85) to work on /home/airflow/.local/lib/python3.6/site-packages/airflow/example_dags/example_subdag_operator.py
[2021-07-16 08:33:27,298] {scheduler_job.py:632} INFO - Processing file /home/airflow/.local/lib/python3.6/site-packages/airflow/example_dags/example_subdag_operator.py for tasks to queue
[2021-07-16 08:33:27,331] {logging_mixin.py:104} INFO - [2021-07-16 08:33:27,331] {dagbag.py:496} INFO - Filling up the DagBag from /home/airflow/.local/lib/python3.6/site-packages/airflow/example_dags/example_subdag_operator.py
[2021-07-16 08:33:27,524] {scheduler_job.py:642} INFO - DAG(s) dict_keys(['example_subdag_operator.section-1', 'example_subdag_operator.section-2', 'example_subdag_operator']) retrieved from /home/airflow/.local/lib/python3.6/site-packages/airflow/example_dags/example_subdag_operator.py
[2021-07-16 08:33:27,574] {logging_mixin.py:104} INFO - [2021-07-16 08:33:27,574] {dag.py:1833} INFO - Sync 3 DAGs
[2021-07-16 08:33:27,631] {logging_mixin.py:104} INFO - [2021-07-16 08:33:27,631] {dag.py:2306} INFO - Setting next_dagrun for example_subdag_operator to 2021-07-14 00:00:00+00:00
[2021-07-16 08:33:27,636] {logging_mixin.py:104} INFO - [2021-07-16 08:33:27,636] {dag.py:2306} INFO - Setting next_dagrun for example_subdag_operator.section-1 to None
[2021-07-16 08:33:27,638] {logging_mixin.py:104} INFO - [2021-07-16 08:33:27,638] {dag.py:2306} INFO - Setting next_dagrun for example_subdag_operator.section-2 to None
[2021-07-16 08:33:27,682] {logging_mixin.py:104} INFO - [2021-07-16 08:33:27,682] {dag.py:1833} INFO - Sync 2 DAGs
[2021-07-16 08:33:27,715] {logging_mixin.py:104} INFO - [2021-07-16 08:33:27,708] {dag.py:2306} INFO - Setting next_dagrun for example_subdag_operator.section-1 to None
[2021-07-16 08:33:27,720] {logging_mixin.py:104} INFO - [2021-07-16 08:33:27,720] {dag.py:2306} INFO - Setting next_dagrun for example_subdag_operator.section-2 to None
[2021-07-16 08:33:27,737] {scheduler_job.py:189} INFO - Processing /home/airflow/.local/lib/python3.6/site-packages/airflow/example_dags/example_subdag_operator.py took 0.460 seconds
[2021-07-16 08:33:57,817] {scheduler_job.py:181} INFO - Started process (PID=128) to work on /home/airflow/.local/lib/python3.6/site-packages/airflow/example_dags/example_subdag_operator.py
[2021-07-16 08:33:57,823] {scheduler_job.py:632} INFO - Processing file /home/airflow/.local/lib/python3.6/site-packages/airflow/example_dags/example_subdag_operator.py for tasks to queue
[2021-07-16 08:33:57,826] {logging_mixin.py:104} INFO - [2021-07-16 08:33:57,826] {dagbag.py:496} INFO - Filling up the DagBag from /home/airflow/.local/lib/python3.6/site-packages/airflow/example_dags/example_subdag_operator.py
[2021-07-16 08:33:57,967] {scheduler_job.py:642} INFO - DAG(s) dict_keys(['example_subdag_operator.section-1', 'example_subdag_operator.section-2', 'example_subdag_operator']) retrieved from /home/airflow/.local/lib/python3.6/site-packages/airflow/example_dags/example_subdag_operator.py
[2021-07-16 08:33:58,021] {logging_mixin.py:104} INFO - [2021-07-16 08:33:58,018] {dag.py:1833} INFO - Sync 3 DAGs
[2021-07-16 08:33:58,096] {logging_mixin.py:104} INFO - [2021-07-16 08:33:58,095] {dag.py:2306} INFO - Setting next_dagrun for example_subdag_operator to 2021-07-14 00:00:00+00:00
[2021-07-16 08:33:58,122] {logging_mixin.py:104} INFO - [2021-07-16 08:33:58,122] {dag.py:2306} INFO - Setting next_dagrun for example_subdag_operator.section-1 to None
[2021-07-16 08:33:58,133] {logging_mixin.py:104} INFO - [2021-07-16 08:33:58,133] {dag.py:2306} INFO - Setting next_dagrun for example_subdag_operator.section-2 to None
[2021-07-16 08:33:58,187] {logging_mixin.py:104} INFO - [2021-07-16 08:33:58,185] {dag.py:1833} INFO - Sync 2 DAGs
[2021-07-16 08:33:58,250] {logging_mixin.py:104} INFO - [2021-07-16 08:33:58,249] {dag.py:2306} INFO - Setting next_dagrun for example_subdag_operator.section-1 to None
[2021-07-16 08:33:58,252] {logging_mixin.py:104} INFO - [2021-07-16 08:33:58,252] {dag.py:2306} INFO - Setting next_dagrun for example_subdag_operator.section-2 to None
[2021-07-16 08:33:58,272] {scheduler_job.py:189} INFO - Processing /home/airflow/.local/lib/python3.6/site-packages/airflow/example_dags/example_subdag_operator.py took 0.466 seconds
[2021-07-16 08:34:32,615] {scheduler_job.py:181} INFO - Started process (PID=178) to work on /home/airflow/.local/lib/python3.6/site-packages/airflow/example_dags/example_subdag_operator.py
[2021-07-16 08:34:32,619] {scheduler_job.py:632} INFO - Processing file /home/airflow/.local/lib/python3.6/site-packages/airflow/example_dags/example_subdag_operator.py for tasks to queue
[2021-07-16 08:34:32,627] {logging_mixin.py:104} INFO - [2021-07-16 08:34:32,620] {dagbag.py:496} INFO - Filling up the DagBag from /home/airflow/.local/lib/python3.6/site-packages/airflow/example_dags/example_subdag_operator.py
[2021-07-16 08:34:32,697] {scheduler_job.py:642} INFO - DAG(s) dict_keys(['example_subdag_operator.section-1', 'example_subdag_operator.section-2', 'example_subdag_operator']) retrieved from /home/airflow/.local/lib/python3.6/site-packages/airflow/example_dags/example_subdag_operator.py
[2021-07-16 08:34:32,748] {logging_mixin.py:104} INFO - [2021-07-16 08:34:32,748] {dag.py:1833} INFO - Sync 3 DAGs
[2021-07-16 08:34:32,798] {logging_mixin.py:104} INFO - [2021-07-16 08:34:32,798] {dag.py:2306} INFO - Setting next_dagrun for example_subdag_operator to 2021-07-14 00:00:00+00:00
[2021-07-16 08:34:32,800] {logging_mixin.py:104} INFO - [2021-07-16 08:34:32,800] {dag.py:2306} INFO - Setting next_dagrun for example_subdag_operator.section-1 to None
[2021-07-16 08:34:32,803] {logging_mixin.py:104} INFO - [2021-07-16 08:34:32,802] {dag.py:2306} INFO - Setting next_dagrun for example_subdag_operator.section-2 to None
[2021-07-16 08:34:32,819] {logging_mixin.py:104} INFO - [2021-07-16 08:34:32,819] {dag.py:1833} INFO - Sync 2 DAGs
[2021-07-16 08:34:32,842] {logging_mixin.py:104} INFO - [2021-07-16 08:34:32,841] {dag.py:2306} INFO - Setting next_dagrun for example_subdag_operator.section-1 to None
[2021-07-16 08:34:32,843] {logging_mixin.py:104} INFO - [2021-07-16 08:34:32,843] {dag.py:2306} INFO - Setting next_dagrun for example_subdag_operator.section-2 to None
[2021-07-16 08:34:32,854] {scheduler_job.py:189} INFO - Processing /home/airflow/.local/lib/python3.6/site-packages/airflow/example_dags/example_subdag_operator.py took 0.252 seconds
[2021-07-16 08:35:07,350] {scheduler_job.py:181} INFO - Started process (PID=227) to work on /home/airflow/.local/lib/python3.6/site-packages/airflow/example_dags/example_subdag_operator.py
[2021-07-16 08:35:07,357] {scheduler_job.py:632} INFO - Processing file /home/airflow/.local/lib/python3.6/site-packages/airflow/example_dags/example_subdag_operator.py for tasks to queue
[2021-07-16 08:35:07,361] {logging_mixin.py:104} INFO - [2021-07-16 08:35:07,361] {dagbag.py:496} INFO - Filling up the DagBag from /home/airflow/.local/lib/python3.6/site-packages/airflow/example_dags/example_subdag_operator.py
[2021-07-16 08:35:07,438] {scheduler_job.py:642} INFO - DAG(s) dict_keys(['example_subdag_operator.section-1', 'example_subdag_operator.section-2', 'example_subdag_operator']) retrieved from /home/airflow/.local/lib/python3.6/site-packages/airflow/example_dags/example_subdag_operator.py
[2021-07-16 08:35:07,479] {logging_mixin.py:104} INFO - [2021-07-16 08:35:07,479] {dag.py:1833} INFO - Sync 3 DAGs
[2021-07-16 08:35:07,546] {logging_mixin.py:104} INFO - [2021-07-16 08:35:07,546] {dag.py:2306} INFO - Setting next_dagrun for example_subdag_operator to 2021-07-14 00:00:00+00:00
[2021-07-16 08:35:07,558] {logging_mixin.py:104} INFO - [2021-07-16 08:35:07,557] {dag.py:2306} INFO - Setting next_dagrun for example_subdag_operator.section-1 to None
[2021-07-16 08:35:07,567] {logging_mixin.py:104} INFO - [2021-07-16 08:35:07,567] {dag.py:2306} INFO - Setting next_dagrun for example_subdag_operator.section-2 to None
[2021-07-16 08:35:07,609] {logging_mixin.py:104} INFO - [2021-07-16 08:35:07,609] {dag.py:1833} INFO - Sync 2 DAGs
[2021-07-16 08:35:07,653] {logging_mixin.py:104} INFO - [2021-07-16 08:35:07,653] {dag.py:2306} INFO - Setting next_dagrun for example_subdag_operator.section-1 to None
[2021-07-16 08:35:07,661] {logging_mixin.py:104} INFO - [2021-07-16 08:35:07,661] {dag.py:2306} INFO - Setting next_dagrun for example_subdag_operator.section-2 to None
[2021-07-16 08:35:07,695] {scheduler_job.py:189} INFO - Processing /home/airflow/.local/lib/python3.6/site-packages/airflow/example_dags/example_subdag_operator.py took 0.362 seconds
[2021-07-16 08:35:57,452] {scheduler_job.py:181} INFO - Started process (PID=277) to work on /home/airflow/.local/lib/python3.6/site-packages/airflow/example_dags/example_subdag_operator.py
[2021-07-16 08:35:57,456] {scheduler_job.py:632} INFO - Processing file /home/airflow/.local/lib/python3.6/site-packages/airflow/example_dags/example_subdag_operator.py for tasks to queue
[2021-07-16 08:35:57,460] {logging_mixin.py:104} INFO - [2021-07-16 08:35:57,459] {dagbag.py:496} INFO - Filling up the DagBag from /home/airflow/.local/lib/python3.6/site-packages/airflow/example_dags/example_subdag_operator.py
[2021-07-16 08:35:57,528] {scheduler_job.py:642} INFO - DAG(s) dict_keys(['example_subdag_operator.section-1', 'example_subdag_operator.section-2', 'example_subdag_operator']) retrieved from /home/airflow/.local/lib/python3.6/site-packages/airflow/example_dags/example_subdag_operator.py
[2021-07-16 08:35:57,563] {logging_mixin.py:104} INFO - [2021-07-16 08:35:57,563] {dag.py:1833} INFO - Sync 3 DAGs
[2021-07-16 08:35:57,637] {logging_mixin.py:104} INFO - [2021-07-16 08:35:57,637] {dag.py:2306} INFO - Setting next_dagrun for example_subdag_operator to 2021-07-14 00:00:00+00:00
[2021-07-16 08:35:57,643] {logging_mixin.py:104} INFO - [2021-07-16 08:35:57,642] {dag.py:2306} INFO - Setting next_dagrun for example_subdag_operator.section-1 to None
[2021-07-16 08:35:57,648] {logging_mixin.py:104} INFO - [2021-07-16 08:35:57,648] {dag.py:2306} INFO - Setting next_dagrun for example_subdag_operator.section-2 to None
[2021-07-16 08:35:57,698] {logging_mixin.py:104} INFO - [2021-07-16 08:35:57,678] {dag.py:1833} INFO - Sync 2 DAGs
[2021-07-16 08:35:57,728] {logging_mixin.py:104} INFO - [2021-07-16 08:35:57,728] {dag.py:2306} INFO - Setting next_dagrun for example_subdag_operator.section-1 to None
[2021-07-16 08:35:57,734] {logging_mixin.py:104} INFO - [2021-07-16 08:35:57,734] {dag.py:2306} INFO - Setting next_dagrun for example_subdag_operator.section-2 to None
[2021-07-16 08:35:57,761] {scheduler_job.py:189} INFO - Processing /home/airflow/.local/lib/python3.6/site-packages/airflow/example_dags/example_subdag_operator.py took 0.326 seconds
[2021-07-16 08:36:30,809] {scheduler_job.py:181} INFO - Started process (PID=340) to work on /home/airflow/.local/lib/python3.6/site-packages/airflow/example_dags/example_subdag_operator.py
[2021-07-16 08:36:30,824] {scheduler_job.py:632} INFO - Processing file /home/airflow/.local/lib/python3.6/site-packages/airflow/example_dags/example_subdag_operator.py for tasks to queue
[2021-07-16 08:36:30,829] {logging_mixin.py:104} INFO - [2021-07-16 08:36:30,828] {dagbag.py:496} INFO - Filling up the DagBag from /home/airflow/.local/lib/python3.6/site-packages/airflow/example_dags/example_subdag_operator.py
[2021-07-16 08:36:30,957] {scheduler_job.py:642} INFO - DAG(s) dict_keys(['example_subdag_operator.section-1', 'example_subdag_operator.section-2', 'example_subdag_operator']) retrieved from /home/airflow/.local/lib/python3.6/site-packages/airflow/example_dags/example_subdag_operator.py
[2021-07-16 08:36:31,021] {logging_mixin.py:104} INFO - [2021-07-16 08:36:31,021] {dag.py:1833} INFO - Sync 3 DAGs
[2021-07-16 08:36:31,065] {logging_mixin.py:104} INFO - [2021-07-16 08:36:31,065] {dag.py:2306} INFO - Setting next_dagrun for example_subdag_operator to 2021-07-14 00:00:00+00:00
[2021-07-16 08:36:31,072] {logging_mixin.py:104} INFO - [2021-07-16 08:36:31,071] {dag.py:2306} INFO - Setting next_dagrun for example_subdag_operator.section-1 to None
[2021-07-16 08:36:31,076] {logging_mixin.py:104} INFO - [2021-07-16 08:36:31,075] {dag.py:2306} INFO - Setting next_dagrun for example_subdag_operator.section-2 to None
[2021-07-16 08:36:31,113] {logging_mixin.py:104} INFO - [2021-07-16 08:36:31,113] {dag.py:1833} INFO - Sync 2 DAGs
[2021-07-16 08:36:31,146] {logging_mixin.py:104} INFO - [2021-07-16 08:36:31,146] {dag.py:2306} INFO - Setting next_dagrun for example_subdag_operator.section-1 to None
[2021-07-16 08:36:31,149] {logging_mixin.py:104} INFO - [2021-07-16 08:36:31,149] {dag.py:2306} INFO - Setting next_dagrun for example_subdag_operator.section-2 to None
[2021-07-16 08:36:31,174] {scheduler_job.py:189} INFO - Processing /home/airflow/.local/lib/python3.6/site-packages/airflow/example_dags/example_subdag_operator.py took 0.374 seconds
[2021-07-16 08:37:08,391] {scheduler_job.py:181} INFO - Started process (PID=391) to work on /home/airflow/.local/lib/python3.6/site-packages/airflow/example_dags/example_subdag_operator.py
[2021-07-16 08:37:08,403] {scheduler_job.py:632} INFO - Processing file /home/airflow/.local/lib/python3.6/site-packages/airflow/example_dags/example_subdag_operator.py for tasks to queue
[2021-07-16 08:37:08,407] {logging_mixin.py:104} INFO - [2021-07-16 08:37:08,407] {dagbag.py:496} INFO - Filling up the DagBag from /home/airflow/.local/lib/python3.6/site-packages/airflow/example_dags/example_subdag_operator.py
[2021-07-16 08:37:08,561] {scheduler_job.py:642} INFO - DAG(s) dict_keys(['example_subdag_operator.section-1', 'example_subdag_operator.section-2', 'example_subdag_operator']) retrieved from /home/airflow/.local/lib/python3.6/site-packages/airflow/example_dags/example_subdag_operator.py
[2021-07-16 08:37:08,616] {logging_mixin.py:104} INFO - [2021-07-16 08:37:08,616] {dag.py:1833} INFO - Sync 3 DAGs
[2021-07-16 08:37:08,672] {logging_mixin.py:104} INFO - [2021-07-16 08:37:08,670] {dag.py:2306} INFO - Setting next_dagrun for example_subdag_operator to 2021-07-14 00:00:00+00:00
[2021-07-16 08:37:08,697] {logging_mixin.py:104} INFO - [2021-07-16 08:37:08,696] {dag.py:2306} INFO - Setting next_dagrun for example_subdag_operator.section-1 to None
[2021-07-16 08:37:08,698] {logging_mixin.py:104} INFO - [2021-07-16 08:37:08,698] {dag.py:2306} INFO - Setting next_dagrun for example_subdag_operator.section-2 to None
[2021-07-16 08:37:08,733] {logging_mixin.py:104} INFO - [2021-07-16 08:37:08,733] {dag.py:1833} INFO - Sync 2 DAGs
[2021-07-16 08:37:08,761] {logging_mixin.py:104} INFO - [2021-07-16 08:37:08,761] {dag.py:2306} INFO - Setting next_dagrun for example_subdag_operator.section-1 to None
[2021-07-16 08:37:08,763] {logging_mixin.py:104} INFO - [2021-07-16 08:37:08,763] {dag.py:2306} INFO - Setting next_dagrun for example_subdag_operator.section-2 to None
[2021-07-16 08:37:08,790] {scheduler_job.py:189} INFO - Processing /home/airflow/.local/lib/python3.6/site-packages/airflow/example_dags/example_subdag_operator.py took 0.407 seconds
[2021-07-16 08:37:52,136] {scheduler_job.py:181} INFO - Started process (PID=448) to work on /home/airflow/.local/lib/python3.6/site-packages/airflow/example_dags/example_subdag_operator.py
[2021-07-16 08:37:52,139] {scheduler_job.py:632} INFO - Processing file /home/airflow/.local/lib/python3.6/site-packages/airflow/example_dags/example_subdag_operator.py for tasks to queue
[2021-07-16 08:37:52,142] {logging_mixin.py:104} INFO - [2021-07-16 08:37:52,142] {dagbag.py:496} INFO - Filling up the DagBag from /home/airflow/.local/lib/python3.6/site-packages/airflow/example_dags/example_subdag_operator.py
[2021-07-16 08:37:52,251] {scheduler_job.py:642} INFO - DAG(s) dict_keys(['example_subdag_operator.section-1', 'example_subdag_operator.section-2', 'example_subdag_operator']) retrieved from /home/airflow/.local/lib/python3.6/site-packages/airflow/example_dags/example_subdag_operator.py
[2021-07-16 08:37:52,278] {logging_mixin.py:104} INFO - [2021-07-16 08:37:52,278] {dag.py:1833} INFO - Sync 3 DAGs
[2021-07-16 08:37:52,310] {logging_mixin.py:104} INFO - [2021-07-16 08:37:52,310] {dag.py:2306} INFO - Setting next_dagrun for example_subdag_operator to 2021-07-14 00:00:00+00:00
[2021-07-16 08:37:52,312] {logging_mixin.py:104} INFO - [2021-07-16 08:37:52,312] {dag.py:2306} INFO - Setting next_dagrun for example_subdag_operator.section-1 to None
[2021-07-16 08:37:52,314] {logging_mixin.py:104} INFO - [2021-07-16 08:37:52,313] {dag.py:2306} INFO - Setting next_dagrun for example_subdag_operator.section-2 to None
[2021-07-16 08:37:52,329] {logging_mixin.py:104} INFO - [2021-07-16 08:37:52,329] {dag.py:1833} INFO - Sync 2 DAGs
[2021-07-16 08:37:52,340] {logging_mixin.py:104} INFO - [2021-07-16 08:37:52,340] {dag.py:2306} INFO - Setting next_dagrun for example_subdag_operator.section-1 to None
[2021-07-16 08:37:52,341] {logging_mixin.py:104} INFO - [2021-07-16 08:37:52,341] {dag.py:2306} INFO - Setting next_dagrun for example_subdag_operator.section-2 to None
[2021-07-16 08:37:52,350] {scheduler_job.py:189} INFO - Processing /home/airflow/.local/lib/python3.6/site-packages/airflow/example_dags/example_subdag_operator.py took 0.221 seconds
[2021-07-16 08:38:35,248] {scheduler_job.py:181} INFO - Started process (PID=510) to work on /home/airflow/.local/lib/python3.6/site-packages/airflow/example_dags/example_subdag_operator.py
[2021-07-16 08:38:35,256] {scheduler_job.py:632} INFO - Processing file /home/airflow/.local/lib/python3.6/site-packages/airflow/example_dags/example_subdag_operator.py for tasks to queue
[2021-07-16 08:38:35,263] {logging_mixin.py:104} INFO - [2021-07-16 08:38:35,262] {dagbag.py:496} INFO - Filling up the DagBag from /home/airflow/.local/lib/python3.6/site-packages/airflow/example_dags/example_subdag_operator.py
[2021-07-16 08:38:35,501] {scheduler_job.py:642} INFO - DAG(s) dict_keys(['example_subdag_operator.section-1', 'example_subdag_operator.section-2', 'example_subdag_operator']) retrieved from /home/airflow/.local/lib/python3.6/site-packages/airflow/example_dags/example_subdag_operator.py
[2021-07-16 08:38:35,546] {logging_mixin.py:104} INFO - [2021-07-16 08:38:35,545] {dag.py:1833} INFO - Sync 3 DAGs
[2021-07-16 08:38:35,586] {logging_mixin.py:104} INFO - [2021-07-16 08:38:35,586] {dag.py:2306} INFO - Setting next_dagrun for example_subdag_operator to 2021-07-14 00:00:00+00:00
[2021-07-16 08:38:35,589] {logging_mixin.py:104} INFO - [2021-07-16 08:38:35,589] {dag.py:2306} INFO - Setting next_dagrun for example_subdag_operator.section-1 to None
[2021-07-16 08:38:35,591] {logging_mixin.py:104} INFO - [2021-07-16 08:38:35,591] {dag.py:2306} INFO - Setting next_dagrun for example_subdag_operator.section-2 to None
[2021-07-16 08:38:35,621] {logging_mixin.py:104} INFO - [2021-07-16 08:38:35,621] {dag.py:1833} INFO - Sync 2 DAGs
[2021-07-16 08:38:35,659] {logging_mixin.py:104} INFO - [2021-07-16 08:38:35,659] {dag.py:2306} INFO - Setting next_dagrun for example_subdag_operator.section-1 to None
[2021-07-16 08:38:35,661] {logging_mixin.py:104} INFO - [2021-07-16 08:38:35,661] {dag.py:2306} INFO - Setting next_dagrun for example_subdag_operator.section-2 to None
[2021-07-16 08:38:35,680] {scheduler_job.py:189} INFO - Processing /home/airflow/.local/lib/python3.6/site-packages/airflow/example_dags/example_subdag_operator.py took 0.451 seconds
