[2021-07-16 08:26:30,490] {scheduler_job.py:181} INFO - Started process (PID=57) to work on /home/airflow/.local/lib/python3.6/site-packages/airflow/example_dags/example_kubernetes_executor_config.py
[2021-07-16 08:26:30,492] {scheduler_job.py:632} INFO - Processing file /home/airflow/.local/lib/python3.6/site-packages/airflow/example_dags/example_kubernetes_executor_config.py for tasks to queue
[2021-07-16 08:26:30,495] {logging_mixin.py:104} INFO - [2021-07-16 08:26:30,494] {dagbag.py:496} INFO - Filling up the DagBag from /home/airflow/.local/lib/python3.6/site-packages/airflow/example_dags/example_kubernetes_executor_config.py
[2021-07-16 08:26:30,552] {scheduler_job.py:642} INFO - DAG(s) dict_keys(['example_kubernetes_executor_config']) retrieved from /home/airflow/.local/lib/python3.6/site-packages/airflow/example_dags/example_kubernetes_executor_config.py
[2021-07-16 08:26:34,627] {logging_mixin.py:104} INFO - [2021-07-16 08:26:34,625] {dag.py:1833} INFO - Sync 1 DAGs
[2021-07-16 08:26:34,645] {logging_mixin.py:104} INFO - [2021-07-16 08:26:34,643] {dag.py:1852} INFO - Creating ORM DAG for example_kubernetes_executor_config
[2021-07-16 08:26:34,654] {logging_mixin.py:104} INFO - [2021-07-16 08:26:34,654] {dag.py:2306} INFO - Setting next_dagrun for example_kubernetes_executor_config to None
[2021-07-16 08:26:34,687] {scheduler_job.py:189} INFO - Processing /home/airflow/.local/lib/python3.6/site-packages/airflow/example_dags/example_kubernetes_executor_config.py took 4.203 seconds
[2021-07-16 08:28:26,086] {scheduler_job.py:181} INFO - Started process (PID=248) to work on /home/airflow/.local/lib/python3.6/site-packages/airflow/example_dags/example_kubernetes_executor_config.py
[2021-07-16 08:28:26,090] {scheduler_job.py:632} INFO - Processing file /home/airflow/.local/lib/python3.6/site-packages/airflow/example_dags/example_kubernetes_executor_config.py for tasks to queue
[2021-07-16 08:28:26,095] {logging_mixin.py:104} INFO - [2021-07-16 08:28:26,094] {dagbag.py:496} INFO - Filling up the DagBag from /home/airflow/.local/lib/python3.6/site-packages/airflow/example_dags/example_kubernetes_executor_config.py
[2021-07-16 08:28:26,139] {scheduler_job.py:642} INFO - DAG(s) dict_keys(['example_kubernetes_executor_config']) retrieved from /home/airflow/.local/lib/python3.6/site-packages/airflow/example_dags/example_kubernetes_executor_config.py
[2021-07-16 08:28:26,183] {logging_mixin.py:104} INFO - [2021-07-16 08:28:26,183] {dag.py:1833} INFO - Sync 1 DAGs
[2021-07-16 08:28:26,218] {logging_mixin.py:104} INFO - [2021-07-16 08:28:26,218] {dag.py:2306} INFO - Setting next_dagrun for example_kubernetes_executor_config to None
[2021-07-16 08:28:26,250] {scheduler_job.py:189} INFO - Processing /home/airflow/.local/lib/python3.6/site-packages/airflow/example_dags/example_kubernetes_executor_config.py took 0.176 seconds
[2021-07-16 08:32:55,912] {scheduler_job.py:181} INFO - Started process (PID=42) to work on /home/airflow/.local/lib/python3.6/site-packages/airflow/example_dags/example_kubernetes_executor_config.py
[2021-07-16 08:32:55,915] {scheduler_job.py:632} INFO - Processing file /home/airflow/.local/lib/python3.6/site-packages/airflow/example_dags/example_kubernetes_executor_config.py for tasks to queue
[2021-07-16 08:32:55,917] {logging_mixin.py:104} INFO - [2021-07-16 08:32:55,917] {dagbag.py:496} INFO - Filling up the DagBag from /home/airflow/.local/lib/python3.6/site-packages/airflow/example_dags/example_kubernetes_executor_config.py
[2021-07-16 08:32:56,015] {scheduler_job.py:642} INFO - DAG(s) dict_keys(['example_kubernetes_executor_config']) retrieved from /home/airflow/.local/lib/python3.6/site-packages/airflow/example_dags/example_kubernetes_executor_config.py
[2021-07-16 08:32:56,167] {logging_mixin.py:104} INFO - [2021-07-16 08:32:56,166] {dag.py:1833} INFO - Sync 1 DAGs
[2021-07-16 08:32:56,284] {logging_mixin.py:104} INFO - [2021-07-16 08:32:56,283] {dag.py:2306} INFO - Setting next_dagrun for example_kubernetes_executor_config to None
[2021-07-16 08:32:56,360] {scheduler_job.py:189} INFO - Processing /home/airflow/.local/lib/python3.6/site-packages/airflow/example_dags/example_kubernetes_executor_config.py took 0.468 seconds
[2021-07-16 08:33:26,849] {scheduler_job.py:181} INFO - Started process (PID=84) to work on /home/airflow/.local/lib/python3.6/site-packages/airflow/example_dags/example_kubernetes_executor_config.py
[2021-07-16 08:33:26,857] {scheduler_job.py:632} INFO - Processing file /home/airflow/.local/lib/python3.6/site-packages/airflow/example_dags/example_kubernetes_executor_config.py for tasks to queue
[2021-07-16 08:33:26,864] {logging_mixin.py:104} INFO - [2021-07-16 08:33:26,864] {dagbag.py:496} INFO - Filling up the DagBag from /home/airflow/.local/lib/python3.6/site-packages/airflow/example_dags/example_kubernetes_executor_config.py
[2021-07-16 08:33:27,028] {scheduler_job.py:642} INFO - DAG(s) dict_keys(['example_kubernetes_executor_config']) retrieved from /home/airflow/.local/lib/python3.6/site-packages/airflow/example_dags/example_kubernetes_executor_config.py
[2021-07-16 08:33:27,155] {logging_mixin.py:104} INFO - [2021-07-16 08:33:27,155] {dag.py:1833} INFO - Sync 1 DAGs
[2021-07-16 08:33:27,191] {logging_mixin.py:104} INFO - [2021-07-16 08:33:27,191] {dag.py:2306} INFO - Setting next_dagrun for example_kubernetes_executor_config to None
[2021-07-16 08:33:27,226] {scheduler_job.py:189} INFO - Processing /home/airflow/.local/lib/python3.6/site-packages/airflow/example_dags/example_kubernetes_executor_config.py took 0.413 seconds
[2021-07-16 08:33:57,623] {scheduler_job.py:181} INFO - Started process (PID=127) to work on /home/airflow/.local/lib/python3.6/site-packages/airflow/example_dags/example_kubernetes_executor_config.py
[2021-07-16 08:33:57,629] {scheduler_job.py:632} INFO - Processing file /home/airflow/.local/lib/python3.6/site-packages/airflow/example_dags/example_kubernetes_executor_config.py for tasks to queue
[2021-07-16 08:33:57,634] {logging_mixin.py:104} INFO - [2021-07-16 08:33:57,634] {dagbag.py:496} INFO - Filling up the DagBag from /home/airflow/.local/lib/python3.6/site-packages/airflow/example_dags/example_kubernetes_executor_config.py
[2021-07-16 08:33:57,760] {scheduler_job.py:642} INFO - DAG(s) dict_keys(['example_kubernetes_executor_config']) retrieved from /home/airflow/.local/lib/python3.6/site-packages/airflow/example_dags/example_kubernetes_executor_config.py
[2021-07-16 08:33:57,857] {logging_mixin.py:104} INFO - [2021-07-16 08:33:57,857] {dag.py:1833} INFO - Sync 1 DAGs
[2021-07-16 08:33:57,915] {logging_mixin.py:104} INFO - [2021-07-16 08:33:57,915] {dag.py:2306} INFO - Setting next_dagrun for example_kubernetes_executor_config to None
[2021-07-16 08:33:57,958] {scheduler_job.py:189} INFO - Processing /home/airflow/.local/lib/python3.6/site-packages/airflow/example_dags/example_kubernetes_executor_config.py took 0.348 seconds
[2021-07-16 08:34:32,569] {scheduler_job.py:181} INFO - Started process (PID=177) to work on /home/airflow/.local/lib/python3.6/site-packages/airflow/example_dags/example_kubernetes_executor_config.py
[2021-07-16 08:34:32,573] {scheduler_job.py:632} INFO - Processing file /home/airflow/.local/lib/python3.6/site-packages/airflow/example_dags/example_kubernetes_executor_config.py for tasks to queue
[2021-07-16 08:34:32,574] {logging_mixin.py:104} INFO - [2021-07-16 08:34:32,574] {dagbag.py:496} INFO - Filling up the DagBag from /home/airflow/.local/lib/python3.6/site-packages/airflow/example_dags/example_kubernetes_executor_config.py
[2021-07-16 08:34:32,653] {scheduler_job.py:642} INFO - DAG(s) dict_keys(['example_kubernetes_executor_config']) retrieved from /home/airflow/.local/lib/python3.6/site-packages/airflow/example_dags/example_kubernetes_executor_config.py
[2021-07-16 08:34:32,746] {logging_mixin.py:104} INFO - [2021-07-16 08:34:32,746] {dag.py:1833} INFO - Sync 1 DAGs
[2021-07-16 08:34:32,790] {logging_mixin.py:104} INFO - [2021-07-16 08:34:32,790] {dag.py:2306} INFO - Setting next_dagrun for example_kubernetes_executor_config to None
[2021-07-16 08:34:32,815] {scheduler_job.py:189} INFO - Processing /home/airflow/.local/lib/python3.6/site-packages/airflow/example_dags/example_kubernetes_executor_config.py took 0.265 seconds
[2021-07-16 08:35:07,075] {scheduler_job.py:181} INFO - Started process (PID=226) to work on /home/airflow/.local/lib/python3.6/site-packages/airflow/example_dags/example_kubernetes_executor_config.py
[2021-07-16 08:35:07,078] {scheduler_job.py:632} INFO - Processing file /home/airflow/.local/lib/python3.6/site-packages/airflow/example_dags/example_kubernetes_executor_config.py for tasks to queue
[2021-07-16 08:35:07,080] {logging_mixin.py:104} INFO - [2021-07-16 08:35:07,080] {dagbag.py:496} INFO - Filling up the DagBag from /home/airflow/.local/lib/python3.6/site-packages/airflow/example_dags/example_kubernetes_executor_config.py
[2021-07-16 08:35:07,144] {scheduler_job.py:642} INFO - DAG(s) dict_keys(['example_kubernetes_executor_config']) retrieved from /home/airflow/.local/lib/python3.6/site-packages/airflow/example_dags/example_kubernetes_executor_config.py
[2021-07-16 08:35:07,195] {logging_mixin.py:104} INFO - [2021-07-16 08:35:07,195] {dag.py:1833} INFO - Sync 1 DAGs
[2021-07-16 08:35:07,263] {logging_mixin.py:104} INFO - [2021-07-16 08:35:07,260] {dag.py:2306} INFO - Setting next_dagrun for example_kubernetes_executor_config to None
[2021-07-16 08:35:07,279] {scheduler_job.py:189} INFO - Processing /home/airflow/.local/lib/python3.6/site-packages/airflow/example_dags/example_kubernetes_executor_config.py took 0.212 seconds
[2021-07-16 08:35:57,369] {scheduler_job.py:181} INFO - Started process (PID=276) to work on /home/airflow/.local/lib/python3.6/site-packages/airflow/example_dags/example_kubernetes_executor_config.py
[2021-07-16 08:35:57,372] {scheduler_job.py:632} INFO - Processing file /home/airflow/.local/lib/python3.6/site-packages/airflow/example_dags/example_kubernetes_executor_config.py for tasks to queue
[2021-07-16 08:35:57,378] {logging_mixin.py:104} INFO - [2021-07-16 08:35:57,378] {dagbag.py:496} INFO - Filling up the DagBag from /home/airflow/.local/lib/python3.6/site-packages/airflow/example_dags/example_kubernetes_executor_config.py
[2021-07-16 08:35:57,459] {scheduler_job.py:642} INFO - DAG(s) dict_keys(['example_kubernetes_executor_config']) retrieved from /home/airflow/.local/lib/python3.6/site-packages/airflow/example_dags/example_kubernetes_executor_config.py
[2021-07-16 08:35:57,555] {logging_mixin.py:104} INFO - [2021-07-16 08:35:57,555] {dag.py:1833} INFO - Sync 1 DAGs
[2021-07-16 08:35:57,609] {logging_mixin.py:104} INFO - [2021-07-16 08:35:57,609] {dag.py:2306} INFO - Setting next_dagrun for example_kubernetes_executor_config to None
[2021-07-16 08:35:57,646] {scheduler_job.py:189} INFO - Processing /home/airflow/.local/lib/python3.6/site-packages/airflow/example_dags/example_kubernetes_executor_config.py took 0.285 seconds
[2021-07-16 08:36:30,319] {scheduler_job.py:181} INFO - Started process (PID=339) to work on /home/airflow/.local/lib/python3.6/site-packages/airflow/example_dags/example_kubernetes_executor_config.py
[2021-07-16 08:36:30,334] {scheduler_job.py:632} INFO - Processing file /home/airflow/.local/lib/python3.6/site-packages/airflow/example_dags/example_kubernetes_executor_config.py for tasks to queue
[2021-07-16 08:36:30,346] {logging_mixin.py:104} INFO - [2021-07-16 08:36:30,345] {dagbag.py:496} INFO - Filling up the DagBag from /home/airflow/.local/lib/python3.6/site-packages/airflow/example_dags/example_kubernetes_executor_config.py
[2021-07-16 08:36:30,544] {scheduler_job.py:642} INFO - DAG(s) dict_keys(['example_kubernetes_executor_config']) retrieved from /home/airflow/.local/lib/python3.6/site-packages/airflow/example_dags/example_kubernetes_executor_config.py
[2021-07-16 08:36:30,845] {logging_mixin.py:104} INFO - [2021-07-16 08:36:30,845] {dag.py:1833} INFO - Sync 1 DAGs
[2021-07-16 08:36:30,939] {logging_mixin.py:104} INFO - [2021-07-16 08:36:30,939] {dag.py:2306} INFO - Setting next_dagrun for example_kubernetes_executor_config to None
[2021-07-16 08:36:30,976] {scheduler_job.py:189} INFO - Processing /home/airflow/.local/lib/python3.6/site-packages/airflow/example_dags/example_kubernetes_executor_config.py took 0.673 seconds
[2021-07-16 08:37:08,299] {scheduler_job.py:181} INFO - Started process (PID=390) to work on /home/airflow/.local/lib/python3.6/site-packages/airflow/example_dags/example_kubernetes_executor_config.py
[2021-07-16 08:37:08,328] {scheduler_job.py:632} INFO - Processing file /home/airflow/.local/lib/python3.6/site-packages/airflow/example_dags/example_kubernetes_executor_config.py for tasks to queue
[2021-07-16 08:37:08,336] {logging_mixin.py:104} INFO - [2021-07-16 08:37:08,336] {dagbag.py:496} INFO - Filling up the DagBag from /home/airflow/.local/lib/python3.6/site-packages/airflow/example_dags/example_kubernetes_executor_config.py
[2021-07-16 08:37:08,435] {scheduler_job.py:642} INFO - DAG(s) dict_keys(['example_kubernetes_executor_config']) retrieved from /home/airflow/.local/lib/python3.6/site-packages/airflow/example_dags/example_kubernetes_executor_config.py
[2021-07-16 08:37:08,499] {logging_mixin.py:104} INFO - [2021-07-16 08:37:08,498] {dag.py:1833} INFO - Sync 1 DAGs
[2021-07-16 08:37:08,561] {logging_mixin.py:104} INFO - [2021-07-16 08:37:08,560] {dag.py:2306} INFO - Setting next_dagrun for example_kubernetes_executor_config to None
[2021-07-16 08:37:08,615] {scheduler_job.py:189} INFO - Processing /home/airflow/.local/lib/python3.6/site-packages/airflow/example_dags/example_kubernetes_executor_config.py took 0.329 seconds
[2021-07-16 08:37:51,824] {scheduler_job.py:181} INFO - Started process (PID=447) to work on /home/airflow/.local/lib/python3.6/site-packages/airflow/example_dags/example_kubernetes_executor_config.py
[2021-07-16 08:37:51,827] {scheduler_job.py:632} INFO - Processing file /home/airflow/.local/lib/python3.6/site-packages/airflow/example_dags/example_kubernetes_executor_config.py for tasks to queue
[2021-07-16 08:37:51,830] {logging_mixin.py:104} INFO - [2021-07-16 08:37:51,830] {dagbag.py:496} INFO - Filling up the DagBag from /home/airflow/.local/lib/python3.6/site-packages/airflow/example_dags/example_kubernetes_executor_config.py
[2021-07-16 08:37:51,888] {scheduler_job.py:642} INFO - DAG(s) dict_keys(['example_kubernetes_executor_config']) retrieved from /home/airflow/.local/lib/python3.6/site-packages/airflow/example_dags/example_kubernetes_executor_config.py
[2021-07-16 08:37:51,974] {logging_mixin.py:104} INFO - [2021-07-16 08:37:51,973] {dag.py:1833} INFO - Sync 1 DAGs
[2021-07-16 08:37:52,046] {logging_mixin.py:104} INFO - [2021-07-16 08:37:52,046] {dag.py:2306} INFO - Setting next_dagrun for example_kubernetes_executor_config to None
[2021-07-16 08:37:52,102] {scheduler_job.py:189} INFO - Processing /home/airflow/.local/lib/python3.6/site-packages/airflow/example_dags/example_kubernetes_executor_config.py took 0.296 seconds
[2021-07-16 08:38:34,952] {scheduler_job.py:181} INFO - Started process (PID=507) to work on /home/airflow/.local/lib/python3.6/site-packages/airflow/example_dags/example_kubernetes_executor_config.py
[2021-07-16 08:38:34,955] {scheduler_job.py:632} INFO - Processing file /home/airflow/.local/lib/python3.6/site-packages/airflow/example_dags/example_kubernetes_executor_config.py for tasks to queue
[2021-07-16 08:38:34,960] {logging_mixin.py:104} INFO - [2021-07-16 08:38:34,960] {dagbag.py:496} INFO - Filling up the DagBag from /home/airflow/.local/lib/python3.6/site-packages/airflow/example_dags/example_kubernetes_executor_config.py
[2021-07-16 08:38:35,064] {scheduler_job.py:642} INFO - DAG(s) dict_keys(['example_kubernetes_executor_config']) retrieved from /home/airflow/.local/lib/python3.6/site-packages/airflow/example_dags/example_kubernetes_executor_config.py
[2021-07-16 08:38:35,140] {logging_mixin.py:104} INFO - [2021-07-16 08:38:35,140] {dag.py:1833} INFO - Sync 1 DAGs
[2021-07-16 08:38:35,203] {logging_mixin.py:104} INFO - [2021-07-16 08:38:35,203] {dag.py:2306} INFO - Setting next_dagrun for example_kubernetes_executor_config to None
[2021-07-16 08:38:35,235] {scheduler_job.py:189} INFO - Processing /home/airflow/.local/lib/python3.6/site-packages/airflow/example_dags/example_kubernetes_executor_config.py took 0.305 seconds
