[2021-07-16 08:28:20,805] {scheduler_job.py:181} INFO - Started process (PID=224) to work on /home/airflow/.local/lib/python3.6/site-packages/airflow/example_dags/example_task_group.py
[2021-07-16 08:28:20,808] {scheduler_job.py:632} INFO - Processing file /home/airflow/.local/lib/python3.6/site-packages/airflow/example_dags/example_task_group.py for tasks to queue
[2021-07-16 08:28:20,813] {logging_mixin.py:104} INFO - [2021-07-16 08:28:20,812] {dagbag.py:496} INFO - Filling up the DagBag from /home/airflow/.local/lib/python3.6/site-packages/airflow/example_dags/example_task_group.py
[2021-07-16 08:28:20,850] {scheduler_job.py:642} INFO - DAG(s) dict_keys(['example_task_group']) retrieved from /home/airflow/.local/lib/python3.6/site-packages/airflow/example_dags/example_task_group.py
[2021-07-16 08:28:24,727] {logging_mixin.py:104} INFO - [2021-07-16 08:28:24,724] {dag.py:1833} INFO - Sync 1 DAGs
[2021-07-16 08:28:24,744] {logging_mixin.py:104} INFO - [2021-07-16 08:28:24,742] {dag.py:1852} INFO - Creating ORM DAG for example_task_group
[2021-07-16 08:28:24,753] {logging_mixin.py:104} INFO - [2021-07-16 08:28:24,753] {dag.py:2306} INFO - Setting next_dagrun for example_task_group to 2021-07-14 00:00:00+00:00
[2021-07-16 08:28:24,771] {scheduler_job.py:189} INFO - Processing /home/airflow/.local/lib/python3.6/site-packages/airflow/example_dags/example_task_group.py took 3.978 seconds
[2021-07-16 08:33:06,902] {scheduler_job.py:181} INFO - Started process (PID=66) to work on /home/airflow/.local/lib/python3.6/site-packages/airflow/example_dags/example_task_group.py
[2021-07-16 08:33:06,909] {scheduler_job.py:632} INFO - Processing file /home/airflow/.local/lib/python3.6/site-packages/airflow/example_dags/example_task_group.py for tasks to queue
[2021-07-16 08:33:06,915] {logging_mixin.py:104} INFO - [2021-07-16 08:33:06,914] {dagbag.py:496} INFO - Filling up the DagBag from /home/airflow/.local/lib/python3.6/site-packages/airflow/example_dags/example_task_group.py
[2021-07-16 08:33:06,975] {scheduler_job.py:642} INFO - DAG(s) dict_keys(['example_task_group']) retrieved from /home/airflow/.local/lib/python3.6/site-packages/airflow/example_dags/example_task_group.py
[2021-07-16 08:33:07,052] {logging_mixin.py:104} INFO - [2021-07-16 08:33:07,052] {dag.py:1833} INFO - Sync 1 DAGs
[2021-07-16 08:33:07,084] {logging_mixin.py:104} INFO - [2021-07-16 08:33:07,084] {dag.py:2306} INFO - Setting next_dagrun for example_task_group to 2021-07-14 00:00:00+00:00
[2021-07-16 08:33:07,126] {scheduler_job.py:189} INFO - Processing /home/airflow/.local/lib/python3.6/site-packages/airflow/example_dags/example_task_group.py took 0.234 seconds
[2021-07-16 08:33:56,444] {scheduler_job.py:181} INFO - Started process (PID=120) to work on /home/airflow/.local/lib/python3.6/site-packages/airflow/example_dags/example_task_group.py
[2021-07-16 08:33:56,448] {scheduler_job.py:632} INFO - Processing file /home/airflow/.local/lib/python3.6/site-packages/airflow/example_dags/example_task_group.py for tasks to queue
[2021-07-16 08:33:56,455] {logging_mixin.py:104} INFO - [2021-07-16 08:33:56,454] {dagbag.py:496} INFO - Filling up the DagBag from /home/airflow/.local/lib/python3.6/site-packages/airflow/example_dags/example_task_group.py
[2021-07-16 08:33:56,502] {scheduler_job.py:642} INFO - DAG(s) dict_keys(['example_task_group']) retrieved from /home/airflow/.local/lib/python3.6/site-packages/airflow/example_dags/example_task_group.py
[2021-07-16 08:33:56,549] {logging_mixin.py:104} INFO - [2021-07-16 08:33:56,549] {dag.py:1833} INFO - Sync 1 DAGs
[2021-07-16 08:33:56,582] {logging_mixin.py:104} INFO - [2021-07-16 08:33:56,582] {dag.py:2306} INFO - Setting next_dagrun for example_task_group to 2021-07-14 00:00:00+00:00
[2021-07-16 08:33:56,605] {scheduler_job.py:189} INFO - Processing /home/airflow/.local/lib/python3.6/site-packages/airflow/example_dags/example_task_group.py took 0.166 seconds
[2021-07-16 08:34:35,916] {scheduler_job.py:181} INFO - Started process (PID=197) to work on /home/airflow/.local/lib/python3.6/site-packages/airflow/example_dags/example_task_group.py
[2021-07-16 08:34:35,921] {scheduler_job.py:632} INFO - Processing file /home/airflow/.local/lib/python3.6/site-packages/airflow/example_dags/example_task_group.py for tasks to queue
[2021-07-16 08:34:35,924] {logging_mixin.py:104} INFO - [2021-07-16 08:34:35,924] {dagbag.py:496} INFO - Filling up the DagBag from /home/airflow/.local/lib/python3.6/site-packages/airflow/example_dags/example_task_group.py
[2021-07-16 08:34:35,972] {scheduler_job.py:642} INFO - DAG(s) dict_keys(['example_task_group']) retrieved from /home/airflow/.local/lib/python3.6/site-packages/airflow/example_dags/example_task_group.py
[2021-07-16 08:34:36,031] {logging_mixin.py:104} INFO - [2021-07-16 08:34:36,030] {dag.py:1833} INFO - Sync 1 DAGs
[2021-07-16 08:34:36,072] {logging_mixin.py:104} INFO - [2021-07-16 08:34:36,072] {dag.py:2306} INFO - Setting next_dagrun for example_task_group to 2021-07-14 00:00:00+00:00
[2021-07-16 08:34:36,091] {scheduler_job.py:189} INFO - Processing /home/airflow/.local/lib/python3.6/site-packages/airflow/example_dags/example_task_group.py took 0.183 seconds
[2021-07-16 08:35:11,187] {scheduler_job.py:181} INFO - Started process (PID=248) to work on /home/airflow/.local/lib/python3.6/site-packages/airflow/example_dags/example_task_group.py
[2021-07-16 08:35:11,191] {scheduler_job.py:632} INFO - Processing file /home/airflow/.local/lib/python3.6/site-packages/airflow/example_dags/example_task_group.py for tasks to queue
[2021-07-16 08:35:11,194] {logging_mixin.py:104} INFO - [2021-07-16 08:35:11,193] {dagbag.py:496} INFO - Filling up the DagBag from /home/airflow/.local/lib/python3.6/site-packages/airflow/example_dags/example_task_group.py
[2021-07-16 08:35:11,238] {scheduler_job.py:642} INFO - DAG(s) dict_keys(['example_task_group']) retrieved from /home/airflow/.local/lib/python3.6/site-packages/airflow/example_dags/example_task_group.py
[2021-07-16 08:35:11,278] {logging_mixin.py:104} INFO - [2021-07-16 08:35:11,278] {dag.py:1833} INFO - Sync 1 DAGs
[2021-07-16 08:35:11,304] {logging_mixin.py:104} INFO - [2021-07-16 08:35:11,304] {dag.py:2306} INFO - Setting next_dagrun for example_task_group to 2021-07-14 00:00:00+00:00
[2021-07-16 08:35:11,320] {scheduler_job.py:189} INFO - Processing /home/airflow/.local/lib/python3.6/site-packages/airflow/example_dags/example_task_group.py took 0.147 seconds
[2021-07-16 08:36:04,344] {scheduler_job.py:181} INFO - Started process (PID=313) to work on /home/airflow/.local/lib/python3.6/site-packages/airflow/example_dags/example_task_group.py
[2021-07-16 08:36:04,357] {scheduler_job.py:632} INFO - Processing file /home/airflow/.local/lib/python3.6/site-packages/airflow/example_dags/example_task_group.py for tasks to queue
[2021-07-16 08:36:04,361] {logging_mixin.py:104} INFO - [2021-07-16 08:36:04,360] {dagbag.py:496} INFO - Filling up the DagBag from /home/airflow/.local/lib/python3.6/site-packages/airflow/example_dags/example_task_group.py
[2021-07-16 08:36:04,415] {scheduler_job.py:642} INFO - DAG(s) dict_keys(['example_task_group']) retrieved from /home/airflow/.local/lib/python3.6/site-packages/airflow/example_dags/example_task_group.py
[2021-07-16 08:36:04,511] {logging_mixin.py:104} INFO - [2021-07-16 08:36:04,511] {dag.py:1833} INFO - Sync 1 DAGs
[2021-07-16 08:36:04,553] {logging_mixin.py:104} INFO - [2021-07-16 08:36:04,552] {dag.py:2306} INFO - Setting next_dagrun for example_task_group to 2021-07-14 00:00:00+00:00
[2021-07-16 08:36:04,620] {scheduler_job.py:189} INFO - Processing /home/airflow/.local/lib/python3.6/site-packages/airflow/example_dags/example_task_group.py took 0.287 seconds
[2021-07-16 08:36:36,936] {scheduler_job.py:181} INFO - Started process (PID=366) to work on /home/airflow/.local/lib/python3.6/site-packages/airflow/example_dags/example_task_group.py
[2021-07-16 08:36:36,952] {scheduler_job.py:632} INFO - Processing file /home/airflow/.local/lib/python3.6/site-packages/airflow/example_dags/example_task_group.py for tasks to queue
[2021-07-16 08:36:36,965] {logging_mixin.py:104} INFO - [2021-07-16 08:36:36,963] {dagbag.py:496} INFO - Filling up the DagBag from /home/airflow/.local/lib/python3.6/site-packages/airflow/example_dags/example_task_group.py
[2021-07-16 08:36:37,060] {scheduler_job.py:642} INFO - DAG(s) dict_keys(['example_task_group']) retrieved from /home/airflow/.local/lib/python3.6/site-packages/airflow/example_dags/example_task_group.py
[2021-07-16 08:36:37,103] {logging_mixin.py:104} INFO - [2021-07-16 08:36:37,103] {dag.py:1833} INFO - Sync 1 DAGs
[2021-07-16 08:36:37,131] {logging_mixin.py:104} INFO - [2021-07-16 08:36:37,131] {dag.py:2306} INFO - Setting next_dagrun for example_task_group to 2021-07-14 00:00:00+00:00
[2021-07-16 08:36:37,183] {scheduler_job.py:189} INFO - Processing /home/airflow/.local/lib/python3.6/site-packages/airflow/example_dags/example_task_group.py took 0.274 seconds
[2021-07-16 08:37:13,404] {scheduler_job.py:181} INFO - Started process (PID=417) to work on /home/airflow/.local/lib/python3.6/site-packages/airflow/example_dags/example_task_group.py
[2021-07-16 08:37:13,408] {scheduler_job.py:632} INFO - Processing file /home/airflow/.local/lib/python3.6/site-packages/airflow/example_dags/example_task_group.py for tasks to queue
[2021-07-16 08:37:13,411] {logging_mixin.py:104} INFO - [2021-07-16 08:37:13,411] {dagbag.py:496} INFO - Filling up the DagBag from /home/airflow/.local/lib/python3.6/site-packages/airflow/example_dags/example_task_group.py
[2021-07-16 08:37:13,477] {scheduler_job.py:642} INFO - DAG(s) dict_keys(['example_task_group']) retrieved from /home/airflow/.local/lib/python3.6/site-packages/airflow/example_dags/example_task_group.py
[2021-07-16 08:37:13,577] {logging_mixin.py:104} INFO - [2021-07-16 08:37:13,576] {dag.py:1833} INFO - Sync 1 DAGs
[2021-07-16 08:37:13,628] {logging_mixin.py:104} INFO - [2021-07-16 08:37:13,628] {dag.py:2306} INFO - Setting next_dagrun for example_task_group to 2021-07-14 00:00:00+00:00
[2021-07-16 08:37:13,659] {scheduler_job.py:189} INFO - Processing /home/airflow/.local/lib/python3.6/site-packages/airflow/example_dags/example_task_group.py took 0.262 seconds
[2021-07-16 08:37:56,548] {scheduler_job.py:181} INFO - Started process (PID=471) to work on /home/airflow/.local/lib/python3.6/site-packages/airflow/example_dags/example_task_group.py
[2021-07-16 08:37:56,552] {scheduler_job.py:632} INFO - Processing file /home/airflow/.local/lib/python3.6/site-packages/airflow/example_dags/example_task_group.py for tasks to queue
[2021-07-16 08:37:56,557] {logging_mixin.py:104} INFO - [2021-07-16 08:37:56,557] {dagbag.py:496} INFO - Filling up the DagBag from /home/airflow/.local/lib/python3.6/site-packages/airflow/example_dags/example_task_group.py
[2021-07-16 08:37:56,605] {scheduler_job.py:642} INFO - DAG(s) dict_keys(['example_task_group']) retrieved from /home/airflow/.local/lib/python3.6/site-packages/airflow/example_dags/example_task_group.py
[2021-07-16 08:37:56,684] {logging_mixin.py:104} INFO - [2021-07-16 08:37:56,684] {dag.py:1833} INFO - Sync 1 DAGs
[2021-07-16 08:37:56,771] {logging_mixin.py:104} INFO - [2021-07-16 08:37:56,770] {dag.py:2306} INFO - Setting next_dagrun for example_task_group to 2021-07-14 00:00:00+00:00
[2021-07-16 08:37:56,805] {scheduler_job.py:189} INFO - Processing /home/airflow/.local/lib/python3.6/site-packages/airflow/example_dags/example_task_group.py took 0.272 seconds
[2021-07-16 08:38:39,101] {scheduler_job.py:181} INFO - Started process (PID=534) to work on /home/airflow/.local/lib/python3.6/site-packages/airflow/example_dags/example_task_group.py
[2021-07-16 08:38:39,108] {scheduler_job.py:632} INFO - Processing file /home/airflow/.local/lib/python3.6/site-packages/airflow/example_dags/example_task_group.py for tasks to queue
[2021-07-16 08:38:39,112] {logging_mixin.py:104} INFO - [2021-07-16 08:38:39,111] {dagbag.py:496} INFO - Filling up the DagBag from /home/airflow/.local/lib/python3.6/site-packages/airflow/example_dags/example_task_group.py
[2021-07-16 08:38:39,147] {scheduler_job.py:642} INFO - DAG(s) dict_keys(['example_task_group']) retrieved from /home/airflow/.local/lib/python3.6/site-packages/airflow/example_dags/example_task_group.py
[2021-07-16 08:38:39,212] {logging_mixin.py:104} INFO - [2021-07-16 08:38:39,211] {dag.py:1833} INFO - Sync 1 DAGs
[2021-07-16 08:38:39,251] {logging_mixin.py:104} INFO - [2021-07-16 08:38:39,251] {dag.py:2306} INFO - Setting next_dagrun for example_task_group to 2021-07-14 00:00:00+00:00
[2021-07-16 08:38:39,272] {scheduler_job.py:189} INFO - Processing /home/airflow/.local/lib/python3.6/site-packages/airflow/example_dags/example_task_group.py took 0.177 seconds
