[2021-07-16 08:27:23,842] {scheduler_job.py:181} INFO - Started process (PID=162) to work on /home/airflow/.local/lib/python3.6/site-packages/airflow/example_dags/example_external_task_marker_dag.py
[2021-07-16 08:27:23,846] {scheduler_job.py:632} INFO - Processing file /home/airflow/.local/lib/python3.6/site-packages/airflow/example_dags/example_external_task_marker_dag.py for tasks to queue
[2021-07-16 08:27:23,850] {logging_mixin.py:104} INFO - [2021-07-16 08:27:23,850] {dagbag.py:496} INFO - Filling up the DagBag from /home/airflow/.local/lib/python3.6/site-packages/airflow/example_dags/example_external_task_marker_dag.py
[2021-07-16 08:27:23,953] {scheduler_job.py:642} INFO - DAG(s) dict_keys(['example_external_task_marker_parent', 'example_external_task_marker_child']) retrieved from /home/airflow/.local/lib/python3.6/site-packages/airflow/example_dags/example_external_task_marker_dag.py
[2021-07-16 08:28:01,708] {logging_mixin.py:104} INFO - [2021-07-16 08:28:01,706] {dag.py:1833} INFO - Sync 2 DAGs
[2021-07-16 08:28:01,740] {logging_mixin.py:104} INFO - [2021-07-16 08:28:01,738] {dag.py:1852} INFO - Creating ORM DAG for example_external_task_marker_parent
[2021-07-16 08:28:01,742] {logging_mixin.py:104} INFO - [2021-07-16 08:28:01,742] {dag.py:1852} INFO - Creating ORM DAG for example_external_task_marker_child
[2021-07-16 08:28:01,750] {logging_mixin.py:104} INFO - [2021-07-16 08:28:01,750] {dag.py:2306} INFO - Setting next_dagrun for example_external_task_marker_child to None
[2021-07-16 08:28:01,752] {logging_mixin.py:104} INFO - [2021-07-16 08:28:01,752] {dag.py:2306} INFO - Setting next_dagrun for example_external_task_marker_parent to None
[2021-07-16 08:28:01,779] {scheduler_job.py:189} INFO - Processing /home/airflow/.local/lib/python3.6/site-packages/airflow/example_dags/example_external_task_marker_dag.py took 37.940 seconds
[2021-07-16 08:33:03,058] {scheduler_job.py:181} INFO - Started process (PID=56) to work on /home/airflow/.local/lib/python3.6/site-packages/airflow/example_dags/example_external_task_marker_dag.py
[2021-07-16 08:33:03,066] {scheduler_job.py:632} INFO - Processing file /home/airflow/.local/lib/python3.6/site-packages/airflow/example_dags/example_external_task_marker_dag.py for tasks to queue
[2021-07-16 08:33:03,073] {logging_mixin.py:104} INFO - [2021-07-16 08:33:03,072] {dagbag.py:496} INFO - Filling up the DagBag from /home/airflow/.local/lib/python3.6/site-packages/airflow/example_dags/example_external_task_marker_dag.py
[2021-07-16 08:33:03,152] {scheduler_job.py:642} INFO - DAG(s) dict_keys(['example_external_task_marker_parent', 'example_external_task_marker_child']) retrieved from /home/airflow/.local/lib/python3.6/site-packages/airflow/example_dags/example_external_task_marker_dag.py
[2021-07-16 08:33:04,341] {logging_mixin.py:104} INFO - [2021-07-16 08:33:04,341] {dag.py:1833} INFO - Sync 2 DAGs
[2021-07-16 08:33:04,414] {logging_mixin.py:104} INFO - [2021-07-16 08:33:04,414] {dag.py:2306} INFO - Setting next_dagrun for example_external_task_marker_child to None
[2021-07-16 08:33:04,420] {logging_mixin.py:104} INFO - [2021-07-16 08:33:04,420] {dag.py:2306} INFO - Setting next_dagrun for example_external_task_marker_parent to None
[2021-07-16 08:33:04,497] {scheduler_job.py:189} INFO - Processing /home/airflow/.local/lib/python3.6/site-packages/airflow/example_dags/example_external_task_marker_dag.py took 1.466 seconds
[2021-07-16 08:33:53,705] {scheduler_job.py:181} INFO - Started process (PID=110) to work on /home/airflow/.local/lib/python3.6/site-packages/airflow/example_dags/example_external_task_marker_dag.py
[2021-07-16 08:33:53,708] {scheduler_job.py:632} INFO - Processing file /home/airflow/.local/lib/python3.6/site-packages/airflow/example_dags/example_external_task_marker_dag.py for tasks to queue
[2021-07-16 08:33:53,711] {logging_mixin.py:104} INFO - [2021-07-16 08:33:53,711] {dagbag.py:496} INFO - Filling up the DagBag from /home/airflow/.local/lib/python3.6/site-packages/airflow/example_dags/example_external_task_marker_dag.py
[2021-07-16 08:33:53,759] {scheduler_job.py:642} INFO - DAG(s) dict_keys(['example_external_task_marker_parent', 'example_external_task_marker_child']) retrieved from /home/airflow/.local/lib/python3.6/site-packages/airflow/example_dags/example_external_task_marker_dag.py
[2021-07-16 08:33:54,740] {logging_mixin.py:104} INFO - [2021-07-16 08:33:54,740] {dag.py:1833} INFO - Sync 2 DAGs
[2021-07-16 08:33:54,813] {logging_mixin.py:104} INFO - [2021-07-16 08:33:54,812] {dag.py:2306} INFO - Setting next_dagrun for example_external_task_marker_child to None
[2021-07-16 08:33:54,816] {logging_mixin.py:104} INFO - [2021-07-16 08:33:54,816] {dag.py:2306} INFO - Setting next_dagrun for example_external_task_marker_parent to None
[2021-07-16 08:33:54,880] {scheduler_job.py:189} INFO - Processing /home/airflow/.local/lib/python3.6/site-packages/airflow/example_dags/example_external_task_marker_dag.py took 1.186 seconds
[2021-07-16 08:34:33,761] {scheduler_job.py:181} INFO - Started process (PID=187) to work on /home/airflow/.local/lib/python3.6/site-packages/airflow/example_dags/example_external_task_marker_dag.py
[2021-07-16 08:34:33,766] {scheduler_job.py:632} INFO - Processing file /home/airflow/.local/lib/python3.6/site-packages/airflow/example_dags/example_external_task_marker_dag.py for tasks to queue
[2021-07-16 08:34:33,770] {logging_mixin.py:104} INFO - [2021-07-16 08:34:33,770] {dagbag.py:496} INFO - Filling up the DagBag from /home/airflow/.local/lib/python3.6/site-packages/airflow/example_dags/example_external_task_marker_dag.py
[2021-07-16 08:34:33,803] {scheduler_job.py:642} INFO - DAG(s) dict_keys(['example_external_task_marker_parent', 'example_external_task_marker_child']) retrieved from /home/airflow/.local/lib/python3.6/site-packages/airflow/example_dags/example_external_task_marker_dag.py
[2021-07-16 08:34:34,197] {logging_mixin.py:104} INFO - [2021-07-16 08:34:34,197] {dag.py:1833} INFO - Sync 2 DAGs
[2021-07-16 08:34:34,221] {logging_mixin.py:104} INFO - [2021-07-16 08:34:34,221] {dag.py:2306} INFO - Setting next_dagrun for example_external_task_marker_child to None
[2021-07-16 08:34:34,226] {logging_mixin.py:104} INFO - [2021-07-16 08:34:34,225] {dag.py:2306} INFO - Setting next_dagrun for example_external_task_marker_parent to None
[2021-07-16 08:34:34,247] {scheduler_job.py:189} INFO - Processing /home/airflow/.local/lib/python3.6/site-packages/airflow/example_dags/example_external_task_marker_dag.py took 0.495 seconds
[2021-07-16 08:35:09,259] {scheduler_job.py:181} INFO - Started process (PID=238) to work on /home/airflow/.local/lib/python3.6/site-packages/airflow/example_dags/example_external_task_marker_dag.py
[2021-07-16 08:35:09,262] {scheduler_job.py:632} INFO - Processing file /home/airflow/.local/lib/python3.6/site-packages/airflow/example_dags/example_external_task_marker_dag.py for tasks to queue
[2021-07-16 08:35:09,264] {logging_mixin.py:104} INFO - [2021-07-16 08:35:09,264] {dagbag.py:496} INFO - Filling up the DagBag from /home/airflow/.local/lib/python3.6/site-packages/airflow/example_dags/example_external_task_marker_dag.py
[2021-07-16 08:35:09,287] {scheduler_job.py:642} INFO - DAG(s) dict_keys(['example_external_task_marker_parent', 'example_external_task_marker_child']) retrieved from /home/airflow/.local/lib/python3.6/site-packages/airflow/example_dags/example_external_task_marker_dag.py
[2021-07-16 08:35:09,348] {logging_mixin.py:104} INFO - [2021-07-16 08:35:09,347] {dag.py:1833} INFO - Sync 2 DAGs
[2021-07-16 08:35:09,390] {logging_mixin.py:104} INFO - [2021-07-16 08:35:09,389] {dag.py:2306} INFO - Setting next_dagrun for example_external_task_marker_child to None
[2021-07-16 08:35:09,396] {logging_mixin.py:104} INFO - [2021-07-16 08:35:09,395] {dag.py:2306} INFO - Setting next_dagrun for example_external_task_marker_parent to None
[2021-07-16 08:35:09,426] {scheduler_job.py:189} INFO - Processing /home/airflow/.local/lib/python3.6/site-packages/airflow/example_dags/example_external_task_marker_dag.py took 0.178 seconds
[2021-07-16 08:36:01,081] {scheduler_job.py:181} INFO - Started process (PID=302) to work on /home/airflow/.local/lib/python3.6/site-packages/airflow/example_dags/example_external_task_marker_dag.py
[2021-07-16 08:36:01,085] {scheduler_job.py:632} INFO - Processing file /home/airflow/.local/lib/python3.6/site-packages/airflow/example_dags/example_external_task_marker_dag.py for tasks to queue
[2021-07-16 08:36:01,090] {logging_mixin.py:104} INFO - [2021-07-16 08:36:01,089] {dagbag.py:496} INFO - Filling up the DagBag from /home/airflow/.local/lib/python3.6/site-packages/airflow/example_dags/example_external_task_marker_dag.py
[2021-07-16 08:36:01,194] {scheduler_job.py:642} INFO - DAG(s) dict_keys(['example_external_task_marker_parent', 'example_external_task_marker_child']) retrieved from /home/airflow/.local/lib/python3.6/site-packages/airflow/example_dags/example_external_task_marker_dag.py
[2021-07-16 08:36:02,527] {logging_mixin.py:104} INFO - [2021-07-16 08:36:02,526] {dag.py:1833} INFO - Sync 2 DAGs
[2021-07-16 08:36:02,618] {logging_mixin.py:104} INFO - [2021-07-16 08:36:02,618] {dag.py:2306} INFO - Setting next_dagrun for example_external_task_marker_child to None
[2021-07-16 08:36:02,622] {logging_mixin.py:104} INFO - [2021-07-16 08:36:02,622] {dag.py:2306} INFO - Setting next_dagrun for example_external_task_marker_parent to None
[2021-07-16 08:36:02,677] {scheduler_job.py:189} INFO - Processing /home/airflow/.local/lib/python3.6/site-packages/airflow/example_dags/example_external_task_marker_dag.py took 1.605 seconds
[2021-07-16 08:36:34,508] {scheduler_job.py:181} INFO - Started process (PID=357) to work on /home/airflow/.local/lib/python3.6/site-packages/airflow/example_dags/example_external_task_marker_dag.py
[2021-07-16 08:36:34,513] {scheduler_job.py:632} INFO - Processing file /home/airflow/.local/lib/python3.6/site-packages/airflow/example_dags/example_external_task_marker_dag.py for tasks to queue
[2021-07-16 08:36:34,515] {logging_mixin.py:104} INFO - [2021-07-16 08:36:34,515] {dagbag.py:496} INFO - Filling up the DagBag from /home/airflow/.local/lib/python3.6/site-packages/airflow/example_dags/example_external_task_marker_dag.py
[2021-07-16 08:36:34,539] {scheduler_job.py:642} INFO - DAG(s) dict_keys(['example_external_task_marker_parent', 'example_external_task_marker_child']) retrieved from /home/airflow/.local/lib/python3.6/site-packages/airflow/example_dags/example_external_task_marker_dag.py
[2021-07-16 08:36:35,235] {logging_mixin.py:104} INFO - [2021-07-16 08:36:35,235] {dag.py:1833} INFO - Sync 2 DAGs
[2021-07-16 08:36:35,268] {logging_mixin.py:104} INFO - [2021-07-16 08:36:35,268] {dag.py:2306} INFO - Setting next_dagrun for example_external_task_marker_child to None
[2021-07-16 08:36:35,270] {logging_mixin.py:104} INFO - [2021-07-16 08:36:35,270] {dag.py:2306} INFO - Setting next_dagrun for example_external_task_marker_parent to None
[2021-07-16 08:36:35,291] {scheduler_job.py:189} INFO - Processing /home/airflow/.local/lib/python3.6/site-packages/airflow/example_dags/example_external_task_marker_dag.py took 0.790 seconds
[2021-07-16 08:37:11,109] {scheduler_job.py:181} INFO - Started process (PID=407) to work on /home/airflow/.local/lib/python3.6/site-packages/airflow/example_dags/example_external_task_marker_dag.py
[2021-07-16 08:37:11,124] {scheduler_job.py:632} INFO - Processing file /home/airflow/.local/lib/python3.6/site-packages/airflow/example_dags/example_external_task_marker_dag.py for tasks to queue
[2021-07-16 08:37:11,129] {logging_mixin.py:104} INFO - [2021-07-16 08:37:11,129] {dagbag.py:496} INFO - Filling up the DagBag from /home/airflow/.local/lib/python3.6/site-packages/airflow/example_dags/example_external_task_marker_dag.py
[2021-07-16 08:37:11,194] {scheduler_job.py:642} INFO - DAG(s) dict_keys(['example_external_task_marker_parent', 'example_external_task_marker_child']) retrieved from /home/airflow/.local/lib/python3.6/site-packages/airflow/example_dags/example_external_task_marker_dag.py
[2021-07-16 08:37:11,267] {logging_mixin.py:104} INFO - [2021-07-16 08:37:11,267] {dag.py:1833} INFO - Sync 2 DAGs
[2021-07-16 08:37:11,307] {logging_mixin.py:104} INFO - [2021-07-16 08:37:11,307] {dag.py:2306} INFO - Setting next_dagrun for example_external_task_marker_child to None
[2021-07-16 08:37:11,312] {logging_mixin.py:104} INFO - [2021-07-16 08:37:11,312] {dag.py:2306} INFO - Setting next_dagrun for example_external_task_marker_parent to None
[2021-07-16 08:37:11,350] {scheduler_job.py:189} INFO - Processing /home/airflow/.local/lib/python3.6/site-packages/airflow/example_dags/example_external_task_marker_dag.py took 0.253 seconds
[2021-07-16 08:37:54,631] {scheduler_job.py:181} INFO - Started process (PID=461) to work on /home/airflow/.local/lib/python3.6/site-packages/airflow/example_dags/example_external_task_marker_dag.py
[2021-07-16 08:37:54,636] {scheduler_job.py:632} INFO - Processing file /home/airflow/.local/lib/python3.6/site-packages/airflow/example_dags/example_external_task_marker_dag.py for tasks to queue
[2021-07-16 08:37:54,640] {logging_mixin.py:104} INFO - [2021-07-16 08:37:54,639] {dagbag.py:496} INFO - Filling up the DagBag from /home/airflow/.local/lib/python3.6/site-packages/airflow/example_dags/example_external_task_marker_dag.py
[2021-07-16 08:37:54,665] {scheduler_job.py:642} INFO - DAG(s) dict_keys(['example_external_task_marker_parent', 'example_external_task_marker_child']) retrieved from /home/airflow/.local/lib/python3.6/site-packages/airflow/example_dags/example_external_task_marker_dag.py
[2021-07-16 08:37:54,717] {logging_mixin.py:104} INFO - [2021-07-16 08:37:54,716] {dag.py:1833} INFO - Sync 2 DAGs
[2021-07-16 08:37:54,746] {logging_mixin.py:104} INFO - [2021-07-16 08:37:54,746] {dag.py:2306} INFO - Setting next_dagrun for example_external_task_marker_child to None
[2021-07-16 08:37:54,748] {logging_mixin.py:104} INFO - [2021-07-16 08:37:54,748] {dag.py:2306} INFO - Setting next_dagrun for example_external_task_marker_parent to None
[2021-07-16 08:37:54,765] {scheduler_job.py:189} INFO - Processing /home/airflow/.local/lib/python3.6/site-packages/airflow/example_dags/example_external_task_marker_dag.py took 0.146 seconds
[2021-07-16 08:38:37,640] {scheduler_job.py:181} INFO - Started process (PID=524) to work on /home/airflow/.local/lib/python3.6/site-packages/airflow/example_dags/example_external_task_marker_dag.py
[2021-07-16 08:38:37,645] {scheduler_job.py:632} INFO - Processing file /home/airflow/.local/lib/python3.6/site-packages/airflow/example_dags/example_external_task_marker_dag.py for tasks to queue
[2021-07-16 08:38:37,650] {logging_mixin.py:104} INFO - [2021-07-16 08:38:37,649] {dagbag.py:496} INFO - Filling up the DagBag from /home/airflow/.local/lib/python3.6/site-packages/airflow/example_dags/example_external_task_marker_dag.py
[2021-07-16 08:38:37,682] {scheduler_job.py:642} INFO - DAG(s) dict_keys(['example_external_task_marker_parent', 'example_external_task_marker_child']) retrieved from /home/airflow/.local/lib/python3.6/site-packages/airflow/example_dags/example_external_task_marker_dag.py
[2021-07-16 08:38:37,761] {logging_mixin.py:104} INFO - [2021-07-16 08:38:37,761] {dag.py:1833} INFO - Sync 2 DAGs
[2021-07-16 08:38:37,800] {logging_mixin.py:104} INFO - [2021-07-16 08:38:37,800] {dag.py:2306} INFO - Setting next_dagrun for example_external_task_marker_child to None
[2021-07-16 08:38:37,803] {logging_mixin.py:104} INFO - [2021-07-16 08:38:37,803] {dag.py:2306} INFO - Setting next_dagrun for example_external_task_marker_parent to None
[2021-07-16 08:38:37,824] {scheduler_job.py:189} INFO - Processing /home/airflow/.local/lib/python3.6/site-packages/airflow/example_dags/example_external_task_marker_dag.py took 0.195 seconds
