[2021-07-16 08:26:39,683] {scheduler_job.py:181} INFO - Started process (PID=77) to work on /home/airflow/.local/lib/python3.6/site-packages/airflow/example_dags/example_kubernetes_executor.py
[2021-07-16 08:26:39,685] {scheduler_job.py:632} INFO - Processing file /home/airflow/.local/lib/python3.6/site-packages/airflow/example_dags/example_kubernetes_executor.py for tasks to queue
[2021-07-16 08:26:39,690] {logging_mixin.py:104} INFO - [2021-07-16 08:26:39,687] {dagbag.py:496} INFO - Filling up the DagBag from /home/airflow/.local/lib/python3.6/site-packages/airflow/example_dags/example_kubernetes_executor.py
[2021-07-16 08:26:39,761] {scheduler_job.py:642} INFO - DAG(s) dict_keys(['example_kubernetes_executor']) retrieved from /home/airflow/.local/lib/python3.6/site-packages/airflow/example_dags/example_kubernetes_executor.py
[2021-07-16 08:27:04,075] {logging_mixin.py:104} INFO - [2021-07-16 08:27:04,074] {dag.py:1833} INFO - Sync 1 DAGs
[2021-07-16 08:27:04,089] {logging_mixin.py:104} INFO - [2021-07-16 08:27:04,088] {dag.py:1852} INFO - Creating ORM DAG for example_kubernetes_executor
[2021-07-16 08:27:04,101] {logging_mixin.py:104} INFO - [2021-07-16 08:27:04,101] {dag.py:2306} INFO - Setting next_dagrun for example_kubernetes_executor to None
[2021-07-16 08:27:04,123] {scheduler_job.py:189} INFO - Processing /home/airflow/.local/lib/python3.6/site-packages/airflow/example_dags/example_kubernetes_executor.py took 24.471 seconds
[2021-07-16 08:28:27,041] {scheduler_job.py:181} INFO - Started process (PID=254) to work on /home/airflow/.local/lib/python3.6/site-packages/airflow/example_dags/example_kubernetes_executor.py
[2021-07-16 08:28:27,044] {scheduler_job.py:632} INFO - Processing file /home/airflow/.local/lib/python3.6/site-packages/airflow/example_dags/example_kubernetes_executor.py for tasks to queue
[2021-07-16 08:28:27,046] {logging_mixin.py:104} INFO - [2021-07-16 08:28:27,046] {dagbag.py:496} INFO - Filling up the DagBag from /home/airflow/.local/lib/python3.6/site-packages/airflow/example_dags/example_kubernetes_executor.py
[2021-07-16 08:28:27,094] {scheduler_job.py:642} INFO - DAG(s) dict_keys(['example_kubernetes_executor']) retrieved from /home/airflow/.local/lib/python3.6/site-packages/airflow/example_dags/example_kubernetes_executor.py
[2021-07-16 08:28:27,185] {logging_mixin.py:104} INFO - [2021-07-16 08:28:27,185] {dag.py:1833} INFO - Sync 1 DAGs
[2021-07-16 08:28:27,281] {logging_mixin.py:104} INFO - [2021-07-16 08:28:27,281] {dag.py:2306} INFO - Setting next_dagrun for example_kubernetes_executor to None
[2021-07-16 08:28:27,345] {scheduler_job.py:189} INFO - Processing /home/airflow/.local/lib/python3.6/site-packages/airflow/example_dags/example_kubernetes_executor.py took 0.325 seconds
[2021-07-16 08:32:57,612] {scheduler_job.py:181} INFO - Started process (PID=46) to work on /home/airflow/.local/lib/python3.6/site-packages/airflow/example_dags/example_kubernetes_executor.py
[2021-07-16 08:32:57,619] {scheduler_job.py:632} INFO - Processing file /home/airflow/.local/lib/python3.6/site-packages/airflow/example_dags/example_kubernetes_executor.py for tasks to queue
[2021-07-16 08:32:57,624] {logging_mixin.py:104} INFO - [2021-07-16 08:32:57,624] {dagbag.py:496} INFO - Filling up the DagBag from /home/airflow/.local/lib/python3.6/site-packages/airflow/example_dags/example_kubernetes_executor.py
[2021-07-16 08:32:57,676] {scheduler_job.py:642} INFO - DAG(s) dict_keys(['example_kubernetes_executor']) retrieved from /home/airflow/.local/lib/python3.6/site-packages/airflow/example_dags/example_kubernetes_executor.py
[2021-07-16 08:32:57,823] {logging_mixin.py:104} INFO - [2021-07-16 08:32:57,822] {dag.py:1833} INFO - Sync 1 DAGs
[2021-07-16 08:32:57,959] {logging_mixin.py:104} INFO - [2021-07-16 08:32:57,959] {dag.py:2306} INFO - Setting next_dagrun for example_kubernetes_executor to None
[2021-07-16 08:32:58,096] {scheduler_job.py:189} INFO - Processing /home/airflow/.local/lib/python3.6/site-packages/airflow/example_dags/example_kubernetes_executor.py took 0.503 seconds
[2021-07-16 08:33:29,052] {scheduler_job.py:181} INFO - Started process (PID=97) to work on /home/airflow/.local/lib/python3.6/site-packages/airflow/example_dags/example_kubernetes_executor.py
[2021-07-16 08:33:29,056] {scheduler_job.py:632} INFO - Processing file /home/airflow/.local/lib/python3.6/site-packages/airflow/example_dags/example_kubernetes_executor.py for tasks to queue
[2021-07-16 08:33:29,062] {logging_mixin.py:104} INFO - [2021-07-16 08:33:29,062] {dagbag.py:496} INFO - Filling up the DagBag from /home/airflow/.local/lib/python3.6/site-packages/airflow/example_dags/example_kubernetes_executor.py
[2021-07-16 08:33:29,127] {scheduler_job.py:642} INFO - DAG(s) dict_keys(['example_kubernetes_executor']) retrieved from /home/airflow/.local/lib/python3.6/site-packages/airflow/example_dags/example_kubernetes_executor.py
[2021-07-16 08:33:29,214] {logging_mixin.py:104} INFO - [2021-07-16 08:33:29,214] {dag.py:1833} INFO - Sync 1 DAGs
[2021-07-16 08:33:29,279] {logging_mixin.py:104} INFO - [2021-07-16 08:33:29,279] {dag.py:2306} INFO - Setting next_dagrun for example_kubernetes_executor to None
[2021-07-16 08:33:29,321] {scheduler_job.py:189} INFO - Processing /home/airflow/.local/lib/python3.6/site-packages/airflow/example_dags/example_kubernetes_executor.py took 0.281 seconds
[2021-07-16 08:33:59,665] {scheduler_job.py:181} INFO - Started process (PID=131) to work on /home/airflow/.local/lib/python3.6/site-packages/airflow/example_dags/example_kubernetes_executor.py
[2021-07-16 08:33:59,672] {scheduler_job.py:632} INFO - Processing file /home/airflow/.local/lib/python3.6/site-packages/airflow/example_dags/example_kubernetes_executor.py for tasks to queue
[2021-07-16 08:33:59,674] {logging_mixin.py:104} INFO - [2021-07-16 08:33:59,674] {dagbag.py:496} INFO - Filling up the DagBag from /home/airflow/.local/lib/python3.6/site-packages/airflow/example_dags/example_kubernetes_executor.py
[2021-07-16 08:33:59,708] {scheduler_job.py:642} INFO - DAG(s) dict_keys(['example_kubernetes_executor']) retrieved from /home/airflow/.local/lib/python3.6/site-packages/airflow/example_dags/example_kubernetes_executor.py
[2021-07-16 08:33:59,785] {logging_mixin.py:104} INFO - [2021-07-16 08:33:59,785] {dag.py:1833} INFO - Sync 1 DAGs
[2021-07-16 08:33:59,823] {logging_mixin.py:104} INFO - [2021-07-16 08:33:59,822] {dag.py:2306} INFO - Setting next_dagrun for example_kubernetes_executor to None
[2021-07-16 08:33:59,853] {scheduler_job.py:189} INFO - Processing /home/airflow/.local/lib/python3.6/site-packages/airflow/example_dags/example_kubernetes_executor.py took 0.203 seconds
[2021-07-16 08:34:33,032] {scheduler_job.py:181} INFO - Started process (PID=181) to work on /home/airflow/.local/lib/python3.6/site-packages/airflow/example_dags/example_kubernetes_executor.py
[2021-07-16 08:34:33,034] {scheduler_job.py:632} INFO - Processing file /home/airflow/.local/lib/python3.6/site-packages/airflow/example_dags/example_kubernetes_executor.py for tasks to queue
[2021-07-16 08:34:33,036] {logging_mixin.py:104} INFO - [2021-07-16 08:34:33,036] {dagbag.py:496} INFO - Filling up the DagBag from /home/airflow/.local/lib/python3.6/site-packages/airflow/example_dags/example_kubernetes_executor.py
[2021-07-16 08:34:33,071] {scheduler_job.py:642} INFO - DAG(s) dict_keys(['example_kubernetes_executor']) retrieved from /home/airflow/.local/lib/python3.6/site-packages/airflow/example_dags/example_kubernetes_executor.py
[2021-07-16 08:34:33,127] {logging_mixin.py:104} INFO - [2021-07-16 08:34:33,126] {dag.py:1833} INFO - Sync 1 DAGs
[2021-07-16 08:34:33,174] {logging_mixin.py:104} INFO - [2021-07-16 08:34:33,173] {dag.py:2306} INFO - Setting next_dagrun for example_kubernetes_executor to None
[2021-07-16 08:34:33,193] {scheduler_job.py:189} INFO - Processing /home/airflow/.local/lib/python3.6/site-packages/airflow/example_dags/example_kubernetes_executor.py took 0.166 seconds
[2021-07-16 08:35:07,813] {scheduler_job.py:181} INFO - Started process (PID=230) to work on /home/airflow/.local/lib/python3.6/site-packages/airflow/example_dags/example_kubernetes_executor.py
[2021-07-16 08:35:07,831] {scheduler_job.py:632} INFO - Processing file /home/airflow/.local/lib/python3.6/site-packages/airflow/example_dags/example_kubernetes_executor.py for tasks to queue
[2021-07-16 08:35:07,834] {logging_mixin.py:104} INFO - [2021-07-16 08:35:07,834] {dagbag.py:496} INFO - Filling up the DagBag from /home/airflow/.local/lib/python3.6/site-packages/airflow/example_dags/example_kubernetes_executor.py
[2021-07-16 08:35:07,924] {scheduler_job.py:642} INFO - DAG(s) dict_keys(['example_kubernetes_executor']) retrieved from /home/airflow/.local/lib/python3.6/site-packages/airflow/example_dags/example_kubernetes_executor.py
[2021-07-16 08:35:08,043] {logging_mixin.py:104} INFO - [2021-07-16 08:35:08,043] {dag.py:1833} INFO - Sync 1 DAGs
[2021-07-16 08:35:08,122] {logging_mixin.py:104} INFO - [2021-07-16 08:35:08,121] {dag.py:2306} INFO - Setting next_dagrun for example_kubernetes_executor to None
[2021-07-16 08:35:08,195] {scheduler_job.py:189} INFO - Processing /home/airflow/.local/lib/python3.6/site-packages/airflow/example_dags/example_kubernetes_executor.py took 0.416 seconds
[2021-07-16 08:35:58,029] {scheduler_job.py:181} INFO - Started process (PID=280) to work on /home/airflow/.local/lib/python3.6/site-packages/airflow/example_dags/example_kubernetes_executor.py
[2021-07-16 08:35:58,037] {scheduler_job.py:632} INFO - Processing file /home/airflow/.local/lib/python3.6/site-packages/airflow/example_dags/example_kubernetes_executor.py for tasks to queue
[2021-07-16 08:35:58,055] {logging_mixin.py:104} INFO - [2021-07-16 08:35:58,054] {dagbag.py:496} INFO - Filling up the DagBag from /home/airflow/.local/lib/python3.6/site-packages/airflow/example_dags/example_kubernetes_executor.py
[2021-07-16 08:35:58,217] {scheduler_job.py:642} INFO - DAG(s) dict_keys(['example_kubernetes_executor']) retrieved from /home/airflow/.local/lib/python3.6/site-packages/airflow/example_dags/example_kubernetes_executor.py
[2021-07-16 08:35:58,399] {logging_mixin.py:104} INFO - [2021-07-16 08:35:58,399] {dag.py:1833} INFO - Sync 1 DAGs
[2021-07-16 08:35:58,488] {logging_mixin.py:104} INFO - [2021-07-16 08:35:58,488] {dag.py:2306} INFO - Setting next_dagrun for example_kubernetes_executor to None
[2021-07-16 08:35:58,549] {scheduler_job.py:189} INFO - Processing /home/airflow/.local/lib/python3.6/site-packages/airflow/example_dags/example_kubernetes_executor.py took 0.545 seconds
[2021-07-16 08:36:31,474] {scheduler_job.py:181} INFO - Started process (PID=345) to work on /home/airflow/.local/lib/python3.6/site-packages/airflow/example_dags/example_kubernetes_executor.py
[2021-07-16 08:36:31,482] {scheduler_job.py:632} INFO - Processing file /home/airflow/.local/lib/python3.6/site-packages/airflow/example_dags/example_kubernetes_executor.py for tasks to queue
[2021-07-16 08:36:31,485] {logging_mixin.py:104} INFO - [2021-07-16 08:36:31,485] {dagbag.py:496} INFO - Filling up the DagBag from /home/airflow/.local/lib/python3.6/site-packages/airflow/example_dags/example_kubernetes_executor.py
[2021-07-16 08:36:31,530] {scheduler_job.py:642} INFO - DAG(s) dict_keys(['example_kubernetes_executor']) retrieved from /home/airflow/.local/lib/python3.6/site-packages/airflow/example_dags/example_kubernetes_executor.py
[2021-07-16 08:36:31,598] {logging_mixin.py:104} INFO - [2021-07-16 08:36:31,597] {dag.py:1833} INFO - Sync 1 DAGs
[2021-07-16 08:36:31,883] {logging_mixin.py:104} INFO - [2021-07-16 08:36:31,882] {dag.py:2306} INFO - Setting next_dagrun for example_kubernetes_executor to None
[2021-07-16 08:36:32,080] {scheduler_job.py:189} INFO - Processing /home/airflow/.local/lib/python3.6/site-packages/airflow/example_dags/example_kubernetes_executor.py took 0.619 seconds
[2021-07-16 08:37:08,930] {scheduler_job.py:181} INFO - Started process (PID=396) to work on /home/airflow/.local/lib/python3.6/site-packages/airflow/example_dags/example_kubernetes_executor.py
[2021-07-16 08:37:08,946] {scheduler_job.py:632} INFO - Processing file /home/airflow/.local/lib/python3.6/site-packages/airflow/example_dags/example_kubernetes_executor.py for tasks to queue
[2021-07-16 08:37:08,955] {logging_mixin.py:104} INFO - [2021-07-16 08:37:08,954] {dagbag.py:496} INFO - Filling up the DagBag from /home/airflow/.local/lib/python3.6/site-packages/airflow/example_dags/example_kubernetes_executor.py
[2021-07-16 08:37:09,008] {scheduler_job.py:642} INFO - DAG(s) dict_keys(['example_kubernetes_executor']) retrieved from /home/airflow/.local/lib/python3.6/site-packages/airflow/example_dags/example_kubernetes_executor.py
[2021-07-16 08:37:09,091] {logging_mixin.py:104} INFO - [2021-07-16 08:37:09,090] {dag.py:1833} INFO - Sync 1 DAGs
[2021-07-16 08:37:09,215] {logging_mixin.py:104} INFO - [2021-07-16 08:37:09,208] {dag.py:2306} INFO - Setting next_dagrun for example_kubernetes_executor to None
[2021-07-16 08:37:09,275] {scheduler_job.py:189} INFO - Processing /home/airflow/.local/lib/python3.6/site-packages/airflow/example_dags/example_kubernetes_executor.py took 0.359 seconds
[2021-07-16 08:37:52,588] {scheduler_job.py:181} INFO - Started process (PID=451) to work on /home/airflow/.local/lib/python3.6/site-packages/airflow/example_dags/example_kubernetes_executor.py
[2021-07-16 08:37:52,605] {scheduler_job.py:632} INFO - Processing file /home/airflow/.local/lib/python3.6/site-packages/airflow/example_dags/example_kubernetes_executor.py for tasks to queue
[2021-07-16 08:37:52,610] {logging_mixin.py:104} INFO - [2021-07-16 08:37:52,609] {dagbag.py:496} INFO - Filling up the DagBag from /home/airflow/.local/lib/python3.6/site-packages/airflow/example_dags/example_kubernetes_executor.py
[2021-07-16 08:37:52,644] {scheduler_job.py:642} INFO - DAG(s) dict_keys(['example_kubernetes_executor']) retrieved from /home/airflow/.local/lib/python3.6/site-packages/airflow/example_dags/example_kubernetes_executor.py
[2021-07-16 08:37:52,742] {logging_mixin.py:104} INFO - [2021-07-16 08:37:52,742] {dag.py:1833} INFO - Sync 1 DAGs
[2021-07-16 08:37:52,905] {logging_mixin.py:104} INFO - [2021-07-16 08:37:52,905] {dag.py:2306} INFO - Setting next_dagrun for example_kubernetes_executor to None
[2021-07-16 08:37:52,949] {scheduler_job.py:189} INFO - Processing /home/airflow/.local/lib/python3.6/site-packages/airflow/example_dags/example_kubernetes_executor.py took 0.374 seconds
[2021-07-16 08:38:35,796] {scheduler_job.py:181} INFO - Started process (PID=513) to work on /home/airflow/.local/lib/python3.6/site-packages/airflow/example_dags/example_kubernetes_executor.py
[2021-07-16 08:38:35,804] {scheduler_job.py:632} INFO - Processing file /home/airflow/.local/lib/python3.6/site-packages/airflow/example_dags/example_kubernetes_executor.py for tasks to queue
[2021-07-16 08:38:35,809] {logging_mixin.py:104} INFO - [2021-07-16 08:38:35,809] {dagbag.py:496} INFO - Filling up the DagBag from /home/airflow/.local/lib/python3.6/site-packages/airflow/example_dags/example_kubernetes_executor.py
[2021-07-16 08:38:35,853] {scheduler_job.py:642} INFO - DAG(s) dict_keys(['example_kubernetes_executor']) retrieved from /home/airflow/.local/lib/python3.6/site-packages/airflow/example_dags/example_kubernetes_executor.py
[2021-07-16 08:38:35,912] {logging_mixin.py:104} INFO - [2021-07-16 08:38:35,912] {dag.py:1833} INFO - Sync 1 DAGs
[2021-07-16 08:38:35,961] {logging_mixin.py:104} INFO - [2021-07-16 08:38:35,961] {dag.py:2306} INFO - Setting next_dagrun for example_kubernetes_executor to None
[2021-07-16 08:38:35,985] {scheduler_job.py:189} INFO - Processing /home/airflow/.local/lib/python3.6/site-packages/airflow/example_dags/example_kubernetes_executor.py took 0.208 seconds
