[2021-07-16 08:27:13,581] {scheduler_job.py:181} INFO - Started process (PID=134) to work on /home/airflow/.local/lib/python3.6/site-packages/airflow/example_dags/example_short_circuit_operator.py
[2021-07-16 08:27:13,584] {scheduler_job.py:632} INFO - Processing file /home/airflow/.local/lib/python3.6/site-packages/airflow/example_dags/example_short_circuit_operator.py for tasks to queue
[2021-07-16 08:27:13,587] {logging_mixin.py:104} INFO - [2021-07-16 08:27:13,587] {dagbag.py:496} INFO - Filling up the DagBag from /home/airflow/.local/lib/python3.6/site-packages/airflow/example_dags/example_short_circuit_operator.py
[2021-07-16 08:27:13,612] {scheduler_job.py:642} INFO - DAG(s) dict_keys(['example_short_circuit_operator']) retrieved from /home/airflow/.local/lib/python3.6/site-packages/airflow/example_dags/example_short_circuit_operator.py
[2021-07-16 08:27:17,326] {logging_mixin.py:104} INFO - [2021-07-16 08:27:17,324] {dag.py:1833} INFO - Sync 1 DAGs
[2021-07-16 08:27:17,346] {logging_mixin.py:104} INFO - [2021-07-16 08:27:17,344] {dag.py:1852} INFO - Creating ORM DAG for example_short_circuit_operator
[2021-07-16 08:27:17,356] {logging_mixin.py:104} INFO - [2021-07-16 08:27:17,356] {dag.py:2306} INFO - Setting next_dagrun for example_short_circuit_operator to 2021-07-14 00:00:00+00:00
[2021-07-16 08:27:17,381] {scheduler_job.py:189} INFO - Processing /home/airflow/.local/lib/python3.6/site-packages/airflow/example_dags/example_short_circuit_operator.py took 3.852 seconds
[2021-07-16 08:33:02,319] {scheduler_job.py:181} INFO - Started process (PID=53) to work on /home/airflow/.local/lib/python3.6/site-packages/airflow/example_dags/example_short_circuit_operator.py
[2021-07-16 08:33:02,322] {scheduler_job.py:632} INFO - Processing file /home/airflow/.local/lib/python3.6/site-packages/airflow/example_dags/example_short_circuit_operator.py for tasks to queue
[2021-07-16 08:33:02,325] {logging_mixin.py:104} INFO - [2021-07-16 08:33:02,324] {dagbag.py:496} INFO - Filling up the DagBag from /home/airflow/.local/lib/python3.6/site-packages/airflow/example_dags/example_short_circuit_operator.py
[2021-07-16 08:33:02,392] {scheduler_job.py:642} INFO - DAG(s) dict_keys(['example_short_circuit_operator']) retrieved from /home/airflow/.local/lib/python3.6/site-packages/airflow/example_dags/example_short_circuit_operator.py
[2021-07-16 08:33:02,437] {logging_mixin.py:104} INFO - [2021-07-16 08:33:02,436] {dag.py:1833} INFO - Sync 1 DAGs
[2021-07-16 08:33:02,492] {logging_mixin.py:104} INFO - [2021-07-16 08:33:02,492] {dag.py:2306} INFO - Setting next_dagrun for example_short_circuit_operator to 2021-07-14 00:00:00+00:00
[2021-07-16 08:33:02,522] {scheduler_job.py:189} INFO - Processing /home/airflow/.local/lib/python3.6/site-packages/airflow/example_dags/example_short_circuit_operator.py took 0.214 seconds
[2021-07-16 08:33:52,850] {scheduler_job.py:181} INFO - Started process (PID=107) to work on /home/airflow/.local/lib/python3.6/site-packages/airflow/example_dags/example_short_circuit_operator.py
[2021-07-16 08:33:52,857] {scheduler_job.py:632} INFO - Processing file /home/airflow/.local/lib/python3.6/site-packages/airflow/example_dags/example_short_circuit_operator.py for tasks to queue
[2021-07-16 08:33:52,860] {logging_mixin.py:104} INFO - [2021-07-16 08:33:52,860] {dagbag.py:496} INFO - Filling up the DagBag from /home/airflow/.local/lib/python3.6/site-packages/airflow/example_dags/example_short_circuit_operator.py
[2021-07-16 08:33:52,968] {scheduler_job.py:642} INFO - DAG(s) dict_keys(['example_short_circuit_operator']) retrieved from /home/airflow/.local/lib/python3.6/site-packages/airflow/example_dags/example_short_circuit_operator.py
[2021-07-16 08:33:53,197] {logging_mixin.py:104} INFO - [2021-07-16 08:33:53,197] {dag.py:1833} INFO - Sync 1 DAGs
[2021-07-16 08:33:53,235] {logging_mixin.py:104} INFO - [2021-07-16 08:33:53,235] {dag.py:2306} INFO - Setting next_dagrun for example_short_circuit_operator to 2021-07-14 00:00:00+00:00
[2021-07-16 08:33:53,292] {scheduler_job.py:189} INFO - Processing /home/airflow/.local/lib/python3.6/site-packages/airflow/example_dags/example_short_circuit_operator.py took 0.469 seconds
[2021-07-16 08:34:31,819] {scheduler_job.py:181} INFO - Started process (PID=170) to work on /home/airflow/.local/lib/python3.6/site-packages/airflow/example_dags/example_short_circuit_operator.py
[2021-07-16 08:34:31,822] {scheduler_job.py:632} INFO - Processing file /home/airflow/.local/lib/python3.6/site-packages/airflow/example_dags/example_short_circuit_operator.py for tasks to queue
[2021-07-16 08:34:31,831] {logging_mixin.py:104} INFO - [2021-07-16 08:34:31,831] {dagbag.py:496} INFO - Filling up the DagBag from /home/airflow/.local/lib/python3.6/site-packages/airflow/example_dags/example_short_circuit_operator.py
[2021-07-16 08:34:31,884] {scheduler_job.py:642} INFO - DAG(s) dict_keys(['example_short_circuit_operator']) retrieved from /home/airflow/.local/lib/python3.6/site-packages/airflow/example_dags/example_short_circuit_operator.py
[2021-07-16 08:34:31,956] {logging_mixin.py:104} INFO - [2021-07-16 08:34:31,955] {dag.py:1833} INFO - Sync 1 DAGs
[2021-07-16 08:34:31,994] {logging_mixin.py:104} INFO - [2021-07-16 08:34:31,994] {dag.py:2306} INFO - Setting next_dagrun for example_short_circuit_operator to 2021-07-14 00:00:00+00:00
[2021-07-16 08:34:32,019] {scheduler_job.py:189} INFO - Processing /home/airflow/.local/lib/python3.6/site-packages/airflow/example_dags/example_short_circuit_operator.py took 0.209 seconds
[2021-07-16 08:35:08,759] {scheduler_job.py:181} INFO - Started process (PID=235) to work on /home/airflow/.local/lib/python3.6/site-packages/airflow/example_dags/example_short_circuit_operator.py
[2021-07-16 08:35:08,763] {scheduler_job.py:632} INFO - Processing file /home/airflow/.local/lib/python3.6/site-packages/airflow/example_dags/example_short_circuit_operator.py for tasks to queue
[2021-07-16 08:35:08,770] {logging_mixin.py:104} INFO - [2021-07-16 08:35:08,769] {dagbag.py:496} INFO - Filling up the DagBag from /home/airflow/.local/lib/python3.6/site-packages/airflow/example_dags/example_short_circuit_operator.py
[2021-07-16 08:35:08,823] {scheduler_job.py:642} INFO - DAG(s) dict_keys(['example_short_circuit_operator']) retrieved from /home/airflow/.local/lib/python3.6/site-packages/airflow/example_dags/example_short_circuit_operator.py
[2021-07-16 08:35:08,880] {logging_mixin.py:104} INFO - [2021-07-16 08:35:08,879] {dag.py:1833} INFO - Sync 1 DAGs
[2021-07-16 08:35:08,923] {logging_mixin.py:104} INFO - [2021-07-16 08:35:08,922] {dag.py:2306} INFO - Setting next_dagrun for example_short_circuit_operator to 2021-07-14 00:00:00+00:00
[2021-07-16 08:35:08,944] {scheduler_job.py:189} INFO - Processing /home/airflow/.local/lib/python3.6/site-packages/airflow/example_dags/example_short_circuit_operator.py took 0.199 seconds
[2021-07-16 08:35:59,790] {scheduler_job.py:181} INFO - Started process (PID=297) to work on /home/airflow/.local/lib/python3.6/site-packages/airflow/example_dags/example_short_circuit_operator.py
[2021-07-16 08:35:59,807] {scheduler_job.py:632} INFO - Processing file /home/airflow/.local/lib/python3.6/site-packages/airflow/example_dags/example_short_circuit_operator.py for tasks to queue
[2021-07-16 08:35:59,815] {logging_mixin.py:104} INFO - [2021-07-16 08:35:59,815] {dagbag.py:496} INFO - Filling up the DagBag from /home/airflow/.local/lib/python3.6/site-packages/airflow/example_dags/example_short_circuit_operator.py
[2021-07-16 08:36:00,040] {scheduler_job.py:642} INFO - DAG(s) dict_keys(['example_short_circuit_operator']) retrieved from /home/airflow/.local/lib/python3.6/site-packages/airflow/example_dags/example_short_circuit_operator.py
[2021-07-16 08:36:00,217] {logging_mixin.py:104} INFO - [2021-07-16 08:36:00,217] {dag.py:1833} INFO - Sync 1 DAGs
[2021-07-16 08:36:00,301] {logging_mixin.py:104} INFO - [2021-07-16 08:36:00,300] {dag.py:2306} INFO - Setting next_dagrun for example_short_circuit_operator to 2021-07-14 00:00:00+00:00
[2021-07-16 08:36:00,337] {scheduler_job.py:189} INFO - Processing /home/airflow/.local/lib/python3.6/site-packages/airflow/example_dags/example_short_circuit_operator.py took 0.590 seconds
[2021-07-16 08:36:33,849] {scheduler_job.py:181} INFO - Started process (PID=353) to work on /home/airflow/.local/lib/python3.6/site-packages/airflow/example_dags/example_short_circuit_operator.py
[2021-07-16 08:36:33,859] {scheduler_job.py:632} INFO - Processing file /home/airflow/.local/lib/python3.6/site-packages/airflow/example_dags/example_short_circuit_operator.py for tasks to queue
[2021-07-16 08:36:33,864] {logging_mixin.py:104} INFO - [2021-07-16 08:36:33,863] {dagbag.py:496} INFO - Filling up the DagBag from /home/airflow/.local/lib/python3.6/site-packages/airflow/example_dags/example_short_circuit_operator.py
[2021-07-16 08:36:33,915] {scheduler_job.py:642} INFO - DAG(s) dict_keys(['example_short_circuit_operator']) retrieved from /home/airflow/.local/lib/python3.6/site-packages/airflow/example_dags/example_short_circuit_operator.py
[2021-07-16 08:36:33,980] {logging_mixin.py:104} INFO - [2021-07-16 08:36:33,980] {dag.py:1833} INFO - Sync 1 DAGs
[2021-07-16 08:36:34,046] {logging_mixin.py:104} INFO - [2021-07-16 08:36:34,045] {dag.py:2306} INFO - Setting next_dagrun for example_short_circuit_operator to 2021-07-14 00:00:00+00:00
[2021-07-16 08:36:34,074] {scheduler_job.py:189} INFO - Processing /home/airflow/.local/lib/python3.6/site-packages/airflow/example_dags/example_short_circuit_operator.py took 0.236 seconds
[2021-07-16 08:37:10,455] {scheduler_job.py:181} INFO - Started process (PID=404) to work on /home/airflow/.local/lib/python3.6/site-packages/airflow/example_dags/example_short_circuit_operator.py
[2021-07-16 08:37:10,460] {scheduler_job.py:632} INFO - Processing file /home/airflow/.local/lib/python3.6/site-packages/airflow/example_dags/example_short_circuit_operator.py for tasks to queue
[2021-07-16 08:37:10,464] {logging_mixin.py:104} INFO - [2021-07-16 08:37:10,464] {dagbag.py:496} INFO - Filling up the DagBag from /home/airflow/.local/lib/python3.6/site-packages/airflow/example_dags/example_short_circuit_operator.py
[2021-07-16 08:37:10,501] {scheduler_job.py:642} INFO - DAG(s) dict_keys(['example_short_circuit_operator']) retrieved from /home/airflow/.local/lib/python3.6/site-packages/airflow/example_dags/example_short_circuit_operator.py
[2021-07-16 08:37:10,552] {logging_mixin.py:104} INFO - [2021-07-16 08:37:10,551] {dag.py:1833} INFO - Sync 1 DAGs
[2021-07-16 08:37:10,605] {logging_mixin.py:104} INFO - [2021-07-16 08:37:10,605] {dag.py:2306} INFO - Setting next_dagrun for example_short_circuit_operator to 2021-07-14 00:00:00+00:00
[2021-07-16 08:37:10,627] {scheduler_job.py:189} INFO - Processing /home/airflow/.local/lib/python3.6/site-packages/airflow/example_dags/example_short_circuit_operator.py took 0.186 seconds
[2021-07-16 08:37:53,970] {scheduler_job.py:181} INFO - Started process (PID=458) to work on /home/airflow/.local/lib/python3.6/site-packages/airflow/example_dags/example_short_circuit_operator.py
[2021-07-16 08:37:53,976] {scheduler_job.py:632} INFO - Processing file /home/airflow/.local/lib/python3.6/site-packages/airflow/example_dags/example_short_circuit_operator.py for tasks to queue
[2021-07-16 08:37:53,981] {logging_mixin.py:104} INFO - [2021-07-16 08:37:53,980] {dagbag.py:496} INFO - Filling up the DagBag from /home/airflow/.local/lib/python3.6/site-packages/airflow/example_dags/example_short_circuit_operator.py
[2021-07-16 08:37:54,021] {scheduler_job.py:642} INFO - DAG(s) dict_keys(['example_short_circuit_operator']) retrieved from /home/airflow/.local/lib/python3.6/site-packages/airflow/example_dags/example_short_circuit_operator.py
[2021-07-16 08:37:54,116] {logging_mixin.py:104} INFO - [2021-07-16 08:37:54,116] {dag.py:1833} INFO - Sync 1 DAGs
[2021-07-16 08:37:54,164] {logging_mixin.py:104} INFO - [2021-07-16 08:37:54,164] {dag.py:2306} INFO - Setting next_dagrun for example_short_circuit_operator to 2021-07-14 00:00:00+00:00
[2021-07-16 08:37:54,190] {scheduler_job.py:189} INFO - Processing /home/airflow/.local/lib/python3.6/site-packages/airflow/example_dags/example_short_circuit_operator.py took 0.231 seconds
[2021-07-16 08:38:37,335] {scheduler_job.py:181} INFO - Started process (PID=521) to work on /home/airflow/.local/lib/python3.6/site-packages/airflow/example_dags/example_short_circuit_operator.py
[2021-07-16 08:38:37,338] {scheduler_job.py:632} INFO - Processing file /home/airflow/.local/lib/python3.6/site-packages/airflow/example_dags/example_short_circuit_operator.py for tasks to queue
[2021-07-16 08:38:37,344] {logging_mixin.py:104} INFO - [2021-07-16 08:38:37,343] {dagbag.py:496} INFO - Filling up the DagBag from /home/airflow/.local/lib/python3.6/site-packages/airflow/example_dags/example_short_circuit_operator.py
[2021-07-16 08:38:37,388] {scheduler_job.py:642} INFO - DAG(s) dict_keys(['example_short_circuit_operator']) retrieved from /home/airflow/.local/lib/python3.6/site-packages/airflow/example_dags/example_short_circuit_operator.py
[2021-07-16 08:38:37,451] {logging_mixin.py:104} INFO - [2021-07-16 08:38:37,451] {dag.py:1833} INFO - Sync 1 DAGs
[2021-07-16 08:38:37,503] {logging_mixin.py:104} INFO - [2021-07-16 08:38:37,503] {dag.py:2306} INFO - Setting next_dagrun for example_short_circuit_operator to 2021-07-14 00:00:00+00:00
[2021-07-16 08:38:37,521] {scheduler_job.py:189} INFO - Processing /home/airflow/.local/lib/python3.6/site-packages/airflow/example_dags/example_short_circuit_operator.py took 0.200 seconds
