[2021-07-16 08:28:06,431] {scheduler_job.py:181} INFO - Started process (PID=182) to work on /home/airflow/.local/lib/python3.6/site-packages/airflow/example_dags/example_xcom.py
[2021-07-16 08:28:06,435] {scheduler_job.py:632} INFO - Processing file /home/airflow/.local/lib/python3.6/site-packages/airflow/example_dags/example_xcom.py for tasks to queue
[2021-07-16 08:28:06,438] {logging_mixin.py:104} INFO - [2021-07-16 08:28:06,438] {dagbag.py:496} INFO - Filling up the DagBag from /home/airflow/.local/lib/python3.6/site-packages/airflow/example_dags/example_xcom.py
[2021-07-16 08:28:06,508] {scheduler_job.py:642} INFO - DAG(s) dict_keys(['example_xcom']) retrieved from /home/airflow/.local/lib/python3.6/site-packages/airflow/example_dags/example_xcom.py
[2021-07-16 08:28:10,222] {logging_mixin.py:104} INFO - [2021-07-16 08:28:10,221] {dag.py:1833} INFO - Sync 1 DAGs
[2021-07-16 08:28:10,243] {logging_mixin.py:104} INFO - [2021-07-16 08:28:10,239] {dag.py:1852} INFO - Creating ORM DAG for example_xcom
[2021-07-16 08:28:10,262] {logging_mixin.py:104} INFO - [2021-07-16 08:28:10,262] {dag.py:2306} INFO - Setting next_dagrun for example_xcom to 2021-07-14 00:00:00+00:00
[2021-07-16 08:28:10,290] {scheduler_job.py:189} INFO - Processing /home/airflow/.local/lib/python3.6/site-packages/airflow/example_dags/example_xcom.py took 3.872 seconds
[2021-07-16 08:33:04,313] {scheduler_job.py:181} INFO - Started process (PID=60) to work on /home/airflow/.local/lib/python3.6/site-packages/airflow/example_dags/example_xcom.py
[2021-07-16 08:33:04,317] {scheduler_job.py:632} INFO - Processing file /home/airflow/.local/lib/python3.6/site-packages/airflow/example_dags/example_xcom.py for tasks to queue
[2021-07-16 08:33:04,321] {logging_mixin.py:104} INFO - [2021-07-16 08:33:04,321] {dagbag.py:496} INFO - Filling up the DagBag from /home/airflow/.local/lib/python3.6/site-packages/airflow/example_dags/example_xcom.py
[2021-07-16 08:33:04,378] {scheduler_job.py:642} INFO - DAG(s) dict_keys(['example_xcom']) retrieved from /home/airflow/.local/lib/python3.6/site-packages/airflow/example_dags/example_xcom.py
[2021-07-16 08:33:04,532] {logging_mixin.py:104} INFO - [2021-07-16 08:33:04,532] {dag.py:1833} INFO - Sync 1 DAGs
[2021-07-16 08:33:04,654] {logging_mixin.py:104} INFO - [2021-07-16 08:33:04,654] {dag.py:2306} INFO - Setting next_dagrun for example_xcom to 2021-07-14 00:00:00+00:00
[2021-07-16 08:33:04,750] {scheduler_job.py:189} INFO - Processing /home/airflow/.local/lib/python3.6/site-packages/airflow/example_dags/example_xcom.py took 0.451 seconds
[2021-07-16 08:33:54,989] {scheduler_job.py:181} INFO - Started process (PID=114) to work on /home/airflow/.local/lib/python3.6/site-packages/airflow/example_dags/example_xcom.py
[2021-07-16 08:33:54,996] {scheduler_job.py:632} INFO - Processing file /home/airflow/.local/lib/python3.6/site-packages/airflow/example_dags/example_xcom.py for tasks to queue
[2021-07-16 08:33:55,000] {logging_mixin.py:104} INFO - [2021-07-16 08:33:55,000] {dagbag.py:496} INFO - Filling up the DagBag from /home/airflow/.local/lib/python3.6/site-packages/airflow/example_dags/example_xcom.py
[2021-07-16 08:33:55,052] {scheduler_job.py:642} INFO - DAG(s) dict_keys(['example_xcom']) retrieved from /home/airflow/.local/lib/python3.6/site-packages/airflow/example_dags/example_xcom.py
[2021-07-16 08:33:55,091] {logging_mixin.py:104} INFO - [2021-07-16 08:33:55,091] {dag.py:1833} INFO - Sync 1 DAGs
[2021-07-16 08:33:55,120] {logging_mixin.py:104} INFO - [2021-07-16 08:33:55,120] {dag.py:2306} INFO - Setting next_dagrun for example_xcom to 2021-07-14 00:00:00+00:00
[2021-07-16 08:33:55,183] {scheduler_job.py:189} INFO - Processing /home/airflow/.local/lib/python3.6/site-packages/airflow/example_dags/example_xcom.py took 0.216 seconds
[2021-07-16 08:34:34,571] {scheduler_job.py:181} INFO - Started process (PID=191) to work on /home/airflow/.local/lib/python3.6/site-packages/airflow/example_dags/example_xcom.py
[2021-07-16 08:34:34,576] {scheduler_job.py:632} INFO - Processing file /home/airflow/.local/lib/python3.6/site-packages/airflow/example_dags/example_xcom.py for tasks to queue
[2021-07-16 08:34:34,580] {logging_mixin.py:104} INFO - [2021-07-16 08:34:34,579] {dagbag.py:496} INFO - Filling up the DagBag from /home/airflow/.local/lib/python3.6/site-packages/airflow/example_dags/example_xcom.py
[2021-07-16 08:34:34,601] {scheduler_job.py:642} INFO - DAG(s) dict_keys(['example_xcom']) retrieved from /home/airflow/.local/lib/python3.6/site-packages/airflow/example_dags/example_xcom.py
[2021-07-16 08:34:34,654] {logging_mixin.py:104} INFO - [2021-07-16 08:34:34,654] {dag.py:1833} INFO - Sync 1 DAGs
[2021-07-16 08:34:34,681] {logging_mixin.py:104} INFO - [2021-07-16 08:34:34,681] {dag.py:2306} INFO - Setting next_dagrun for example_xcom to 2021-07-14 00:00:00+00:00
[2021-07-16 08:34:34,698] {scheduler_job.py:189} INFO - Processing /home/airflow/.local/lib/python3.6/site-packages/airflow/example_dags/example_xcom.py took 0.135 seconds
[2021-07-16 08:35:09,652] {scheduler_job.py:181} INFO - Started process (PID=242) to work on /home/airflow/.local/lib/python3.6/site-packages/airflow/example_dags/example_xcom.py
[2021-07-16 08:35:09,655] {scheduler_job.py:632} INFO - Processing file /home/airflow/.local/lib/python3.6/site-packages/airflow/example_dags/example_xcom.py for tasks to queue
[2021-07-16 08:35:09,658] {logging_mixin.py:104} INFO - [2021-07-16 08:35:09,657] {dagbag.py:496} INFO - Filling up the DagBag from /home/airflow/.local/lib/python3.6/site-packages/airflow/example_dags/example_xcom.py
[2021-07-16 08:35:09,697] {scheduler_job.py:642} INFO - DAG(s) dict_keys(['example_xcom']) retrieved from /home/airflow/.local/lib/python3.6/site-packages/airflow/example_dags/example_xcom.py
[2021-07-16 08:35:09,747] {logging_mixin.py:104} INFO - [2021-07-16 08:35:09,746] {dag.py:1833} INFO - Sync 1 DAGs
[2021-07-16 08:35:09,788] {logging_mixin.py:104} INFO - [2021-07-16 08:35:09,788] {dag.py:2306} INFO - Setting next_dagrun for example_xcom to 2021-07-14 00:00:00+00:00
[2021-07-16 08:35:09,806] {scheduler_job.py:189} INFO - Processing /home/airflow/.local/lib/python3.6/site-packages/airflow/example_dags/example_xcom.py took 0.160 seconds
[2021-07-16 08:36:02,783] {scheduler_job.py:181} INFO - Started process (PID=307) to work on /home/airflow/.local/lib/python3.6/site-packages/airflow/example_dags/example_xcom.py
[2021-07-16 08:36:02,793] {scheduler_job.py:632} INFO - Processing file /home/airflow/.local/lib/python3.6/site-packages/airflow/example_dags/example_xcom.py for tasks to queue
[2021-07-16 08:36:02,797] {logging_mixin.py:104} INFO - [2021-07-16 08:36:02,797] {dagbag.py:496} INFO - Filling up the DagBag from /home/airflow/.local/lib/python3.6/site-packages/airflow/example_dags/example_xcom.py
[2021-07-16 08:36:02,919] {scheduler_job.py:642} INFO - DAG(s) dict_keys(['example_xcom']) retrieved from /home/airflow/.local/lib/python3.6/site-packages/airflow/example_dags/example_xcom.py
[2021-07-16 08:36:03,023] {logging_mixin.py:104} INFO - [2021-07-16 08:36:03,022] {dag.py:1833} INFO - Sync 1 DAGs
[2021-07-16 08:36:03,068] {logging_mixin.py:104} INFO - [2021-07-16 08:36:03,067] {dag.py:2306} INFO - Setting next_dagrun for example_xcom to 2021-07-14 00:00:00+00:00
[2021-07-16 08:36:03,098] {scheduler_job.py:189} INFO - Processing /home/airflow/.local/lib/python3.6/site-packages/airflow/example_dags/example_xcom.py took 0.328 seconds
[2021-07-16 08:36:35,386] {scheduler_job.py:181} INFO - Started process (PID=360) to work on /home/airflow/.local/lib/python3.6/site-packages/airflow/example_dags/example_xcom.py
[2021-07-16 08:36:35,392] {scheduler_job.py:632} INFO - Processing file /home/airflow/.local/lib/python3.6/site-packages/airflow/example_dags/example_xcom.py for tasks to queue
[2021-07-16 08:36:35,397] {logging_mixin.py:104} INFO - [2021-07-16 08:36:35,396] {dagbag.py:496} INFO - Filling up the DagBag from /home/airflow/.local/lib/python3.6/site-packages/airflow/example_dags/example_xcom.py
[2021-07-16 08:36:35,436] {scheduler_job.py:642} INFO - DAG(s) dict_keys(['example_xcom']) retrieved from /home/airflow/.local/lib/python3.6/site-packages/airflow/example_dags/example_xcom.py
[2021-07-16 08:36:35,521] {logging_mixin.py:104} INFO - [2021-07-16 08:36:35,520] {dag.py:1833} INFO - Sync 1 DAGs
[2021-07-16 08:36:35,559] {logging_mixin.py:104} INFO - [2021-07-16 08:36:35,559] {dag.py:2306} INFO - Setting next_dagrun for example_xcom to 2021-07-14 00:00:00+00:00
[2021-07-16 08:36:35,614] {scheduler_job.py:189} INFO - Processing /home/airflow/.local/lib/python3.6/site-packages/airflow/example_dags/example_xcom.py took 0.240 seconds
[2021-07-16 08:37:11,712] {scheduler_job.py:181} INFO - Started process (PID=411) to work on /home/airflow/.local/lib/python3.6/site-packages/airflow/example_dags/example_xcom.py
[2021-07-16 08:37:11,725] {scheduler_job.py:632} INFO - Processing file /home/airflow/.local/lib/python3.6/site-packages/airflow/example_dags/example_xcom.py for tasks to queue
[2021-07-16 08:37:11,733] {logging_mixin.py:104} INFO - [2021-07-16 08:37:11,733] {dagbag.py:496} INFO - Filling up the DagBag from /home/airflow/.local/lib/python3.6/site-packages/airflow/example_dags/example_xcom.py
[2021-07-16 08:37:11,794] {scheduler_job.py:642} INFO - DAG(s) dict_keys(['example_xcom']) retrieved from /home/airflow/.local/lib/python3.6/site-packages/airflow/example_dags/example_xcom.py
[2021-07-16 08:37:11,873] {logging_mixin.py:104} INFO - [2021-07-16 08:37:11,873] {dag.py:1833} INFO - Sync 1 DAGs
[2021-07-16 08:37:11,921] {logging_mixin.py:104} INFO - [2021-07-16 08:37:11,921] {dag.py:2306} INFO - Setting next_dagrun for example_xcom to 2021-07-14 00:00:00+00:00
[2021-07-16 08:37:11,955] {scheduler_job.py:189} INFO - Processing /home/airflow/.local/lib/python3.6/site-packages/airflow/example_dags/example_xcom.py took 0.258 seconds
[2021-07-16 08:37:55,146] {scheduler_job.py:181} INFO - Started process (PID=465) to work on /home/airflow/.local/lib/python3.6/site-packages/airflow/example_dags/example_xcom.py
[2021-07-16 08:37:55,151] {scheduler_job.py:632} INFO - Processing file /home/airflow/.local/lib/python3.6/site-packages/airflow/example_dags/example_xcom.py for tasks to queue
[2021-07-16 08:37:55,157] {logging_mixin.py:104} INFO - [2021-07-16 08:37:55,156] {dagbag.py:496} INFO - Filling up the DagBag from /home/airflow/.local/lib/python3.6/site-packages/airflow/example_dags/example_xcom.py
[2021-07-16 08:37:55,194] {scheduler_job.py:642} INFO - DAG(s) dict_keys(['example_xcom']) retrieved from /home/airflow/.local/lib/python3.6/site-packages/airflow/example_dags/example_xcom.py
[2021-07-16 08:37:55,326] {logging_mixin.py:104} INFO - [2021-07-16 08:37:55,326] {dag.py:1833} INFO - Sync 1 DAGs
[2021-07-16 08:37:55,414] {logging_mixin.py:104} INFO - [2021-07-16 08:37:55,414] {dag.py:2306} INFO - Setting next_dagrun for example_xcom to 2021-07-14 00:00:00+00:00
[2021-07-16 08:37:55,448] {scheduler_job.py:189} INFO - Processing /home/airflow/.local/lib/python3.6/site-packages/airflow/example_dags/example_xcom.py took 0.320 seconds
[2021-07-16 08:38:38,105] {scheduler_job.py:181} INFO - Started process (PID=528) to work on /home/airflow/.local/lib/python3.6/site-packages/airflow/example_dags/example_xcom.py
[2021-07-16 08:38:38,109] {scheduler_job.py:632} INFO - Processing file /home/airflow/.local/lib/python3.6/site-packages/airflow/example_dags/example_xcom.py for tasks to queue
[2021-07-16 08:38:38,112] {logging_mixin.py:104} INFO - [2021-07-16 08:38:38,112] {dagbag.py:496} INFO - Filling up the DagBag from /home/airflow/.local/lib/python3.6/site-packages/airflow/example_dags/example_xcom.py
[2021-07-16 08:38:38,144] {scheduler_job.py:642} INFO - DAG(s) dict_keys(['example_xcom']) retrieved from /home/airflow/.local/lib/python3.6/site-packages/airflow/example_dags/example_xcom.py
[2021-07-16 08:38:38,195] {logging_mixin.py:104} INFO - [2021-07-16 08:38:38,195] {dag.py:1833} INFO - Sync 1 DAGs
[2021-07-16 08:38:38,231] {logging_mixin.py:104} INFO - [2021-07-16 08:38:38,231] {dag.py:2306} INFO - Setting next_dagrun for example_xcom to 2021-07-14 00:00:00+00:00
[2021-07-16 08:38:38,248] {scheduler_job.py:189} INFO - Processing /home/airflow/.local/lib/python3.6/site-packages/airflow/example_dags/example_xcom.py took 0.151 seconds
