[2021-07-16 08:28:01,918] {scheduler_job.py:181} INFO - Started process (PID=173) to work on /home/airflow/.local/lib/python3.6/site-packages/airflow/example_dags/example_bash_operator.py
[2021-07-16 08:28:01,933] {scheduler_job.py:632} INFO - Processing file /home/airflow/.local/lib/python3.6/site-packages/airflow/example_dags/example_bash_operator.py for tasks to queue
[2021-07-16 08:28:01,943] {logging_mixin.py:104} INFO - [2021-07-16 08:28:01,941] {dagbag.py:496} INFO - Filling up the DagBag from /home/airflow/.local/lib/python3.6/site-packages/airflow/example_dags/example_bash_operator.py
[2021-07-16 08:28:02,026] {scheduler_job.py:642} INFO - DAG(s) dict_keys(['example_bash_operator']) retrieved from /home/airflow/.local/lib/python3.6/site-packages/airflow/example_dags/example_bash_operator.py
[2021-07-16 08:28:06,210] {logging_mixin.py:104} INFO - [2021-07-16 08:28:06,208] {dag.py:1833} INFO - Sync 1 DAGs
[2021-07-16 08:28:06,227] {logging_mixin.py:104} INFO - [2021-07-16 08:28:06,225] {dag.py:1852} INFO - Creating ORM DAG for example_bash_operator
[2021-07-16 08:28:06,245] {logging_mixin.py:104} INFO - [2021-07-16 08:28:06,245] {dag.py:2306} INFO - Setting next_dagrun for example_bash_operator to 2021-07-14 00:00:00+00:00
[2021-07-16 08:28:06,292] {scheduler_job.py:189} INFO - Processing /home/airflow/.local/lib/python3.6/site-packages/airflow/example_dags/example_bash_operator.py took 4.382 seconds
[2021-07-16 08:33:03,960] {scheduler_job.py:181} INFO - Started process (PID=59) to work on /home/airflow/.local/lib/python3.6/site-packages/airflow/example_dags/example_bash_operator.py
[2021-07-16 08:33:03,971] {scheduler_job.py:632} INFO - Processing file /home/airflow/.local/lib/python3.6/site-packages/airflow/example_dags/example_bash_operator.py for tasks to queue
[2021-07-16 08:33:03,977] {logging_mixin.py:104} INFO - [2021-07-16 08:33:03,976] {dagbag.py:496} INFO - Filling up the DagBag from /home/airflow/.local/lib/python3.6/site-packages/airflow/example_dags/example_bash_operator.py
[2021-07-16 08:33:04,022] {scheduler_job.py:642} INFO - DAG(s) dict_keys(['example_bash_operator']) retrieved from /home/airflow/.local/lib/python3.6/site-packages/airflow/example_dags/example_bash_operator.py
[2021-07-16 08:33:04,093] {logging_mixin.py:104} INFO - [2021-07-16 08:33:04,093] {dag.py:1833} INFO - Sync 1 DAGs
[2021-07-16 08:33:04,163] {logging_mixin.py:104} INFO - [2021-07-16 08:33:04,163] {dag.py:2306} INFO - Setting next_dagrun for example_bash_operator to 2021-07-14 00:00:00+00:00
[2021-07-16 08:33:04,222] {scheduler_job.py:189} INFO - Processing /home/airflow/.local/lib/python3.6/site-packages/airflow/example_dags/example_bash_operator.py took 0.297 seconds
[2021-07-16 08:33:54,714] {scheduler_job.py:181} INFO - Started process (PID=113) to work on /home/airflow/.local/lib/python3.6/site-packages/airflow/example_dags/example_bash_operator.py
[2021-07-16 08:33:54,720] {scheduler_job.py:632} INFO - Processing file /home/airflow/.local/lib/python3.6/site-packages/airflow/example_dags/example_bash_operator.py for tasks to queue
[2021-07-16 08:33:54,723] {logging_mixin.py:104} INFO - [2021-07-16 08:33:54,722] {dagbag.py:496} INFO - Filling up the DagBag from /home/airflow/.local/lib/python3.6/site-packages/airflow/example_dags/example_bash_operator.py
[2021-07-16 08:33:54,824] {scheduler_job.py:642} INFO - DAG(s) dict_keys(['example_bash_operator']) retrieved from /home/airflow/.local/lib/python3.6/site-packages/airflow/example_dags/example_bash_operator.py
[2021-07-16 08:33:54,894] {logging_mixin.py:104} INFO - [2021-07-16 08:33:54,893] {dag.py:1833} INFO - Sync 1 DAGs
[2021-07-16 08:33:54,971] {logging_mixin.py:104} INFO - [2021-07-16 08:33:54,971] {dag.py:2306} INFO - Setting next_dagrun for example_bash_operator to 2021-07-14 00:00:00+00:00
[2021-07-16 08:33:55,006] {scheduler_job.py:189} INFO - Processing /home/airflow/.local/lib/python3.6/site-packages/airflow/example_dags/example_bash_operator.py took 0.336 seconds
[2021-07-16 08:34:34,478] {scheduler_job.py:181} INFO - Started process (PID=190) to work on /home/airflow/.local/lib/python3.6/site-packages/airflow/example_dags/example_bash_operator.py
[2021-07-16 08:34:34,483] {scheduler_job.py:632} INFO - Processing file /home/airflow/.local/lib/python3.6/site-packages/airflow/example_dags/example_bash_operator.py for tasks to queue
[2021-07-16 08:34:34,490] {logging_mixin.py:104} INFO - [2021-07-16 08:34:34,490] {dagbag.py:496} INFO - Filling up the DagBag from /home/airflow/.local/lib/python3.6/site-packages/airflow/example_dags/example_bash_operator.py
[2021-07-16 08:34:34,535] {scheduler_job.py:642} INFO - DAG(s) dict_keys(['example_bash_operator']) retrieved from /home/airflow/.local/lib/python3.6/site-packages/airflow/example_dags/example_bash_operator.py
[2021-07-16 08:34:34,616] {logging_mixin.py:104} INFO - [2021-07-16 08:34:34,613] {dag.py:1833} INFO - Sync 1 DAGs
[2021-07-16 08:34:34,674] {logging_mixin.py:104} INFO - [2021-07-16 08:34:34,674] {dag.py:2306} INFO - Setting next_dagrun for example_bash_operator to 2021-07-14 00:00:00+00:00
[2021-07-16 08:34:34,690] {scheduler_job.py:189} INFO - Processing /home/airflow/.local/lib/python3.6/site-packages/airflow/example_dags/example_bash_operator.py took 0.216 seconds
[2021-07-16 08:35:09,494] {scheduler_job.py:181} INFO - Started process (PID=241) to work on /home/airflow/.local/lib/python3.6/site-packages/airflow/example_dags/example_bash_operator.py
[2021-07-16 08:35:09,499] {scheduler_job.py:632} INFO - Processing file /home/airflow/.local/lib/python3.6/site-packages/airflow/example_dags/example_bash_operator.py for tasks to queue
[2021-07-16 08:35:09,503] {logging_mixin.py:104} INFO - [2021-07-16 08:35:09,503] {dagbag.py:496} INFO - Filling up the DagBag from /home/airflow/.local/lib/python3.6/site-packages/airflow/example_dags/example_bash_operator.py
[2021-07-16 08:35:09,542] {scheduler_job.py:642} INFO - DAG(s) dict_keys(['example_bash_operator']) retrieved from /home/airflow/.local/lib/python3.6/site-packages/airflow/example_dags/example_bash_operator.py
[2021-07-16 08:35:09,642] {logging_mixin.py:104} INFO - [2021-07-16 08:35:09,642] {dag.py:1833} INFO - Sync 1 DAGs
[2021-07-16 08:35:09,711] {logging_mixin.py:104} INFO - [2021-07-16 08:35:09,711] {dag.py:2306} INFO - Setting next_dagrun for example_bash_operator to 2021-07-14 00:00:00+00:00
[2021-07-16 08:35:09,737] {scheduler_job.py:189} INFO - Processing /home/airflow/.local/lib/python3.6/site-packages/airflow/example_dags/example_bash_operator.py took 0.253 seconds
[2021-07-16 08:36:02,334] {scheduler_job.py:181} INFO - Started process (PID=306) to work on /home/airflow/.local/lib/python3.6/site-packages/airflow/example_dags/example_bash_operator.py
[2021-07-16 08:36:02,337] {scheduler_job.py:632} INFO - Processing file /home/airflow/.local/lib/python3.6/site-packages/airflow/example_dags/example_bash_operator.py for tasks to queue
[2021-07-16 08:36:02,341] {logging_mixin.py:104} INFO - [2021-07-16 08:36:02,339] {dagbag.py:496} INFO - Filling up the DagBag from /home/airflow/.local/lib/python3.6/site-packages/airflow/example_dags/example_bash_operator.py
[2021-07-16 08:36:02,389] {scheduler_job.py:642} INFO - DAG(s) dict_keys(['example_bash_operator']) retrieved from /home/airflow/.local/lib/python3.6/site-packages/airflow/example_dags/example_bash_operator.py
[2021-07-16 08:36:02,535] {logging_mixin.py:104} INFO - [2021-07-16 08:36:02,535] {dag.py:1833} INFO - Sync 1 DAGs
[2021-07-16 08:36:02,642] {logging_mixin.py:104} INFO - [2021-07-16 08:36:02,641] {dag.py:2306} INFO - Setting next_dagrun for example_bash_operator to 2021-07-14 00:00:00+00:00
[2021-07-16 08:36:02,741] {scheduler_job.py:189} INFO - Processing /home/airflow/.local/lib/python3.6/site-packages/airflow/example_dags/example_bash_operator.py took 0.412 seconds
[2021-07-16 08:36:35,356] {scheduler_job.py:181} INFO - Started process (PID=359) to work on /home/airflow/.local/lib/python3.6/site-packages/airflow/example_dags/example_bash_operator.py
[2021-07-16 08:36:35,359] {scheduler_job.py:632} INFO - Processing file /home/airflow/.local/lib/python3.6/site-packages/airflow/example_dags/example_bash_operator.py for tasks to queue
[2021-07-16 08:36:35,362] {logging_mixin.py:104} INFO - [2021-07-16 08:36:35,362] {dagbag.py:496} INFO - Filling up the DagBag from /home/airflow/.local/lib/python3.6/site-packages/airflow/example_dags/example_bash_operator.py
[2021-07-16 08:36:35,412] {scheduler_job.py:642} INFO - DAG(s) dict_keys(['example_bash_operator']) retrieved from /home/airflow/.local/lib/python3.6/site-packages/airflow/example_dags/example_bash_operator.py
[2021-07-16 08:36:35,472] {logging_mixin.py:104} INFO - [2021-07-16 08:36:35,472] {dag.py:1833} INFO - Sync 1 DAGs
[2021-07-16 08:36:35,521] {logging_mixin.py:104} INFO - [2021-07-16 08:36:35,520] {dag.py:2306} INFO - Setting next_dagrun for example_bash_operator to 2021-07-14 00:00:00+00:00
[2021-07-16 08:36:35,571] {scheduler_job.py:189} INFO - Processing /home/airflow/.local/lib/python3.6/site-packages/airflow/example_dags/example_bash_operator.py took 0.224 seconds
[2021-07-16 08:37:11,538] {scheduler_job.py:181} INFO - Started process (PID=410) to work on /home/airflow/.local/lib/python3.6/site-packages/airflow/example_dags/example_bash_operator.py
[2021-07-16 08:37:11,546] {scheduler_job.py:632} INFO - Processing file /home/airflow/.local/lib/python3.6/site-packages/airflow/example_dags/example_bash_operator.py for tasks to queue
[2021-07-16 08:37:11,566] {logging_mixin.py:104} INFO - [2021-07-16 08:37:11,565] {dagbag.py:496} INFO - Filling up the DagBag from /home/airflow/.local/lib/python3.6/site-packages/airflow/example_dags/example_bash_operator.py
[2021-07-16 08:37:11,627] {scheduler_job.py:642} INFO - DAG(s) dict_keys(['example_bash_operator']) retrieved from /home/airflow/.local/lib/python3.6/site-packages/airflow/example_dags/example_bash_operator.py
[2021-07-16 08:37:11,691] {logging_mixin.py:104} INFO - [2021-07-16 08:37:11,690] {dag.py:1833} INFO - Sync 1 DAGs
[2021-07-16 08:37:11,727] {logging_mixin.py:104} INFO - [2021-07-16 08:37:11,726] {dag.py:2306} INFO - Setting next_dagrun for example_bash_operator to 2021-07-14 00:00:00+00:00
[2021-07-16 08:37:11,756] {scheduler_job.py:189} INFO - Processing /home/airflow/.local/lib/python3.6/site-packages/airflow/example_dags/example_bash_operator.py took 0.236 seconds
[2021-07-16 08:37:55,061] {scheduler_job.py:181} INFO - Started process (PID=464) to work on /home/airflow/.local/lib/python3.6/site-packages/airflow/example_dags/example_bash_operator.py
[2021-07-16 08:37:55,064] {scheduler_job.py:632} INFO - Processing file /home/airflow/.local/lib/python3.6/site-packages/airflow/example_dags/example_bash_operator.py for tasks to queue
[2021-07-16 08:37:55,071] {logging_mixin.py:104} INFO - [2021-07-16 08:37:55,071] {dagbag.py:496} INFO - Filling up the DagBag from /home/airflow/.local/lib/python3.6/site-packages/airflow/example_dags/example_bash_operator.py
[2021-07-16 08:37:55,107] {scheduler_job.py:642} INFO - DAG(s) dict_keys(['example_bash_operator']) retrieved from /home/airflow/.local/lib/python3.6/site-packages/airflow/example_dags/example_bash_operator.py
[2021-07-16 08:37:55,163] {logging_mixin.py:104} INFO - [2021-07-16 08:37:55,163] {dag.py:1833} INFO - Sync 1 DAGs
[2021-07-16 08:37:55,218] {logging_mixin.py:104} INFO - [2021-07-16 08:37:55,218] {dag.py:2306} INFO - Setting next_dagrun for example_bash_operator to 2021-07-14 00:00:00+00:00
[2021-07-16 08:37:55,262] {scheduler_job.py:189} INFO - Processing /home/airflow/.local/lib/python3.6/site-packages/airflow/example_dags/example_bash_operator.py took 0.216 seconds
[2021-07-16 08:38:37,933] {scheduler_job.py:181} INFO - Started process (PID=527) to work on /home/airflow/.local/lib/python3.6/site-packages/airflow/example_dags/example_bash_operator.py
[2021-07-16 08:38:37,939] {scheduler_job.py:632} INFO - Processing file /home/airflow/.local/lib/python3.6/site-packages/airflow/example_dags/example_bash_operator.py for tasks to queue
[2021-07-16 08:38:37,944] {logging_mixin.py:104} INFO - [2021-07-16 08:38:37,944] {dagbag.py:496} INFO - Filling up the DagBag from /home/airflow/.local/lib/python3.6/site-packages/airflow/example_dags/example_bash_operator.py
[2021-07-16 08:38:38,026] {scheduler_job.py:642} INFO - DAG(s) dict_keys(['example_bash_operator']) retrieved from /home/airflow/.local/lib/python3.6/site-packages/airflow/example_dags/example_bash_operator.py
[2021-07-16 08:38:38,115] {logging_mixin.py:104} INFO - [2021-07-16 08:38:38,114] {dag.py:1833} INFO - Sync 1 DAGs
[2021-07-16 08:38:38,157] {logging_mixin.py:104} INFO - [2021-07-16 08:38:38,157] {dag.py:2306} INFO - Setting next_dagrun for example_bash_operator to 2021-07-14 00:00:00+00:00
[2021-07-16 08:38:38,174] {scheduler_job.py:189} INFO - Processing /home/airflow/.local/lib/python3.6/site-packages/airflow/example_dags/example_bash_operator.py took 0.253 seconds
