[2021-07-16 08:26:23,836] {scheduler_job.py:181} INFO - Started process (PID=38) to work on /home/airflow/.local/lib/python3.6/site-packages/airflow/example_dags/example_branch_day_of_week_operator.py
[2021-07-16 08:26:23,844] {scheduler_job.py:632} INFO - Processing file /home/airflow/.local/lib/python3.6/site-packages/airflow/example_dags/example_branch_day_of_week_operator.py for tasks to queue
[2021-07-16 08:26:23,850] {logging_mixin.py:104} INFO - [2021-07-16 08:26:23,850] {dagbag.py:496} INFO - Filling up the DagBag from /home/airflow/.local/lib/python3.6/site-packages/airflow/example_dags/example_branch_day_of_week_operator.py
[2021-07-16 08:26:23,888] {scheduler_job.py:642} INFO - DAG(s) dict_keys(['example_weekday_branch_operator']) retrieved from /home/airflow/.local/lib/python3.6/site-packages/airflow/example_dags/example_branch_day_of_week_operator.py
[2021-07-16 08:26:30,368] {logging_mixin.py:104} INFO - [2021-07-16 08:26:30,366] {dag.py:1833} INFO - Sync 1 DAGs
[2021-07-16 08:26:30,386] {logging_mixin.py:104} INFO - [2021-07-16 08:26:30,385] {dag.py:1852} INFO - Creating ORM DAG for example_weekday_branch_operator
[2021-07-16 08:26:30,400] {logging_mixin.py:104} INFO - [2021-07-16 08:26:30,400] {dag.py:2306} INFO - Setting next_dagrun for example_weekday_branch_operator to 2021-07-14 00:00:00+00:00
[2021-07-16 08:26:30,421] {scheduler_job.py:189} INFO - Processing /home/airflow/.local/lib/python3.6/site-packages/airflow/example_dags/example_branch_day_of_week_operator.py took 6.591 seconds
[2021-07-16 08:28:25,877] {scheduler_job.py:181} INFO - Started process (PID=247) to work on /home/airflow/.local/lib/python3.6/site-packages/airflow/example_dags/example_branch_day_of_week_operator.py
[2021-07-16 08:28:25,892] {scheduler_job.py:632} INFO - Processing file /home/airflow/.local/lib/python3.6/site-packages/airflow/example_dags/example_branch_day_of_week_operator.py for tasks to queue
[2021-07-16 08:28:25,899] {logging_mixin.py:104} INFO - [2021-07-16 08:28:25,898] {dagbag.py:496} INFO - Filling up the DagBag from /home/airflow/.local/lib/python3.6/site-packages/airflow/example_dags/example_branch_day_of_week_operator.py
[2021-07-16 08:28:25,936] {scheduler_job.py:642} INFO - DAG(s) dict_keys(['example_weekday_branch_operator']) retrieved from /home/airflow/.local/lib/python3.6/site-packages/airflow/example_dags/example_branch_day_of_week_operator.py
[2021-07-16 08:28:25,981] {logging_mixin.py:104} INFO - [2021-07-16 08:28:25,980] {dag.py:1833} INFO - Sync 1 DAGs
[2021-07-16 08:28:26,011] {logging_mixin.py:104} INFO - [2021-07-16 08:28:26,011] {dag.py:2306} INFO - Setting next_dagrun for example_weekday_branch_operator to 2021-07-14 00:00:00+00:00
[2021-07-16 08:28:26,033] {scheduler_job.py:189} INFO - Processing /home/airflow/.local/lib/python3.6/site-packages/airflow/example_dags/example_branch_day_of_week_operator.py took 0.171 seconds
[2021-07-16 08:32:55,880] {scheduler_job.py:181} INFO - Started process (PID=41) to work on /home/airflow/.local/lib/python3.6/site-packages/airflow/example_dags/example_branch_day_of_week_operator.py
[2021-07-16 08:32:55,885] {scheduler_job.py:632} INFO - Processing file /home/airflow/.local/lib/python3.6/site-packages/airflow/example_dags/example_branch_day_of_week_operator.py for tasks to queue
[2021-07-16 08:32:55,892] {logging_mixin.py:104} INFO - [2021-07-16 08:32:55,892] {dagbag.py:496} INFO - Filling up the DagBag from /home/airflow/.local/lib/python3.6/site-packages/airflow/example_dags/example_branch_day_of_week_operator.py
[2021-07-16 08:32:55,981] {scheduler_job.py:642} INFO - DAG(s) dict_keys(['example_weekday_branch_operator']) retrieved from /home/airflow/.local/lib/python3.6/site-packages/airflow/example_dags/example_branch_day_of_week_operator.py
[2021-07-16 08:32:56,118] {logging_mixin.py:104} INFO - [2021-07-16 08:32:56,118] {dag.py:1833} INFO - Sync 1 DAGs
[2021-07-16 08:32:56,248] {logging_mixin.py:104} INFO - [2021-07-16 08:32:56,248] {dag.py:2306} INFO - Setting next_dagrun for example_weekday_branch_operator to 2021-07-14 00:00:00+00:00
[2021-07-16 08:32:56,333] {scheduler_job.py:189} INFO - Processing /home/airflow/.local/lib/python3.6/site-packages/airflow/example_dags/example_branch_day_of_week_operator.py took 0.482 seconds
[2021-07-16 08:33:26,616] {scheduler_job.py:181} INFO - Started process (PID=83) to work on /home/airflow/.local/lib/python3.6/site-packages/airflow/example_dags/example_branch_day_of_week_operator.py
[2021-07-16 08:33:26,622] {scheduler_job.py:632} INFO - Processing file /home/airflow/.local/lib/python3.6/site-packages/airflow/example_dags/example_branch_day_of_week_operator.py for tasks to queue
[2021-07-16 08:33:26,625] {logging_mixin.py:104} INFO - [2021-07-16 08:33:26,625] {dagbag.py:496} INFO - Filling up the DagBag from /home/airflow/.local/lib/python3.6/site-packages/airflow/example_dags/example_branch_day_of_week_operator.py
[2021-07-16 08:33:26,672] {scheduler_job.py:642} INFO - DAG(s) dict_keys(['example_weekday_branch_operator']) retrieved from /home/airflow/.local/lib/python3.6/site-packages/airflow/example_dags/example_branch_day_of_week_operator.py
[2021-07-16 08:33:26,747] {logging_mixin.py:104} INFO - [2021-07-16 08:33:26,747] {dag.py:1833} INFO - Sync 1 DAGs
[2021-07-16 08:33:26,838] {logging_mixin.py:104} INFO - [2021-07-16 08:33:26,838] {dag.py:2306} INFO - Setting next_dagrun for example_weekday_branch_operator to 2021-07-14 00:00:00+00:00
[2021-07-16 08:33:26,878] {scheduler_job.py:189} INFO - Processing /home/airflow/.local/lib/python3.6/site-packages/airflow/example_dags/example_branch_day_of_week_operator.py took 0.270 seconds
[2021-07-16 08:33:57,428] {scheduler_job.py:181} INFO - Started process (PID=126) to work on /home/airflow/.local/lib/python3.6/site-packages/airflow/example_dags/example_branch_day_of_week_operator.py
[2021-07-16 08:33:57,438] {scheduler_job.py:632} INFO - Processing file /home/airflow/.local/lib/python3.6/site-packages/airflow/example_dags/example_branch_day_of_week_operator.py for tasks to queue
[2021-07-16 08:33:57,444] {logging_mixin.py:104} INFO - [2021-07-16 08:33:57,444] {dagbag.py:496} INFO - Filling up the DagBag from /home/airflow/.local/lib/python3.6/site-packages/airflow/example_dags/example_branch_day_of_week_operator.py
[2021-07-16 08:33:57,478] {scheduler_job.py:642} INFO - DAG(s) dict_keys(['example_weekday_branch_operator']) retrieved from /home/airflow/.local/lib/python3.6/site-packages/airflow/example_dags/example_branch_day_of_week_operator.py
[2021-07-16 08:33:57,536] {logging_mixin.py:104} INFO - [2021-07-16 08:33:57,535] {dag.py:1833} INFO - Sync 1 DAGs
[2021-07-16 08:33:57,650] {logging_mixin.py:104} INFO - [2021-07-16 08:33:57,650] {dag.py:2306} INFO - Setting next_dagrun for example_weekday_branch_operator to 2021-07-14 00:00:00+00:00
[2021-07-16 08:33:57,699] {scheduler_job.py:189} INFO - Processing /home/airflow/.local/lib/python3.6/site-packages/airflow/example_dags/example_branch_day_of_week_operator.py took 0.279 seconds
[2021-07-16 08:34:32,358] {scheduler_job.py:181} INFO - Started process (PID=175) to work on /home/airflow/.local/lib/python3.6/site-packages/airflow/example_dags/example_branch_day_of_week_operator.py
[2021-07-16 08:34:32,364] {scheduler_job.py:632} INFO - Processing file /home/airflow/.local/lib/python3.6/site-packages/airflow/example_dags/example_branch_day_of_week_operator.py for tasks to queue
[2021-07-16 08:34:32,367] {logging_mixin.py:104} INFO - [2021-07-16 08:34:32,367] {dagbag.py:496} INFO - Filling up the DagBag from /home/airflow/.local/lib/python3.6/site-packages/airflow/example_dags/example_branch_day_of_week_operator.py
[2021-07-16 08:34:32,404] {scheduler_job.py:642} INFO - DAG(s) dict_keys(['example_weekday_branch_operator']) retrieved from /home/airflow/.local/lib/python3.6/site-packages/airflow/example_dags/example_branch_day_of_week_operator.py
[2021-07-16 08:34:32,462] {logging_mixin.py:104} INFO - [2021-07-16 08:34:32,462] {dag.py:1833} INFO - Sync 1 DAGs
[2021-07-16 08:34:32,525] {logging_mixin.py:104} INFO - [2021-07-16 08:34:32,524] {dag.py:2306} INFO - Setting next_dagrun for example_weekday_branch_operator to 2021-07-14 00:00:00+00:00
[2021-07-16 08:34:32,557] {scheduler_job.py:189} INFO - Processing /home/airflow/.local/lib/python3.6/site-packages/airflow/example_dags/example_branch_day_of_week_operator.py took 0.204 seconds
[2021-07-16 08:35:06,735] {scheduler_job.py:181} INFO - Started process (PID=225) to work on /home/airflow/.local/lib/python3.6/site-packages/airflow/example_dags/example_branch_day_of_week_operator.py
[2021-07-16 08:35:06,742] {scheduler_job.py:632} INFO - Processing file /home/airflow/.local/lib/python3.6/site-packages/airflow/example_dags/example_branch_day_of_week_operator.py for tasks to queue
[2021-07-16 08:35:06,755] {logging_mixin.py:104} INFO - [2021-07-16 08:35:06,754] {dagbag.py:496} INFO - Filling up the DagBag from /home/airflow/.local/lib/python3.6/site-packages/airflow/example_dags/example_branch_day_of_week_operator.py
[2021-07-16 08:35:06,846] {scheduler_job.py:642} INFO - DAG(s) dict_keys(['example_weekday_branch_operator']) retrieved from /home/airflow/.local/lib/python3.6/site-packages/airflow/example_dags/example_branch_day_of_week_operator.py
[2021-07-16 08:35:06,931] {logging_mixin.py:104} INFO - [2021-07-16 08:35:06,931] {dag.py:1833} INFO - Sync 1 DAGs
[2021-07-16 08:35:06,980] {logging_mixin.py:104} INFO - [2021-07-16 08:35:06,980] {dag.py:2306} INFO - Setting next_dagrun for example_weekday_branch_operator to 2021-07-14 00:00:00+00:00
[2021-07-16 08:35:07,009] {scheduler_job.py:189} INFO - Processing /home/airflow/.local/lib/python3.6/site-packages/airflow/example_dags/example_branch_day_of_week_operator.py took 0.292 seconds
[2021-07-16 08:35:57,063] {scheduler_job.py:181} INFO - Started process (PID=275) to work on /home/airflow/.local/lib/python3.6/site-packages/airflow/example_dags/example_branch_day_of_week_operator.py
[2021-07-16 08:35:57,071] {scheduler_job.py:632} INFO - Processing file /home/airflow/.local/lib/python3.6/site-packages/airflow/example_dags/example_branch_day_of_week_operator.py for tasks to queue
[2021-07-16 08:35:57,075] {logging_mixin.py:104} INFO - [2021-07-16 08:35:57,074] {dagbag.py:496} INFO - Filling up the DagBag from /home/airflow/.local/lib/python3.6/site-packages/airflow/example_dags/example_branch_day_of_week_operator.py
[2021-07-16 08:35:57,129] {scheduler_job.py:642} INFO - DAG(s) dict_keys(['example_weekday_branch_operator']) retrieved from /home/airflow/.local/lib/python3.6/site-packages/airflow/example_dags/example_branch_day_of_week_operator.py
[2021-07-16 08:35:57,233] {logging_mixin.py:104} INFO - [2021-07-16 08:35:57,233] {dag.py:1833} INFO - Sync 1 DAGs
[2021-07-16 08:35:57,346] {logging_mixin.py:104} INFO - [2021-07-16 08:35:57,345] {dag.py:2306} INFO - Setting next_dagrun for example_weekday_branch_operator to 2021-07-14 00:00:00+00:00
[2021-07-16 08:35:57,391] {scheduler_job.py:189} INFO - Processing /home/airflow/.local/lib/python3.6/site-packages/airflow/example_dags/example_branch_day_of_week_operator.py took 0.336 seconds
[2021-07-16 08:36:29,808] {scheduler_job.py:181} INFO - Started process (PID=338) to work on /home/airflow/.local/lib/python3.6/site-packages/airflow/example_dags/example_branch_day_of_week_operator.py
[2021-07-16 08:36:29,814] {scheduler_job.py:632} INFO - Processing file /home/airflow/.local/lib/python3.6/site-packages/airflow/example_dags/example_branch_day_of_week_operator.py for tasks to queue
[2021-07-16 08:36:29,818] {logging_mixin.py:104} INFO - [2021-07-16 08:36:29,817] {dagbag.py:496} INFO - Filling up the DagBag from /home/airflow/.local/lib/python3.6/site-packages/airflow/example_dags/example_branch_day_of_week_operator.py
[2021-07-16 08:36:29,877] {scheduler_job.py:642} INFO - DAG(s) dict_keys(['example_weekday_branch_operator']) retrieved from /home/airflow/.local/lib/python3.6/site-packages/airflow/example_dags/example_branch_day_of_week_operator.py
[2021-07-16 08:36:30,043] {logging_mixin.py:104} INFO - [2021-07-16 08:36:30,043] {dag.py:1833} INFO - Sync 1 DAGs
[2021-07-16 08:36:30,381] {logging_mixin.py:104} INFO - [2021-07-16 08:36:30,379] {dag.py:2306} INFO - Setting next_dagrun for example_weekday_branch_operator to 2021-07-14 00:00:00+00:00
[2021-07-16 08:36:30,579] {scheduler_job.py:189} INFO - Processing /home/airflow/.local/lib/python3.6/site-packages/airflow/example_dags/example_branch_day_of_week_operator.py took 0.779 seconds
[2021-07-16 08:37:07,747] {scheduler_job.py:181} INFO - Started process (PID=382) to work on /home/airflow/.local/lib/python3.6/site-packages/airflow/example_dags/example_branch_day_of_week_operator.py
[2021-07-16 08:37:07,788] {scheduler_job.py:632} INFO - Processing file /home/airflow/.local/lib/python3.6/site-packages/airflow/example_dags/example_branch_day_of_week_operator.py for tasks to queue
[2021-07-16 08:37:07,819] {logging_mixin.py:104} INFO - [2021-07-16 08:37:07,815] {dagbag.py:496} INFO - Filling up the DagBag from /home/airflow/.local/lib/python3.6/site-packages/airflow/example_dags/example_branch_day_of_week_operator.py
[2021-07-16 08:37:08,003] {scheduler_job.py:642} INFO - DAG(s) dict_keys(['example_weekday_branch_operator']) retrieved from /home/airflow/.local/lib/python3.6/site-packages/airflow/example_dags/example_branch_day_of_week_operator.py
[2021-07-16 08:37:08,152] {logging_mixin.py:104} INFO - [2021-07-16 08:37:08,152] {dag.py:1833} INFO - Sync 1 DAGs
[2021-07-16 08:37:08,240] {logging_mixin.py:104} INFO - [2021-07-16 08:37:08,239] {dag.py:2306} INFO - Setting next_dagrun for example_weekday_branch_operator to 2021-07-14 00:00:00+00:00
[2021-07-16 08:37:08,318] {scheduler_job.py:189} INFO - Processing /home/airflow/.local/lib/python3.6/site-packages/airflow/example_dags/example_branch_day_of_week_operator.py took 0.613 seconds
[2021-07-16 08:37:51,812] {scheduler_job.py:181} INFO - Started process (PID=446) to work on /home/airflow/.local/lib/python3.6/site-packages/airflow/example_dags/example_branch_day_of_week_operator.py
[2021-07-16 08:37:51,817] {scheduler_job.py:632} INFO - Processing file /home/airflow/.local/lib/python3.6/site-packages/airflow/example_dags/example_branch_day_of_week_operator.py for tasks to queue
[2021-07-16 08:37:51,820] {logging_mixin.py:104} INFO - [2021-07-16 08:37:51,820] {dagbag.py:496} INFO - Filling up the DagBag from /home/airflow/.local/lib/python3.6/site-packages/airflow/example_dags/example_branch_day_of_week_operator.py
[2021-07-16 08:37:51,860] {scheduler_job.py:642} INFO - DAG(s) dict_keys(['example_weekday_branch_operator']) retrieved from /home/airflow/.local/lib/python3.6/site-packages/airflow/example_dags/example_branch_day_of_week_operator.py
[2021-07-16 08:37:51,942] {logging_mixin.py:104} INFO - [2021-07-16 08:37:51,941] {dag.py:1833} INFO - Sync 1 DAGs
[2021-07-16 08:37:52,005] {logging_mixin.py:104} INFO - [2021-07-16 08:37:52,005] {dag.py:2306} INFO - Setting next_dagrun for example_weekday_branch_operator to 2021-07-14 00:00:00+00:00
[2021-07-16 08:37:52,053] {scheduler_job.py:189} INFO - Processing /home/airflow/.local/lib/python3.6/site-packages/airflow/example_dags/example_branch_day_of_week_operator.py took 0.252 seconds
[2021-07-16 08:38:34,892] {scheduler_job.py:181} INFO - Started process (PID=506) to work on /home/airflow/.local/lib/python3.6/site-packages/airflow/example_dags/example_branch_day_of_week_operator.py
[2021-07-16 08:38:34,899] {scheduler_job.py:632} INFO - Processing file /home/airflow/.local/lib/python3.6/site-packages/airflow/example_dags/example_branch_day_of_week_operator.py for tasks to queue
[2021-07-16 08:38:34,905] {logging_mixin.py:104} INFO - [2021-07-16 08:38:34,904] {dagbag.py:496} INFO - Filling up the DagBag from /home/airflow/.local/lib/python3.6/site-packages/airflow/example_dags/example_branch_day_of_week_operator.py
[2021-07-16 08:38:34,955] {scheduler_job.py:642} INFO - DAG(s) dict_keys(['example_weekday_branch_operator']) retrieved from /home/airflow/.local/lib/python3.6/site-packages/airflow/example_dags/example_branch_day_of_week_operator.py
[2021-07-16 08:38:35,013] {logging_mixin.py:104} INFO - [2021-07-16 08:38:35,012] {dag.py:1833} INFO - Sync 1 DAGs
[2021-07-16 08:38:35,149] {logging_mixin.py:104} INFO - [2021-07-16 08:38:35,149] {dag.py:2306} INFO - Setting next_dagrun for example_weekday_branch_operator to 2021-07-14 00:00:00+00:00
[2021-07-16 08:38:35,172] {scheduler_job.py:189} INFO - Processing /home/airflow/.local/lib/python3.6/site-packages/airflow/example_dags/example_branch_day_of_week_operator.py took 0.292 seconds
