[2021-07-16 08:27:24,052] {scheduler_job.py:181} INFO - Started process (PID=163) to work on /home/airflow/.local/lib/python3.6/site-packages/airflow/example_dags/example_skip_dag.py
[2021-07-16 08:27:24,056] {scheduler_job.py:632} INFO - Processing file /home/airflow/.local/lib/python3.6/site-packages/airflow/example_dags/example_skip_dag.py for tasks to queue
[2021-07-16 08:27:24,069] {logging_mixin.py:104} INFO - [2021-07-16 08:27:24,068] {dagbag.py:496} INFO - Filling up the DagBag from /home/airflow/.local/lib/python3.6/site-packages/airflow/example_dags/example_skip_dag.py
[2021-07-16 08:27:24,140] {scheduler_job.py:642} INFO - DAG(s) dict_keys(['example_skip_dag']) retrieved from /home/airflow/.local/lib/python3.6/site-packages/airflow/example_dags/example_skip_dag.py
[2021-07-16 08:28:01,578] {logging_mixin.py:104} INFO - [2021-07-16 08:28:01,575] {dag.py:1833} INFO - Sync 1 DAGs
[2021-07-16 08:28:01,624] {logging_mixin.py:104} INFO - [2021-07-16 08:28:01,621] {dag.py:1852} INFO - Creating ORM DAG for example_skip_dag
[2021-07-16 08:28:01,637] {logging_mixin.py:104} INFO - [2021-07-16 08:28:01,637] {dag.py:2306} INFO - Setting next_dagrun for example_skip_dag to 2021-07-14 00:00:00+00:00
[2021-07-16 08:28:01,706] {scheduler_job.py:189} INFO - Processing /home/airflow/.local/lib/python3.6/site-packages/airflow/example_dags/example_skip_dag.py took 37.655 seconds
[2021-07-16 08:33:03,117] {scheduler_job.py:181} INFO - Started process (PID=57) to work on /home/airflow/.local/lib/python3.6/site-packages/airflow/example_dags/example_skip_dag.py
[2021-07-16 08:33:03,122] {scheduler_job.py:632} INFO - Processing file /home/airflow/.local/lib/python3.6/site-packages/airflow/example_dags/example_skip_dag.py for tasks to queue
[2021-07-16 08:33:03,124] {logging_mixin.py:104} INFO - [2021-07-16 08:33:03,124] {dagbag.py:496} INFO - Filling up the DagBag from /home/airflow/.local/lib/python3.6/site-packages/airflow/example_dags/example_skip_dag.py
[2021-07-16 08:33:03,150] {scheduler_job.py:642} INFO - DAG(s) dict_keys(['example_skip_dag']) retrieved from /home/airflow/.local/lib/python3.6/site-packages/airflow/example_dags/example_skip_dag.py
[2021-07-16 08:33:03,189] {logging_mixin.py:104} INFO - [2021-07-16 08:33:03,189] {dag.py:1833} INFO - Sync 1 DAGs
[2021-07-16 08:33:03,219] {logging_mixin.py:104} INFO - [2021-07-16 08:33:03,219] {dag.py:2306} INFO - Setting next_dagrun for example_skip_dag to 2021-07-14 00:00:00+00:00
[2021-07-16 08:33:03,274] {scheduler_job.py:189} INFO - Processing /home/airflow/.local/lib/python3.6/site-packages/airflow/example_dags/example_skip_dag.py took 0.163 seconds
[2021-07-16 08:33:53,778] {scheduler_job.py:181} INFO - Started process (PID=111) to work on /home/airflow/.local/lib/python3.6/site-packages/airflow/example_dags/example_skip_dag.py
[2021-07-16 08:33:53,785] {scheduler_job.py:632} INFO - Processing file /home/airflow/.local/lib/python3.6/site-packages/airflow/example_dags/example_skip_dag.py for tasks to queue
[2021-07-16 08:33:53,803] {logging_mixin.py:104} INFO - [2021-07-16 08:33:53,803] {dagbag.py:496} INFO - Filling up the DagBag from /home/airflow/.local/lib/python3.6/site-packages/airflow/example_dags/example_skip_dag.py
[2021-07-16 08:33:53,882] {scheduler_job.py:642} INFO - DAG(s) dict_keys(['example_skip_dag']) retrieved from /home/airflow/.local/lib/python3.6/site-packages/airflow/example_dags/example_skip_dag.py
[2021-07-16 08:33:53,946] {logging_mixin.py:104} INFO - [2021-07-16 08:33:53,946] {dag.py:1833} INFO - Sync 1 DAGs
[2021-07-16 08:33:54,017] {logging_mixin.py:104} INFO - [2021-07-16 08:33:54,016] {dag.py:2306} INFO - Setting next_dagrun for example_skip_dag to 2021-07-14 00:00:00+00:00
[2021-07-16 08:33:54,069] {scheduler_job.py:189} INFO - Processing /home/airflow/.local/lib/python3.6/site-packages/airflow/example_dags/example_skip_dag.py took 0.327 seconds
[2021-07-16 08:34:34,290] {scheduler_job.py:181} INFO - Started process (PID=188) to work on /home/airflow/.local/lib/python3.6/site-packages/airflow/example_dags/example_skip_dag.py
[2021-07-16 08:34:34,294] {scheduler_job.py:632} INFO - Processing file /home/airflow/.local/lib/python3.6/site-packages/airflow/example_dags/example_skip_dag.py for tasks to queue
[2021-07-16 08:34:34,298] {logging_mixin.py:104} INFO - [2021-07-16 08:34:34,298] {dagbag.py:496} INFO - Filling up the DagBag from /home/airflow/.local/lib/python3.6/site-packages/airflow/example_dags/example_skip_dag.py
[2021-07-16 08:34:34,326] {scheduler_job.py:642} INFO - DAG(s) dict_keys(['example_skip_dag']) retrieved from /home/airflow/.local/lib/python3.6/site-packages/airflow/example_dags/example_skip_dag.py
[2021-07-16 08:34:34,371] {logging_mixin.py:104} INFO - [2021-07-16 08:34:34,370] {dag.py:1833} INFO - Sync 1 DAGs
[2021-07-16 08:34:34,400] {logging_mixin.py:104} INFO - [2021-07-16 08:34:34,399] {dag.py:2306} INFO - Setting next_dagrun for example_skip_dag to 2021-07-14 00:00:00+00:00
[2021-07-16 08:34:34,418] {scheduler_job.py:189} INFO - Processing /home/airflow/.local/lib/python3.6/site-packages/airflow/example_dags/example_skip_dag.py took 0.134 seconds
[2021-07-16 08:35:09,280] {scheduler_job.py:181} INFO - Started process (PID=239) to work on /home/airflow/.local/lib/python3.6/site-packages/airflow/example_dags/example_skip_dag.py
[2021-07-16 08:35:09,283] {scheduler_job.py:632} INFO - Processing file /home/airflow/.local/lib/python3.6/site-packages/airflow/example_dags/example_skip_dag.py for tasks to queue
[2021-07-16 08:35:09,287] {logging_mixin.py:104} INFO - [2021-07-16 08:35:09,287] {dagbag.py:496} INFO - Filling up the DagBag from /home/airflow/.local/lib/python3.6/site-packages/airflow/example_dags/example_skip_dag.py
[2021-07-16 08:35:09,320] {scheduler_job.py:642} INFO - DAG(s) dict_keys(['example_skip_dag']) retrieved from /home/airflow/.local/lib/python3.6/site-packages/airflow/example_dags/example_skip_dag.py
[2021-07-16 08:35:09,371] {logging_mixin.py:104} INFO - [2021-07-16 08:35:09,370] {dag.py:1833} INFO - Sync 1 DAGs
[2021-07-16 08:35:09,410] {logging_mixin.py:104} INFO - [2021-07-16 08:35:09,409] {dag.py:2306} INFO - Setting next_dagrun for example_skip_dag to 2021-07-14 00:00:00+00:00
[2021-07-16 08:35:09,440] {scheduler_job.py:189} INFO - Processing /home/airflow/.local/lib/python3.6/site-packages/airflow/example_dags/example_skip_dag.py took 0.165 seconds
[2021-07-16 08:36:01,286] {scheduler_job.py:181} INFO - Started process (PID=303) to work on /home/airflow/.local/lib/python3.6/site-packages/airflow/example_dags/example_skip_dag.py
[2021-07-16 08:36:01,291] {scheduler_job.py:632} INFO - Processing file /home/airflow/.local/lib/python3.6/site-packages/airflow/example_dags/example_skip_dag.py for tasks to queue
[2021-07-16 08:36:01,298] {logging_mixin.py:104} INFO - [2021-07-16 08:36:01,295] {dagbag.py:496} INFO - Filling up the DagBag from /home/airflow/.local/lib/python3.6/site-packages/airflow/example_dags/example_skip_dag.py
[2021-07-16 08:36:01,344] {scheduler_job.py:642} INFO - DAG(s) dict_keys(['example_skip_dag']) retrieved from /home/airflow/.local/lib/python3.6/site-packages/airflow/example_dags/example_skip_dag.py
[2021-07-16 08:36:01,470] {logging_mixin.py:104} INFO - [2021-07-16 08:36:01,470] {dag.py:1833} INFO - Sync 1 DAGs
[2021-07-16 08:36:01,504] {logging_mixin.py:104} INFO - [2021-07-16 08:36:01,503] {dag.py:2306} INFO - Setting next_dagrun for example_skip_dag to 2021-07-14 00:00:00+00:00
[2021-07-16 08:36:01,520] {scheduler_job.py:189} INFO - Processing /home/airflow/.local/lib/python3.6/site-packages/airflow/example_dags/example_skip_dag.py took 0.254 seconds
[2021-07-16 08:36:34,140] {scheduler_job.py:181} INFO - Started process (PID=356) to work on /home/airflow/.local/lib/python3.6/site-packages/airflow/example_dags/example_skip_dag.py
[2021-07-16 08:36:34,143] {scheduler_job.py:632} INFO - Processing file /home/airflow/.local/lib/python3.6/site-packages/airflow/example_dags/example_skip_dag.py for tasks to queue
[2021-07-16 08:36:34,145] {logging_mixin.py:104} INFO - [2021-07-16 08:36:34,145] {dagbag.py:496} INFO - Filling up the DagBag from /home/airflow/.local/lib/python3.6/site-packages/airflow/example_dags/example_skip_dag.py
[2021-07-16 08:36:34,172] {scheduler_job.py:642} INFO - DAG(s) dict_keys(['example_skip_dag']) retrieved from /home/airflow/.local/lib/python3.6/site-packages/airflow/example_dags/example_skip_dag.py
[2021-07-16 08:36:34,260] {logging_mixin.py:104} INFO - [2021-07-16 08:36:34,259] {dag.py:1833} INFO - Sync 1 DAGs
[2021-07-16 08:36:34,400] {logging_mixin.py:104} INFO - [2021-07-16 08:36:34,400] {dag.py:2306} INFO - Setting next_dagrun for example_skip_dag to 2021-07-14 00:00:00+00:00
[2021-07-16 08:36:34,436] {scheduler_job.py:189} INFO - Processing /home/airflow/.local/lib/python3.6/site-packages/airflow/example_dags/example_skip_dag.py took 0.305 seconds
[2021-07-16 08:37:11,325] {scheduler_job.py:181} INFO - Started process (PID=408) to work on /home/airflow/.local/lib/python3.6/site-packages/airflow/example_dags/example_skip_dag.py
[2021-07-16 08:37:11,327] {scheduler_job.py:632} INFO - Processing file /home/airflow/.local/lib/python3.6/site-packages/airflow/example_dags/example_skip_dag.py for tasks to queue
[2021-07-16 08:37:11,329] {logging_mixin.py:104} INFO - [2021-07-16 08:37:11,329] {dagbag.py:496} INFO - Filling up the DagBag from /home/airflow/.local/lib/python3.6/site-packages/airflow/example_dags/example_skip_dag.py
[2021-07-16 08:37:11,352] {scheduler_job.py:642} INFO - DAG(s) dict_keys(['example_skip_dag']) retrieved from /home/airflow/.local/lib/python3.6/site-packages/airflow/example_dags/example_skip_dag.py
[2021-07-16 08:37:11,418] {logging_mixin.py:104} INFO - [2021-07-16 08:37:11,418] {dag.py:1833} INFO - Sync 1 DAGs
[2021-07-16 08:37:11,466] {logging_mixin.py:104} INFO - [2021-07-16 08:37:11,466] {dag.py:2306} INFO - Setting next_dagrun for example_skip_dag to 2021-07-14 00:00:00+00:00
[2021-07-16 08:37:11,481] {scheduler_job.py:189} INFO - Processing /home/airflow/.local/lib/python3.6/site-packages/airflow/example_dags/example_skip_dag.py took 0.161 seconds
[2021-07-16 08:37:54,814] {scheduler_job.py:181} INFO - Started process (PID=462) to work on /home/airflow/.local/lib/python3.6/site-packages/airflow/example_dags/example_skip_dag.py
[2021-07-16 08:37:54,819] {scheduler_job.py:632} INFO - Processing file /home/airflow/.local/lib/python3.6/site-packages/airflow/example_dags/example_skip_dag.py for tasks to queue
[2021-07-16 08:37:54,822] {logging_mixin.py:104} INFO - [2021-07-16 08:37:54,822] {dagbag.py:496} INFO - Filling up the DagBag from /home/airflow/.local/lib/python3.6/site-packages/airflow/example_dags/example_skip_dag.py
[2021-07-16 08:37:54,852] {scheduler_job.py:642} INFO - DAG(s) dict_keys(['example_skip_dag']) retrieved from /home/airflow/.local/lib/python3.6/site-packages/airflow/example_dags/example_skip_dag.py
[2021-07-16 08:37:54,921] {logging_mixin.py:104} INFO - [2021-07-16 08:37:54,921] {dag.py:1833} INFO - Sync 1 DAGs
[2021-07-16 08:37:54,964] {logging_mixin.py:104} INFO - [2021-07-16 08:37:54,963] {dag.py:2306} INFO - Setting next_dagrun for example_skip_dag to 2021-07-14 00:00:00+00:00
[2021-07-16 08:37:54,986] {scheduler_job.py:189} INFO - Processing /home/airflow/.local/lib/python3.6/site-packages/airflow/example_dags/example_skip_dag.py took 0.177 seconds
[2021-07-16 08:38:37,736] {scheduler_job.py:181} INFO - Started process (PID=525) to work on /home/airflow/.local/lib/python3.6/site-packages/airflow/example_dags/example_skip_dag.py
[2021-07-16 08:38:37,739] {scheduler_job.py:632} INFO - Processing file /home/airflow/.local/lib/python3.6/site-packages/airflow/example_dags/example_skip_dag.py for tasks to queue
[2021-07-16 08:38:37,741] {logging_mixin.py:104} INFO - [2021-07-16 08:38:37,741] {dagbag.py:496} INFO - Filling up the DagBag from /home/airflow/.local/lib/python3.6/site-packages/airflow/example_dags/example_skip_dag.py
[2021-07-16 08:38:37,764] {scheduler_job.py:642} INFO - DAG(s) dict_keys(['example_skip_dag']) retrieved from /home/airflow/.local/lib/python3.6/site-packages/airflow/example_dags/example_skip_dag.py
[2021-07-16 08:38:37,816] {logging_mixin.py:104} INFO - [2021-07-16 08:38:37,816] {dag.py:1833} INFO - Sync 1 DAGs
[2021-07-16 08:38:37,858] {logging_mixin.py:104} INFO - [2021-07-16 08:38:37,858] {dag.py:2306} INFO - Setting next_dagrun for example_skip_dag to 2021-07-14 00:00:00+00:00
[2021-07-16 08:38:37,878] {scheduler_job.py:189} INFO - Processing /home/airflow/.local/lib/python3.6/site-packages/airflow/example_dags/example_skip_dag.py took 0.148 seconds
