[2021-07-16 08:27:17,235] {scheduler_job.py:181} INFO - Started process (PID=143) to work on /home/airflow/.local/lib/python3.6/site-packages/airflow/example_dags/example_trigger_controller_dag.py
[2021-07-16 08:27:17,240] {scheduler_job.py:632} INFO - Processing file /home/airflow/.local/lib/python3.6/site-packages/airflow/example_dags/example_trigger_controller_dag.py for tasks to queue
[2021-07-16 08:27:17,245] {logging_mixin.py:104} INFO - [2021-07-16 08:27:17,244] {dagbag.py:496} INFO - Filling up the DagBag from /home/airflow/.local/lib/python3.6/site-packages/airflow/example_dags/example_trigger_controller_dag.py
[2021-07-16 08:27:17,295] {scheduler_job.py:642} INFO - DAG(s) dict_keys(['example_trigger_controller_dag']) retrieved from /home/airflow/.local/lib/python3.6/site-packages/airflow/example_dags/example_trigger_controller_dag.py
[2021-07-16 08:27:23,300] {logging_mixin.py:104} INFO - [2021-07-16 08:27:23,297] {dag.py:1833} INFO - Sync 1 DAGs
[2021-07-16 08:27:23,368] {logging_mixin.py:104} INFO - [2021-07-16 08:27:23,353] {dag.py:1852} INFO - Creating ORM DAG for example_trigger_controller_dag
[2021-07-16 08:27:23,521] {logging_mixin.py:104} INFO - [2021-07-16 08:27:23,520] {dag.py:2306} INFO - Setting next_dagrun for example_trigger_controller_dag to 2021-07-14 00:00:00+00:00
[2021-07-16 08:27:23,594] {scheduler_job.py:189} INFO - Processing /home/airflow/.local/lib/python3.6/site-packages/airflow/example_dags/example_trigger_controller_dag.py took 6.371 seconds
[2021-07-16 08:33:02,593] {scheduler_job.py:181} INFO - Started process (PID=54) to work on /home/airflow/.local/lib/python3.6/site-packages/airflow/example_dags/example_trigger_controller_dag.py
[2021-07-16 08:33:02,610] {scheduler_job.py:632} INFO - Processing file /home/airflow/.local/lib/python3.6/site-packages/airflow/example_dags/example_trigger_controller_dag.py for tasks to queue
[2021-07-16 08:33:02,616] {logging_mixin.py:104} INFO - [2021-07-16 08:33:02,616] {dagbag.py:496} INFO - Filling up the DagBag from /home/airflow/.local/lib/python3.6/site-packages/airflow/example_dags/example_trigger_controller_dag.py
[2021-07-16 08:33:02,719] {scheduler_job.py:642} INFO - DAG(s) dict_keys(['example_trigger_controller_dag']) retrieved from /home/airflow/.local/lib/python3.6/site-packages/airflow/example_dags/example_trigger_controller_dag.py
[2021-07-16 08:33:02,860] {logging_mixin.py:104} INFO - [2021-07-16 08:33:02,860] {dag.py:1833} INFO - Sync 1 DAGs
[2021-07-16 08:33:02,989] {logging_mixin.py:104} INFO - [2021-07-16 08:33:02,989] {dag.py:2306} INFO - Setting next_dagrun for example_trigger_controller_dag to 2021-07-14 00:00:00+00:00
[2021-07-16 08:33:03,039] {scheduler_job.py:189} INFO - Processing /home/airflow/.local/lib/python3.6/site-packages/airflow/example_dags/example_trigger_controller_dag.py took 0.475 seconds
[2021-07-16 08:33:53,387] {scheduler_job.py:181} INFO - Started process (PID=109) to work on /home/airflow/.local/lib/python3.6/site-packages/airflow/example_dags/example_trigger_controller_dag.py
[2021-07-16 08:33:53,398] {scheduler_job.py:632} INFO - Processing file /home/airflow/.local/lib/python3.6/site-packages/airflow/example_dags/example_trigger_controller_dag.py for tasks to queue
[2021-07-16 08:33:53,400] {logging_mixin.py:104} INFO - [2021-07-16 08:33:53,399] {dagbag.py:496} INFO - Filling up the DagBag from /home/airflow/.local/lib/python3.6/site-packages/airflow/example_dags/example_trigger_controller_dag.py
[2021-07-16 08:33:53,446] {scheduler_job.py:642} INFO - DAG(s) dict_keys(['example_trigger_controller_dag']) retrieved from /home/airflow/.local/lib/python3.6/site-packages/airflow/example_dags/example_trigger_controller_dag.py
[2021-07-16 08:33:53,572] {logging_mixin.py:104} INFO - [2021-07-16 08:33:53,572] {dag.py:1833} INFO - Sync 1 DAGs
[2021-07-16 08:33:53,617] {logging_mixin.py:104} INFO - [2021-07-16 08:33:53,617] {dag.py:2306} INFO - Setting next_dagrun for example_trigger_controller_dag to 2021-07-14 00:00:00+00:00
[2021-07-16 08:33:53,640] {scheduler_job.py:189} INFO - Processing /home/airflow/.local/lib/python3.6/site-packages/airflow/example_dags/example_trigger_controller_dag.py took 0.270 seconds
[2021-07-16 08:34:33,596] {scheduler_job.py:181} INFO - Started process (PID=186) to work on /home/airflow/.local/lib/python3.6/site-packages/airflow/example_dags/example_trigger_controller_dag.py
[2021-07-16 08:34:33,600] {scheduler_job.py:632} INFO - Processing file /home/airflow/.local/lib/python3.6/site-packages/airflow/example_dags/example_trigger_controller_dag.py for tasks to queue
[2021-07-16 08:34:33,603] {logging_mixin.py:104} INFO - [2021-07-16 08:34:33,602] {dagbag.py:496} INFO - Filling up the DagBag from /home/airflow/.local/lib/python3.6/site-packages/airflow/example_dags/example_trigger_controller_dag.py
[2021-07-16 08:34:33,628] {scheduler_job.py:642} INFO - DAG(s) dict_keys(['example_trigger_controller_dag']) retrieved from /home/airflow/.local/lib/python3.6/site-packages/airflow/example_dags/example_trigger_controller_dag.py
[2021-07-16 08:34:33,670] {logging_mixin.py:104} INFO - [2021-07-16 08:34:33,670] {dag.py:1833} INFO - Sync 1 DAGs
[2021-07-16 08:34:33,692] {logging_mixin.py:104} INFO - [2021-07-16 08:34:33,692] {dag.py:2306} INFO - Setting next_dagrun for example_trigger_controller_dag to 2021-07-14 00:00:00+00:00
[2021-07-16 08:34:33,723] {scheduler_job.py:189} INFO - Processing /home/airflow/.local/lib/python3.6/site-packages/airflow/example_dags/example_trigger_controller_dag.py took 0.133 seconds
[2021-07-16 08:35:08,956] {scheduler_job.py:181} INFO - Started process (PID=236) to work on /home/airflow/.local/lib/python3.6/site-packages/airflow/example_dags/example_trigger_controller_dag.py
[2021-07-16 08:35:08,963] {scheduler_job.py:632} INFO - Processing file /home/airflow/.local/lib/python3.6/site-packages/airflow/example_dags/example_trigger_controller_dag.py for tasks to queue
[2021-07-16 08:35:08,967] {logging_mixin.py:104} INFO - [2021-07-16 08:35:08,966] {dagbag.py:496} INFO - Filling up the DagBag from /home/airflow/.local/lib/python3.6/site-packages/airflow/example_dags/example_trigger_controller_dag.py
[2021-07-16 08:35:09,021] {scheduler_job.py:642} INFO - DAG(s) dict_keys(['example_trigger_controller_dag']) retrieved from /home/airflow/.local/lib/python3.6/site-packages/airflow/example_dags/example_trigger_controller_dag.py
[2021-07-16 08:35:09,103] {logging_mixin.py:104} INFO - [2021-07-16 08:35:09,103] {dag.py:1833} INFO - Sync 1 DAGs
[2021-07-16 08:35:09,158] {logging_mixin.py:104} INFO - [2021-07-16 08:35:09,157] {dag.py:2306} INFO - Setting next_dagrun for example_trigger_controller_dag to 2021-07-14 00:00:00+00:00
[2021-07-16 08:35:09,199] {scheduler_job.py:189} INFO - Processing /home/airflow/.local/lib/python3.6/site-packages/airflow/example_dags/example_trigger_controller_dag.py took 0.272 seconds
[2021-07-16 08:36:00,404] {scheduler_job.py:181} INFO - Started process (PID=300) to work on /home/airflow/.local/lib/python3.6/site-packages/airflow/example_dags/example_trigger_controller_dag.py
[2021-07-16 08:36:00,408] {scheduler_job.py:632} INFO - Processing file /home/airflow/.local/lib/python3.6/site-packages/airflow/example_dags/example_trigger_controller_dag.py for tasks to queue
[2021-07-16 08:36:00,411] {logging_mixin.py:104} INFO - [2021-07-16 08:36:00,411] {dagbag.py:496} INFO - Filling up the DagBag from /home/airflow/.local/lib/python3.6/site-packages/airflow/example_dags/example_trigger_controller_dag.py
[2021-07-16 08:36:00,486] {scheduler_job.py:642} INFO - DAG(s) dict_keys(['example_trigger_controller_dag']) retrieved from /home/airflow/.local/lib/python3.6/site-packages/airflow/example_dags/example_trigger_controller_dag.py
[2021-07-16 08:36:00,554] {logging_mixin.py:104} INFO - [2021-07-16 08:36:00,554] {dag.py:1833} INFO - Sync 1 DAGs
[2021-07-16 08:36:00,654] {logging_mixin.py:104} INFO - [2021-07-16 08:36:00,653] {dag.py:2306} INFO - Setting next_dagrun for example_trigger_controller_dag to 2021-07-14 00:00:00+00:00
[2021-07-16 08:36:00,697] {scheduler_job.py:189} INFO - Processing /home/airflow/.local/lib/python3.6/site-packages/airflow/example_dags/example_trigger_controller_dag.py took 0.303 seconds
[2021-07-16 08:36:33,894] {scheduler_job.py:181} INFO - Started process (PID=354) to work on /home/airflow/.local/lib/python3.6/site-packages/airflow/example_dags/example_trigger_controller_dag.py
[2021-07-16 08:36:33,898] {scheduler_job.py:632} INFO - Processing file /home/airflow/.local/lib/python3.6/site-packages/airflow/example_dags/example_trigger_controller_dag.py for tasks to queue
[2021-07-16 08:36:33,900] {logging_mixin.py:104} INFO - [2021-07-16 08:36:33,900] {dagbag.py:496} INFO - Filling up the DagBag from /home/airflow/.local/lib/python3.6/site-packages/airflow/example_dags/example_trigger_controller_dag.py
[2021-07-16 08:36:33,931] {scheduler_job.py:642} INFO - DAG(s) dict_keys(['example_trigger_controller_dag']) retrieved from /home/airflow/.local/lib/python3.6/site-packages/airflow/example_dags/example_trigger_controller_dag.py
[2021-07-16 08:36:33,988] {logging_mixin.py:104} INFO - [2021-07-16 08:36:33,987] {dag.py:1833} INFO - Sync 1 DAGs
[2021-07-16 08:36:34,036] {logging_mixin.py:104} INFO - [2021-07-16 08:36:34,035] {dag.py:2306} INFO - Setting next_dagrun for example_trigger_controller_dag to 2021-07-14 00:00:00+00:00
[2021-07-16 08:36:34,069] {scheduler_job.py:189} INFO - Processing /home/airflow/.local/lib/python3.6/site-packages/airflow/example_dags/example_trigger_controller_dag.py took 0.184 seconds
[2021-07-16 08:37:10,773] {scheduler_job.py:181} INFO - Started process (PID=405) to work on /home/airflow/.local/lib/python3.6/site-packages/airflow/example_dags/example_trigger_controller_dag.py
[2021-07-16 08:37:10,784] {scheduler_job.py:632} INFO - Processing file /home/airflow/.local/lib/python3.6/site-packages/airflow/example_dags/example_trigger_controller_dag.py for tasks to queue
[2021-07-16 08:37:10,792] {logging_mixin.py:104} INFO - [2021-07-16 08:37:10,792] {dagbag.py:496} INFO - Filling up the DagBag from /home/airflow/.local/lib/python3.6/site-packages/airflow/example_dags/example_trigger_controller_dag.py
[2021-07-16 08:37:10,839] {scheduler_job.py:642} INFO - DAG(s) dict_keys(['example_trigger_controller_dag']) retrieved from /home/airflow/.local/lib/python3.6/site-packages/airflow/example_dags/example_trigger_controller_dag.py
[2021-07-16 08:37:10,914] {logging_mixin.py:104} INFO - [2021-07-16 08:37:10,914] {dag.py:1833} INFO - Sync 1 DAGs
[2021-07-16 08:37:10,997] {logging_mixin.py:104} INFO - [2021-07-16 08:37:10,997] {dag.py:2306} INFO - Setting next_dagrun for example_trigger_controller_dag to 2021-07-14 00:00:00+00:00
[2021-07-16 08:37:11,026] {scheduler_job.py:189} INFO - Processing /home/airflow/.local/lib/python3.6/site-packages/airflow/example_dags/example_trigger_controller_dag.py took 0.285 seconds
[2021-07-16 08:37:54,262] {scheduler_job.py:181} INFO - Started process (PID=459) to work on /home/airflow/.local/lib/python3.6/site-packages/airflow/example_dags/example_trigger_controller_dag.py
[2021-07-16 08:37:54,275] {scheduler_job.py:632} INFO - Processing file /home/airflow/.local/lib/python3.6/site-packages/airflow/example_dags/example_trigger_controller_dag.py for tasks to queue
[2021-07-16 08:37:54,283] {logging_mixin.py:104} INFO - [2021-07-16 08:37:54,282] {dagbag.py:496} INFO - Filling up the DagBag from /home/airflow/.local/lib/python3.6/site-packages/airflow/example_dags/example_trigger_controller_dag.py
[2021-07-16 08:37:54,309] {scheduler_job.py:642} INFO - DAG(s) dict_keys(['example_trigger_controller_dag']) retrieved from /home/airflow/.local/lib/python3.6/site-packages/airflow/example_dags/example_trigger_controller_dag.py
[2021-07-16 08:37:54,359] {logging_mixin.py:104} INFO - [2021-07-16 08:37:54,359] {dag.py:1833} INFO - Sync 1 DAGs
[2021-07-16 08:37:54,403] {logging_mixin.py:104} INFO - [2021-07-16 08:37:54,403] {dag.py:2306} INFO - Setting next_dagrun for example_trigger_controller_dag to 2021-07-14 00:00:00+00:00
[2021-07-16 08:37:54,448] {scheduler_job.py:189} INFO - Processing /home/airflow/.local/lib/python3.6/site-packages/airflow/example_dags/example_trigger_controller_dag.py took 0.198 seconds
[2021-07-16 08:38:37,433] {scheduler_job.py:181} INFO - Started process (PID=522) to work on /home/airflow/.local/lib/python3.6/site-packages/airflow/example_dags/example_trigger_controller_dag.py
[2021-07-16 08:38:37,437] {scheduler_job.py:632} INFO - Processing file /home/airflow/.local/lib/python3.6/site-packages/airflow/example_dags/example_trigger_controller_dag.py for tasks to queue
[2021-07-16 08:38:37,439] {logging_mixin.py:104} INFO - [2021-07-16 08:38:37,439] {dagbag.py:496} INFO - Filling up the DagBag from /home/airflow/.local/lib/python3.6/site-packages/airflow/example_dags/example_trigger_controller_dag.py
[2021-07-16 08:38:37,463] {scheduler_job.py:642} INFO - DAG(s) dict_keys(['example_trigger_controller_dag']) retrieved from /home/airflow/.local/lib/python3.6/site-packages/airflow/example_dags/example_trigger_controller_dag.py
[2021-07-16 08:38:37,517] {logging_mixin.py:104} INFO - [2021-07-16 08:38:37,516] {dag.py:1833} INFO - Sync 1 DAGs
[2021-07-16 08:38:37,575] {logging_mixin.py:104} INFO - [2021-07-16 08:38:37,575] {dag.py:2306} INFO - Setting next_dagrun for example_trigger_controller_dag to 2021-07-14 00:00:00+00:00
[2021-07-16 08:38:37,595] {scheduler_job.py:189} INFO - Processing /home/airflow/.local/lib/python3.6/site-packages/airflow/example_dags/example_trigger_controller_dag.py took 0.168 seconds
