[2021-07-16 08:25:56,038] {scheduler_job.py:181} INFO - Started process (PID=28) to work on /home/airflow/.local/lib/python3.6/site-packages/airflow/example_dags/example_branch_operator.py
[2021-07-16 08:25:56,049] {scheduler_job.py:632} INFO - Processing file /home/airflow/.local/lib/python3.6/site-packages/airflow/example_dags/example_branch_operator.py for tasks to queue
[2021-07-16 08:25:56,051] {logging_mixin.py:104} INFO - [2021-07-16 08:25:56,051] {dagbag.py:496} INFO - Filling up the DagBag from /home/airflow/.local/lib/python3.6/site-packages/airflow/example_dags/example_branch_operator.py
[2021-07-16 08:25:56,131] {scheduler_job.py:642} INFO - DAG(s) dict_keys(['example_branch_operator']) retrieved from /home/airflow/.local/lib/python3.6/site-packages/airflow/example_dags/example_branch_operator.py
[2021-07-16 08:26:23,653] {logging_mixin.py:104} INFO - [2021-07-16 08:26:23,652] {dag.py:1833} INFO - Sync 1 DAGs
[2021-07-16 08:26:23,667] {logging_mixin.py:104} INFO - [2021-07-16 08:26:23,666] {dag.py:1852} INFO - Creating ORM DAG for example_branch_operator
[2021-07-16 08:26:23,680] {logging_mixin.py:104} INFO - [2021-07-16 08:26:23,680] {dag.py:2306} INFO - Setting next_dagrun for example_branch_operator to 2021-07-14 00:00:00+00:00
[2021-07-16 08:26:23,699] {scheduler_job.py:189} INFO - Processing /home/airflow/.local/lib/python3.6/site-packages/airflow/example_dags/example_branch_operator.py took 27.708 seconds
[2021-07-16 08:28:25,316] {scheduler_job.py:181} INFO - Started process (PID=236) to work on /home/airflow/.local/lib/python3.6/site-packages/airflow/example_dags/example_branch_operator.py
[2021-07-16 08:28:25,321] {scheduler_job.py:632} INFO - Processing file /home/airflow/.local/lib/python3.6/site-packages/airflow/example_dags/example_branch_operator.py for tasks to queue
[2021-07-16 08:28:25,323] {logging_mixin.py:104} INFO - [2021-07-16 08:28:25,323] {dagbag.py:496} INFO - Filling up the DagBag from /home/airflow/.local/lib/python3.6/site-packages/airflow/example_dags/example_branch_operator.py
[2021-07-16 08:28:25,363] {scheduler_job.py:642} INFO - DAG(s) dict_keys(['example_branch_operator']) retrieved from /home/airflow/.local/lib/python3.6/site-packages/airflow/example_dags/example_branch_operator.py
[2021-07-16 08:28:25,416] {logging_mixin.py:104} INFO - [2021-07-16 08:28:25,416] {dag.py:1833} INFO - Sync 1 DAGs
[2021-07-16 08:28:25,459] {logging_mixin.py:104} INFO - [2021-07-16 08:28:25,459] {dag.py:2306} INFO - Setting next_dagrun for example_branch_operator to 2021-07-14 00:00:00+00:00
[2021-07-16 08:28:25,493] {scheduler_job.py:189} INFO - Processing /home/airflow/.local/lib/python3.6/site-packages/airflow/example_dags/example_branch_operator.py took 0.185 seconds
[2021-07-16 08:32:54,748] {scheduler_job.py:181} INFO - Started process (PID=38) to work on /home/airflow/.local/lib/python3.6/site-packages/airflow/example_dags/example_branch_operator.py
[2021-07-16 08:32:54,756] {scheduler_job.py:632} INFO - Processing file /home/airflow/.local/lib/python3.6/site-packages/airflow/example_dags/example_branch_operator.py for tasks to queue
[2021-07-16 08:32:54,771] {logging_mixin.py:104} INFO - [2021-07-16 08:32:54,771] {dagbag.py:496} INFO - Filling up the DagBag from /home/airflow/.local/lib/python3.6/site-packages/airflow/example_dags/example_branch_operator.py
[2021-07-16 08:32:54,978] {scheduler_job.py:642} INFO - DAG(s) dict_keys(['example_branch_operator']) retrieved from /home/airflow/.local/lib/python3.6/site-packages/airflow/example_dags/example_branch_operator.py
[2021-07-16 08:32:55,141] {logging_mixin.py:104} INFO - [2021-07-16 08:32:55,141] {dag.py:1833} INFO - Sync 1 DAGs
[2021-07-16 08:32:55,260] {logging_mixin.py:104} INFO - [2021-07-16 08:32:55,259] {dag.py:2306} INFO - Setting next_dagrun for example_branch_operator to 2021-07-14 00:00:00+00:00
[2021-07-16 08:32:55,322] {scheduler_job.py:189} INFO - Processing /home/airflow/.local/lib/python3.6/site-packages/airflow/example_dags/example_branch_operator.py took 0.614 seconds
[2021-07-16 08:33:25,594] {scheduler_job.py:181} INFO - Started process (PID=81) to work on /home/airflow/.local/lib/python3.6/site-packages/airflow/example_dags/example_branch_operator.py
[2021-07-16 08:33:25,604] {scheduler_job.py:632} INFO - Processing file /home/airflow/.local/lib/python3.6/site-packages/airflow/example_dags/example_branch_operator.py for tasks to queue
[2021-07-16 08:33:25,623] {logging_mixin.py:104} INFO - [2021-07-16 08:33:25,622] {dagbag.py:496} INFO - Filling up the DagBag from /home/airflow/.local/lib/python3.6/site-packages/airflow/example_dags/example_branch_operator.py
[2021-07-16 08:33:25,795] {scheduler_job.py:642} INFO - DAG(s) dict_keys(['example_branch_operator']) retrieved from /home/airflow/.local/lib/python3.6/site-packages/airflow/example_dags/example_branch_operator.py
[2021-07-16 08:33:26,223] {logging_mixin.py:104} INFO - [2021-07-16 08:33:26,223] {dag.py:1833} INFO - Sync 1 DAGs
[2021-07-16 08:33:26,484] {logging_mixin.py:104} INFO - [2021-07-16 08:33:26,475] {dag.py:2306} INFO - Setting next_dagrun for example_branch_operator to 2021-07-14 00:00:00+00:00
[2021-07-16 08:33:26,565] {scheduler_job.py:189} INFO - Processing /home/airflow/.local/lib/python3.6/site-packages/airflow/example_dags/example_branch_operator.py took 0.989 seconds
[2021-07-16 08:33:57,089] {scheduler_job.py:181} INFO - Started process (PID=124) to work on /home/airflow/.local/lib/python3.6/site-packages/airflow/example_dags/example_branch_operator.py
[2021-07-16 08:33:57,098] {scheduler_job.py:632} INFO - Processing file /home/airflow/.local/lib/python3.6/site-packages/airflow/example_dags/example_branch_operator.py for tasks to queue
[2021-07-16 08:33:57,111] {logging_mixin.py:104} INFO - [2021-07-16 08:33:57,111] {dagbag.py:496} INFO - Filling up the DagBag from /home/airflow/.local/lib/python3.6/site-packages/airflow/example_dags/example_branch_operator.py
[2021-07-16 08:33:57,162] {scheduler_job.py:642} INFO - DAG(s) dict_keys(['example_branch_operator']) retrieved from /home/airflow/.local/lib/python3.6/site-packages/airflow/example_dags/example_branch_operator.py
[2021-07-16 08:33:57,225] {logging_mixin.py:104} INFO - [2021-07-16 08:33:57,225] {dag.py:1833} INFO - Sync 1 DAGs
[2021-07-16 08:33:57,285] {logging_mixin.py:104} INFO - [2021-07-16 08:33:57,285] {dag.py:2306} INFO - Setting next_dagrun for example_branch_operator to 2021-07-14 00:00:00+00:00
[2021-07-16 08:33:57,364] {scheduler_job.py:189} INFO - Processing /home/airflow/.local/lib/python3.6/site-packages/airflow/example_dags/example_branch_operator.py took 0.283 seconds
[2021-07-16 08:34:32,056] {scheduler_job.py:181} INFO - Started process (PID=173) to work on /home/airflow/.local/lib/python3.6/site-packages/airflow/example_dags/example_branch_operator.py
[2021-07-16 08:34:32,059] {scheduler_job.py:632} INFO - Processing file /home/airflow/.local/lib/python3.6/site-packages/airflow/example_dags/example_branch_operator.py for tasks to queue
[2021-07-16 08:34:32,063] {logging_mixin.py:104} INFO - [2021-07-16 08:34:32,063] {dagbag.py:496} INFO - Filling up the DagBag from /home/airflow/.local/lib/python3.6/site-packages/airflow/example_dags/example_branch_operator.py
[2021-07-16 08:34:32,120] {scheduler_job.py:642} INFO - DAG(s) dict_keys(['example_branch_operator']) retrieved from /home/airflow/.local/lib/python3.6/site-packages/airflow/example_dags/example_branch_operator.py
[2021-07-16 08:34:32,192] {logging_mixin.py:104} INFO - [2021-07-16 08:34:32,192] {dag.py:1833} INFO - Sync 1 DAGs
[2021-07-16 08:34:32,264] {logging_mixin.py:104} INFO - [2021-07-16 08:34:32,263] {dag.py:2306} INFO - Setting next_dagrun for example_branch_operator to 2021-07-14 00:00:00+00:00
[2021-07-16 08:34:32,280] {scheduler_job.py:189} INFO - Processing /home/airflow/.local/lib/python3.6/site-packages/airflow/example_dags/example_branch_operator.py took 0.232 seconds
[2021-07-16 08:35:06,328] {scheduler_job.py:181} INFO - Started process (PID=222) to work on /home/airflow/.local/lib/python3.6/site-packages/airflow/example_dags/example_branch_operator.py
[2021-07-16 08:35:06,335] {scheduler_job.py:632} INFO - Processing file /home/airflow/.local/lib/python3.6/site-packages/airflow/example_dags/example_branch_operator.py for tasks to queue
[2021-07-16 08:35:06,338] {logging_mixin.py:104} INFO - [2021-07-16 08:35:06,338] {dagbag.py:496} INFO - Filling up the DagBag from /home/airflow/.local/lib/python3.6/site-packages/airflow/example_dags/example_branch_operator.py
[2021-07-16 08:35:06,400] {scheduler_job.py:642} INFO - DAG(s) dict_keys(['example_branch_operator']) retrieved from /home/airflow/.local/lib/python3.6/site-packages/airflow/example_dags/example_branch_operator.py
[2021-07-16 08:35:06,457] {logging_mixin.py:104} INFO - [2021-07-16 08:35:06,457] {dag.py:1833} INFO - Sync 1 DAGs
[2021-07-16 08:35:06,543] {logging_mixin.py:104} INFO - [2021-07-16 08:35:06,543] {dag.py:2306} INFO - Setting next_dagrun for example_branch_operator to 2021-07-14 00:00:00+00:00
[2021-07-16 08:35:06,630] {scheduler_job.py:189} INFO - Processing /home/airflow/.local/lib/python3.6/site-packages/airflow/example_dags/example_branch_operator.py took 0.309 seconds
[2021-07-16 08:35:56,025] {scheduler_job.py:181} INFO - Started process (PID=273) to work on /home/airflow/.local/lib/python3.6/site-packages/airflow/example_dags/example_branch_operator.py
[2021-07-16 08:35:56,039] {scheduler_job.py:632} INFO - Processing file /home/airflow/.local/lib/python3.6/site-packages/airflow/example_dags/example_branch_operator.py for tasks to queue
[2021-07-16 08:35:56,120] {logging_mixin.py:104} INFO - [2021-07-16 08:35:56,113] {dagbag.py:496} INFO - Filling up the DagBag from /home/airflow/.local/lib/python3.6/site-packages/airflow/example_dags/example_branch_operator.py
[2021-07-16 08:35:56,529] {scheduler_job.py:642} INFO - DAG(s) dict_keys(['example_branch_operator']) retrieved from /home/airflow/.local/lib/python3.6/site-packages/airflow/example_dags/example_branch_operator.py
[2021-07-16 08:35:56,712] {logging_mixin.py:104} INFO - [2021-07-16 08:35:56,706] {dag.py:1833} INFO - Sync 1 DAGs
[2021-07-16 08:35:56,897] {logging_mixin.py:104} INFO - [2021-07-16 08:35:56,897] {dag.py:2306} INFO - Setting next_dagrun for example_branch_operator to 2021-07-14 00:00:00+00:00
[2021-07-16 08:35:56,967] {scheduler_job.py:189} INFO - Processing /home/airflow/.local/lib/python3.6/site-packages/airflow/example_dags/example_branch_operator.py took 0.952 seconds
[2021-07-16 08:36:28,919] {scheduler_job.py:181} INFO - Started process (PID=328) to work on /home/airflow/.local/lib/python3.6/site-packages/airflow/example_dags/example_branch_operator.py
[2021-07-16 08:36:28,939] {scheduler_job.py:632} INFO - Processing file /home/airflow/.local/lib/python3.6/site-packages/airflow/example_dags/example_branch_operator.py for tasks to queue
[2021-07-16 08:36:28,956] {logging_mixin.py:104} INFO - [2021-07-16 08:36:28,956] {dagbag.py:496} INFO - Filling up the DagBag from /home/airflow/.local/lib/python3.6/site-packages/airflow/example_dags/example_branch_operator.py
[2021-07-16 08:36:29,044] {scheduler_job.py:642} INFO - DAG(s) dict_keys(['example_branch_operator']) retrieved from /home/airflow/.local/lib/python3.6/site-packages/airflow/example_dags/example_branch_operator.py
[2021-07-16 08:36:29,274] {logging_mixin.py:104} INFO - [2021-07-16 08:36:29,273] {dag.py:1833} INFO - Sync 1 DAGs
[2021-07-16 08:36:29,501] {logging_mixin.py:104} INFO - [2021-07-16 08:36:29,501] {dag.py:2306} INFO - Setting next_dagrun for example_branch_operator to 2021-07-14 00:00:00+00:00
[2021-07-16 08:36:29,552] {scheduler_job.py:189} INFO - Processing /home/airflow/.local/lib/python3.6/site-packages/airflow/example_dags/example_branch_operator.py took 0.656 seconds
[2021-07-16 08:37:00,566] {scheduler_job.py:181} INFO - Started process (PID=380) to work on /home/airflow/.local/lib/python3.6/site-packages/airflow/example_dags/example_branch_operator.py
[2021-07-16 08:37:00,612] {scheduler_job.py:632} INFO - Processing file /home/airflow/.local/lib/python3.6/site-packages/airflow/example_dags/example_branch_operator.py for tasks to queue
[2021-07-16 08:37:00,627] {logging_mixin.py:104} INFO - [2021-07-16 08:37:00,625] {dagbag.py:496} INFO - Filling up the DagBag from /home/airflow/.local/lib/python3.6/site-packages/airflow/example_dags/example_branch_operator.py
[2021-07-16 08:37:00,943] {scheduler_job.py:642} INFO - DAG(s) dict_keys(['example_branch_operator']) retrieved from /home/airflow/.local/lib/python3.6/site-packages/airflow/example_dags/example_branch_operator.py
[2021-07-16 08:37:07,468] {logging_mixin.py:104} INFO - [2021-07-16 08:37:07,467] {dag.py:1833} INFO - Sync 1 DAGs
[2021-07-16 08:37:07,531] {logging_mixin.py:104} INFO - [2021-07-16 08:37:07,531] {dag.py:2306} INFO - Setting next_dagrun for example_branch_operator to 2021-07-14 00:00:00+00:00
[2021-07-16 08:37:07,576] {scheduler_job.py:189} INFO - Processing /home/airflow/.local/lib/python3.6/site-packages/airflow/example_dags/example_branch_operator.py took 7.039 seconds
[2021-07-16 08:37:50,921] {scheduler_job.py:181} INFO - Started process (PID=444) to work on /home/airflow/.local/lib/python3.6/site-packages/airflow/example_dags/example_branch_operator.py
[2021-07-16 08:37:50,928] {scheduler_job.py:632} INFO - Processing file /home/airflow/.local/lib/python3.6/site-packages/airflow/example_dags/example_branch_operator.py for tasks to queue
[2021-07-16 08:37:50,931] {logging_mixin.py:104} INFO - [2021-07-16 08:37:50,931] {dagbag.py:496} INFO - Filling up the DagBag from /home/airflow/.local/lib/python3.6/site-packages/airflow/example_dags/example_branch_operator.py
[2021-07-16 08:37:51,025] {scheduler_job.py:642} INFO - DAG(s) dict_keys(['example_branch_operator']) retrieved from /home/airflow/.local/lib/python3.6/site-packages/airflow/example_dags/example_branch_operator.py
[2021-07-16 08:37:51,377] {logging_mixin.py:104} INFO - [2021-07-16 08:37:51,376] {dag.py:1833} INFO - Sync 1 DAGs
[2021-07-16 08:37:51,476] {logging_mixin.py:104} INFO - [2021-07-16 08:37:51,476] {dag.py:2306} INFO - Setting next_dagrun for example_branch_operator to 2021-07-14 00:00:00+00:00
[2021-07-16 08:37:51,542] {scheduler_job.py:189} INFO - Processing /home/airflow/.local/lib/python3.6/site-packages/airflow/example_dags/example_branch_operator.py took 0.829 seconds
[2021-07-16 08:38:22,376] {scheduler_job.py:181} INFO - Started process (PID=496) to work on /home/airflow/.local/lib/python3.6/site-packages/airflow/example_dags/example_branch_operator.py
[2021-07-16 08:38:22,383] {scheduler_job.py:632} INFO - Processing file /home/airflow/.local/lib/python3.6/site-packages/airflow/example_dags/example_branch_operator.py for tasks to queue
[2021-07-16 08:38:22,386] {logging_mixin.py:104} INFO - [2021-07-16 08:38:22,385] {dagbag.py:496} INFO - Filling up the DagBag from /home/airflow/.local/lib/python3.6/site-packages/airflow/example_dags/example_branch_operator.py
[2021-07-16 08:38:22,504] {scheduler_job.py:642} INFO - DAG(s) dict_keys(['example_branch_operator']) retrieved from /home/airflow/.local/lib/python3.6/site-packages/airflow/example_dags/example_branch_operator.py
[2021-07-16 08:38:34,184] {logging_mixin.py:104} INFO - [2021-07-16 08:38:34,184] {dag.py:1833} INFO - Sync 1 DAGs
[2021-07-16 08:38:34,316] {logging_mixin.py:104} INFO - [2021-07-16 08:38:34,316] {dag.py:2306} INFO - Setting next_dagrun for example_branch_operator to 2021-07-14 00:00:00+00:00
[2021-07-16 08:38:34,415] {scheduler_job.py:189} INFO - Processing /home/airflow/.local/lib/python3.6/site-packages/airflow/example_dags/example_branch_operator.py took 12.051 seconds
