[2021-07-16 08:27:10,344] {scheduler_job.py:181} INFO - Started process (PID=124) to work on /home/airflow/.local/lib/python3.6/site-packages/airflow/example_dags/example_dag_decorator.py
[2021-07-16 08:27:10,347] {scheduler_job.py:632} INFO - Processing file /home/airflow/.local/lib/python3.6/site-packages/airflow/example_dags/example_dag_decorator.py for tasks to queue
[2021-07-16 08:27:10,348] {logging_mixin.py:104} INFO - [2021-07-16 08:27:10,348] {dagbag.py:496} INFO - Filling up the DagBag from /home/airflow/.local/lib/python3.6/site-packages/airflow/example_dags/example_dag_decorator.py
[2021-07-16 08:27:10,394] {scheduler_job.py:642} INFO - DAG(s) dict_keys(['example_dag_decorator']) retrieved from /home/airflow/.local/lib/python3.6/site-packages/airflow/example_dags/example_dag_decorator.py
[2021-07-16 08:27:13,450] {logging_mixin.py:104} INFO - [2021-07-16 08:27:13,448] {dag.py:1833} INFO - Sync 1 DAGs
[2021-07-16 08:27:13,474] {logging_mixin.py:104} INFO - [2021-07-16 08:27:13,473] {dag.py:1852} INFO - Creating ORM DAG for example_dag_decorator
[2021-07-16 08:27:13,486] {logging_mixin.py:104} INFO - [2021-07-16 08:27:13,486] {dag.py:2306} INFO - Setting next_dagrun for example_dag_decorator to None
[2021-07-16 08:27:13,508] {scheduler_job.py:189} INFO - Processing /home/airflow/.local/lib/python3.6/site-packages/airflow/example_dags/example_dag_decorator.py took 3.169 seconds
[2021-07-16 08:28:28,793] {scheduler_job.py:181} INFO - Started process (PID=260) to work on /home/airflow/.local/lib/python3.6/site-packages/airflow/example_dags/example_dag_decorator.py
[2021-07-16 08:28:28,797] {scheduler_job.py:632} INFO - Processing file /home/airflow/.local/lib/python3.6/site-packages/airflow/example_dags/example_dag_decorator.py for tasks to queue
[2021-07-16 08:28:28,805] {logging_mixin.py:104} INFO - [2021-07-16 08:28:28,805] {dagbag.py:496} INFO - Filling up the DagBag from /home/airflow/.local/lib/python3.6/site-packages/airflow/example_dags/example_dag_decorator.py
[2021-07-16 08:28:29,086] {scheduler_job.py:642} INFO - DAG(s) dict_keys(['example_dag_decorator']) retrieved from /home/airflow/.local/lib/python3.6/site-packages/airflow/example_dags/example_dag_decorator.py
[2021-07-16 08:28:30,689] {logging_mixin.py:104} INFO - [2021-07-16 08:28:30,688] {dag.py:1833} INFO - Sync 1 DAGs
[2021-07-16 08:28:30,768] {logging_mixin.py:104} INFO - [2021-07-16 08:28:30,768] {dag.py:2306} INFO - Setting next_dagrun for example_dag_decorator to None
[2021-07-16 08:28:33,871] {logging_mixin.py:104} INFO - [2021-07-16 08:28:33,871] {process_utils.py:207} INFO - Waiting up to 5 seconds for processes to exit...
[2021-07-16 08:32:59,318] {scheduler_job.py:181} INFO - Started process (PID=51) to work on /home/airflow/.local/lib/python3.6/site-packages/airflow/example_dags/example_dag_decorator.py
[2021-07-16 08:32:59,333] {scheduler_job.py:632} INFO - Processing file /home/airflow/.local/lib/python3.6/site-packages/airflow/example_dags/example_dag_decorator.py for tasks to queue
[2021-07-16 08:32:59,341] {logging_mixin.py:104} INFO - [2021-07-16 08:32:59,340] {dagbag.py:496} INFO - Filling up the DagBag from /home/airflow/.local/lib/python3.6/site-packages/airflow/example_dags/example_dag_decorator.py
[2021-07-16 08:32:59,600] {scheduler_job.py:642} INFO - DAG(s) dict_keys(['example_dag_decorator']) retrieved from /home/airflow/.local/lib/python3.6/site-packages/airflow/example_dags/example_dag_decorator.py
[2021-07-16 08:33:02,216] {logging_mixin.py:104} INFO - [2021-07-16 08:33:02,216] {dag.py:1833} INFO - Sync 1 DAGs
[2021-07-16 08:33:02,248] {logging_mixin.py:104} INFO - [2021-07-16 08:33:02,248] {dag.py:2306} INFO - Setting next_dagrun for example_dag_decorator to None
[2021-07-16 08:33:02,265] {scheduler_job.py:189} INFO - Processing /home/airflow/.local/lib/python3.6/site-packages/airflow/example_dags/example_dag_decorator.py took 2.988 seconds
[2021-07-16 08:33:32,485] {scheduler_job.py:181} INFO - Started process (PID=104) to work on /home/airflow/.local/lib/python3.6/site-packages/airflow/example_dags/example_dag_decorator.py
[2021-07-16 08:33:32,506] {scheduler_job.py:632} INFO - Processing file /home/airflow/.local/lib/python3.6/site-packages/airflow/example_dags/example_dag_decorator.py for tasks to queue
[2021-07-16 08:33:32,522] {logging_mixin.py:104} INFO - [2021-07-16 08:33:32,521] {dagbag.py:496} INFO - Filling up the DagBag from /home/airflow/.local/lib/python3.6/site-packages/airflow/example_dags/example_dag_decorator.py
[2021-07-16 08:33:34,436] {scheduler_job.py:642} INFO - DAG(s) dict_keys(['example_dag_decorator']) retrieved from /home/airflow/.local/lib/python3.6/site-packages/airflow/example_dags/example_dag_decorator.py
[2021-07-16 08:33:52,676] {logging_mixin.py:104} INFO - [2021-07-16 08:33:52,676] {dag.py:1833} INFO - Sync 1 DAGs
[2021-07-16 08:33:52,716] {logging_mixin.py:104} INFO - [2021-07-16 08:33:52,716] {dag.py:2306} INFO - Setting next_dagrun for example_dag_decorator to None
[2021-07-16 08:33:52,774] {scheduler_job.py:189} INFO - Processing /home/airflow/.local/lib/python3.6/site-packages/airflow/example_dags/example_dag_decorator.py took 20.032 seconds
[2021-07-16 08:34:26,798] {scheduler_job.py:181} INFO - Started process (PID=157) to work on /home/airflow/.local/lib/python3.6/site-packages/airflow/example_dags/example_dag_decorator.py
[2021-07-16 08:34:26,892] {scheduler_job.py:632} INFO - Processing file /home/airflow/.local/lib/python3.6/site-packages/airflow/example_dags/example_dag_decorator.py for tasks to queue
[2021-07-16 08:34:26,927] {logging_mixin.py:104} INFO - [2021-07-16 08:34:26,912] {dagbag.py:496} INFO - Filling up the DagBag from /home/airflow/.local/lib/python3.6/site-packages/airflow/example_dags/example_dag_decorator.py
[2021-07-16 08:34:30,425] {scheduler_job.py:642} INFO - DAG(s) dict_keys(['example_dag_decorator']) retrieved from /home/airflow/.local/lib/python3.6/site-packages/airflow/example_dags/example_dag_decorator.py
[2021-07-16 08:34:31,650] {logging_mixin.py:104} INFO - [2021-07-16 08:34:31,650] {dag.py:1833} INFO - Sync 1 DAGs
[2021-07-16 08:34:31,718] {logging_mixin.py:104} INFO - [2021-07-16 08:34:31,718] {dag.py:2306} INFO - Setting next_dagrun for example_dag_decorator to None
[2021-07-16 08:34:31,769] {scheduler_job.py:189} INFO - Processing /home/airflow/.local/lib/python3.6/site-packages/airflow/example_dags/example_dag_decorator.py took 5.166 seconds
[2021-07-16 08:35:04,793] {scheduler_job.py:181} INFO - Started process (PID=217) to work on /home/airflow/.local/lib/python3.6/site-packages/airflow/example_dags/example_dag_decorator.py
[2021-07-16 08:35:04,838] {scheduler_job.py:632} INFO - Processing file /home/airflow/.local/lib/python3.6/site-packages/airflow/example_dags/example_dag_decorator.py for tasks to queue
[2021-07-16 08:35:04,849] {logging_mixin.py:104} INFO - [2021-07-16 08:35:04,848] {dagbag.py:496} INFO - Filling up the DagBag from /home/airflow/.local/lib/python3.6/site-packages/airflow/example_dags/example_dag_decorator.py
[2021-07-16 08:35:05,231] {scheduler_job.py:642} INFO - DAG(s) dict_keys(['example_dag_decorator']) retrieved from /home/airflow/.local/lib/python3.6/site-packages/airflow/example_dags/example_dag_decorator.py
[2021-07-16 08:35:05,989] {logging_mixin.py:104} INFO - [2021-07-16 08:35:05,989] {dag.py:1833} INFO - Sync 1 DAGs
[2021-07-16 08:35:06,056] {logging_mixin.py:104} INFO - [2021-07-16 08:35:06,055] {dag.py:2306} INFO - Setting next_dagrun for example_dag_decorator to None
[2021-07-16 08:35:06,110] {scheduler_job.py:189} INFO - Processing /home/airflow/.local/lib/python3.6/site-packages/airflow/example_dags/example_dag_decorator.py took 1.353 seconds
[2021-07-16 08:35:59,071] {scheduler_job.py:181} INFO - Started process (PID=285) to work on /home/airflow/.local/lib/python3.6/site-packages/airflow/example_dags/example_dag_decorator.py
[2021-07-16 08:35:59,074] {scheduler_job.py:632} INFO - Processing file /home/airflow/.local/lib/python3.6/site-packages/airflow/example_dags/example_dag_decorator.py for tasks to queue
[2021-07-16 08:35:59,077] {logging_mixin.py:104} INFO - [2021-07-16 08:35:59,077] {dagbag.py:496} INFO - Filling up the DagBag from /home/airflow/.local/lib/python3.6/site-packages/airflow/example_dags/example_dag_decorator.py
[2021-07-16 08:35:59,235] {scheduler_job.py:642} INFO - DAG(s) dict_keys(['example_dag_decorator']) retrieved from /home/airflow/.local/lib/python3.6/site-packages/airflow/example_dags/example_dag_decorator.py
[2021-07-16 08:35:59,374] {logging_mixin.py:104} INFO - [2021-07-16 08:35:59,374] {dag.py:1833} INFO - Sync 1 DAGs
[2021-07-16 08:35:59,526] {logging_mixin.py:104} INFO - [2021-07-16 08:35:59,526] {dag.py:2306} INFO - Setting next_dagrun for example_dag_decorator to None
[2021-07-16 08:35:59,634] {scheduler_job.py:189} INFO - Processing /home/airflow/.local/lib/python3.6/site-packages/airflow/example_dags/example_dag_decorator.py took 0.573 seconds
[2021-07-16 08:36:32,746] {scheduler_job.py:181} INFO - Started process (PID=350) to work on /home/airflow/.local/lib/python3.6/site-packages/airflow/example_dags/example_dag_decorator.py
[2021-07-16 08:36:32,751] {scheduler_job.py:632} INFO - Processing file /home/airflow/.local/lib/python3.6/site-packages/airflow/example_dags/example_dag_decorator.py for tasks to queue
[2021-07-16 08:36:32,757] {logging_mixin.py:104} INFO - [2021-07-16 08:36:32,757] {dagbag.py:496} INFO - Filling up the DagBag from /home/airflow/.local/lib/python3.6/site-packages/airflow/example_dags/example_dag_decorator.py
[2021-07-16 08:36:32,853] {scheduler_job.py:642} INFO - DAG(s) dict_keys(['example_dag_decorator']) retrieved from /home/airflow/.local/lib/python3.6/site-packages/airflow/example_dags/example_dag_decorator.py
[2021-07-16 08:36:33,692] {logging_mixin.py:104} INFO - [2021-07-16 08:36:33,692] {dag.py:1833} INFO - Sync 1 DAGs
[2021-07-16 08:36:33,735] {logging_mixin.py:104} INFO - [2021-07-16 08:36:33,735] {dag.py:2306} INFO - Setting next_dagrun for example_dag_decorator to None
[2021-07-16 08:36:33,775] {scheduler_job.py:189} INFO - Processing /home/airflow/.local/lib/python3.6/site-packages/airflow/example_dags/example_dag_decorator.py took 1.036 seconds
[2021-07-16 08:37:09,926] {scheduler_job.py:181} INFO - Started process (PID=401) to work on /home/airflow/.local/lib/python3.6/site-packages/airflow/example_dags/example_dag_decorator.py
[2021-07-16 08:37:09,931] {scheduler_job.py:632} INFO - Processing file /home/airflow/.local/lib/python3.6/site-packages/airflow/example_dags/example_dag_decorator.py for tasks to queue
[2021-07-16 08:37:09,933] {logging_mixin.py:104} INFO - [2021-07-16 08:37:09,933] {dagbag.py:496} INFO - Filling up the DagBag from /home/airflow/.local/lib/python3.6/site-packages/airflow/example_dags/example_dag_decorator.py
[2021-07-16 08:37:09,992] {scheduler_job.py:642} INFO - DAG(s) dict_keys(['example_dag_decorator']) retrieved from /home/airflow/.local/lib/python3.6/site-packages/airflow/example_dags/example_dag_decorator.py
[2021-07-16 08:37:10,973] {logging_mixin.py:104} INFO - [2021-07-16 08:37:10,973] {dag.py:1833} INFO - Sync 1 DAGs
[2021-07-16 08:37:11,010] {logging_mixin.py:104} INFO - [2021-07-16 08:37:11,010] {dag.py:2306} INFO - Setting next_dagrun for example_dag_decorator to None
[2021-07-16 08:37:11,032] {scheduler_job.py:189} INFO - Processing /home/airflow/.local/lib/python3.6/site-packages/airflow/example_dags/example_dag_decorator.py took 1.113 seconds
[2021-07-16 08:37:53,413] {scheduler_job.py:181} INFO - Started process (PID=456) to work on /home/airflow/.local/lib/python3.6/site-packages/airflow/example_dags/example_dag_decorator.py
[2021-07-16 08:37:53,417] {scheduler_job.py:632} INFO - Processing file /home/airflow/.local/lib/python3.6/site-packages/airflow/example_dags/example_dag_decorator.py for tasks to queue
[2021-07-16 08:37:53,422] {logging_mixin.py:104} INFO - [2021-07-16 08:37:53,421] {dagbag.py:496} INFO - Filling up the DagBag from /home/airflow/.local/lib/python3.6/site-packages/airflow/example_dags/example_dag_decorator.py
[2021-07-16 08:37:53,508] {scheduler_job.py:642} INFO - DAG(s) dict_keys(['example_dag_decorator']) retrieved from /home/airflow/.local/lib/python3.6/site-packages/airflow/example_dags/example_dag_decorator.py
[2021-07-16 08:37:54,173] {logging_mixin.py:104} INFO - [2021-07-16 08:37:54,173] {dag.py:1833} INFO - Sync 1 DAGs
[2021-07-16 08:37:54,216] {logging_mixin.py:104} INFO - [2021-07-16 08:37:54,216] {dag.py:2306} INFO - Setting next_dagrun for example_dag_decorator to None
[2021-07-16 08:37:54,261] {scheduler_job.py:189} INFO - Processing /home/airflow/.local/lib/python3.6/site-packages/airflow/example_dags/example_dag_decorator.py took 0.853 seconds
[2021-07-16 08:38:36,556] {scheduler_job.py:181} INFO - Started process (PID=519) to work on /home/airflow/.local/lib/python3.6/site-packages/airflow/example_dags/example_dag_decorator.py
[2021-07-16 08:38:36,559] {scheduler_job.py:632} INFO - Processing file /home/airflow/.local/lib/python3.6/site-packages/airflow/example_dags/example_dag_decorator.py for tasks to queue
[2021-07-16 08:38:36,561] {logging_mixin.py:104} INFO - [2021-07-16 08:38:36,561] {dagbag.py:496} INFO - Filling up the DagBag from /home/airflow/.local/lib/python3.6/site-packages/airflow/example_dags/example_dag_decorator.py
[2021-07-16 08:38:36,599] {scheduler_job.py:642} INFO - DAG(s) dict_keys(['example_dag_decorator']) retrieved from /home/airflow/.local/lib/python3.6/site-packages/airflow/example_dags/example_dag_decorator.py
[2021-07-16 08:38:37,198] {logging_mixin.py:104} INFO - [2021-07-16 08:38:37,197] {dag.py:1833} INFO - Sync 1 DAGs
[2021-07-16 08:38:37,233] {logging_mixin.py:104} INFO - [2021-07-16 08:38:37,233] {dag.py:2306} INFO - Setting next_dagrun for example_dag_decorator to None
[2021-07-16 08:38:37,275] {scheduler_job.py:189} INFO - Processing /home/airflow/.local/lib/python3.6/site-packages/airflow/example_dags/example_dag_decorator.py took 0.732 seconds
