[2021-07-16 08:27:13,331] {scheduler_job.py:181} INFO - Started process (PID=133) to work on /home/airflow/.local/lib/python3.6/site-packages/airflow/example_dags/example_xcomargs.py
[2021-07-16 08:27:13,335] {scheduler_job.py:632} INFO - Processing file /home/airflow/.local/lib/python3.6/site-packages/airflow/example_dags/example_xcomargs.py for tasks to queue
[2021-07-16 08:27:13,337] {logging_mixin.py:104} INFO - [2021-07-16 08:27:13,337] {dagbag.py:496} INFO - Filling up the DagBag from /home/airflow/.local/lib/python3.6/site-packages/airflow/example_dags/example_xcomargs.py
[2021-07-16 08:27:13,372] {scheduler_job.py:642} INFO - DAG(s) dict_keys(['example_xcom_args', 'example_xcom_args_with_operators']) retrieved from /home/airflow/.local/lib/python3.6/site-packages/airflow/example_dags/example_xcomargs.py
[2021-07-16 08:27:17,093] {logging_mixin.py:104} INFO - [2021-07-16 08:27:17,090] {dag.py:1833} INFO - Sync 2 DAGs
[2021-07-16 08:27:17,129] {logging_mixin.py:104} INFO - [2021-07-16 08:27:17,126] {dag.py:1852} INFO - Creating ORM DAG for example_xcom_args
[2021-07-16 08:27:17,131] {logging_mixin.py:104} INFO - [2021-07-16 08:27:17,131] {dag.py:1852} INFO - Creating ORM DAG for example_xcom_args_with_operators
[2021-07-16 08:27:17,146] {logging_mixin.py:104} INFO - [2021-07-16 08:27:17,146] {dag.py:2306} INFO - Setting next_dagrun for example_xcom_args to None
[2021-07-16 08:27:17,149] {logging_mixin.py:104} INFO - [2021-07-16 08:27:17,149] {dag.py:2306} INFO - Setting next_dagrun for example_xcom_args_with_operators to None
[2021-07-16 08:27:17,175] {scheduler_job.py:189} INFO - Processing /home/airflow/.local/lib/python3.6/site-packages/airflow/example_dags/example_xcomargs.py took 3.848 seconds
[2021-07-16 08:28:28,904] {scheduler_job.py:181} INFO - Started process (PID=261) to work on /home/airflow/.local/lib/python3.6/site-packages/airflow/example_dags/example_xcomargs.py
[2021-07-16 08:28:28,919] {scheduler_job.py:632} INFO - Processing file /home/airflow/.local/lib/python3.6/site-packages/airflow/example_dags/example_xcomargs.py for tasks to queue
[2021-07-16 08:28:28,927] {logging_mixin.py:104} INFO - [2021-07-16 08:28:28,926] {dagbag.py:496} INFO - Filling up the DagBag from /home/airflow/.local/lib/python3.6/site-packages/airflow/example_dags/example_xcomargs.py
[2021-07-16 08:28:29,035] {scheduler_job.py:642} INFO - DAG(s) dict_keys(['example_xcom_args', 'example_xcom_args_with_operators']) retrieved from /home/airflow/.local/lib/python3.6/site-packages/airflow/example_dags/example_xcomargs.py
[2021-07-16 08:28:30,575] {logging_mixin.py:104} INFO - [2021-07-16 08:28:30,574] {dag.py:1833} INFO - Sync 2 DAGs
[2021-07-16 08:28:30,638] {logging_mixin.py:104} INFO - [2021-07-16 08:28:30,638] {dag.py:2306} INFO - Setting next_dagrun for example_xcom_args to None
[2021-07-16 08:28:30,655] {logging_mixin.py:104} INFO - [2021-07-16 08:28:30,655] {dag.py:2306} INFO - Setting next_dagrun for example_xcom_args_with_operators to None
[2021-07-16 08:28:34,003] {logging_mixin.py:104} INFO - [2021-07-16 08:28:34,003] {process_utils.py:207} INFO - Waiting up to 5 seconds for processes to exit...
[2021-07-16 08:32:59,825] {scheduler_job.py:181} INFO - Started process (PID=52) to work on /home/airflow/.local/lib/python3.6/site-packages/airflow/example_dags/example_xcomargs.py
[2021-07-16 08:32:59,843] {scheduler_job.py:632} INFO - Processing file /home/airflow/.local/lib/python3.6/site-packages/airflow/example_dags/example_xcomargs.py for tasks to queue
[2021-07-16 08:32:59,856] {logging_mixin.py:104} INFO - [2021-07-16 08:32:59,856] {dagbag.py:496} INFO - Filling up the DagBag from /home/airflow/.local/lib/python3.6/site-packages/airflow/example_dags/example_xcomargs.py
[2021-07-16 08:33:00,019] {scheduler_job.py:642} INFO - DAG(s) dict_keys(['example_xcom_args', 'example_xcom_args_with_operators']) retrieved from /home/airflow/.local/lib/python3.6/site-packages/airflow/example_dags/example_xcomargs.py
[2021-07-16 08:33:02,128] {logging_mixin.py:104} INFO - [2021-07-16 08:33:02,128] {dag.py:1833} INFO - Sync 2 DAGs
[2021-07-16 08:33:02,155] {logging_mixin.py:104} INFO - [2021-07-16 08:33:02,155] {dag.py:2306} INFO - Setting next_dagrun for example_xcom_args to None
[2021-07-16 08:33:02,159] {logging_mixin.py:104} INFO - [2021-07-16 08:33:02,159] {dag.py:2306} INFO - Setting next_dagrun for example_xcom_args_with_operators to None
[2021-07-16 08:33:02,231] {scheduler_job.py:189} INFO - Processing /home/airflow/.local/lib/python3.6/site-packages/airflow/example_dags/example_xcomargs.py took 2.428 seconds
[2021-07-16 08:33:32,491] {scheduler_job.py:181} INFO - Started process (PID=105) to work on /home/airflow/.local/lib/python3.6/site-packages/airflow/example_dags/example_xcomargs.py
[2021-07-16 08:33:32,505] {scheduler_job.py:632} INFO - Processing file /home/airflow/.local/lib/python3.6/site-packages/airflow/example_dags/example_xcomargs.py for tasks to queue
[2021-07-16 08:33:32,524] {logging_mixin.py:104} INFO - [2021-07-16 08:33:32,523] {dagbag.py:496} INFO - Filling up the DagBag from /home/airflow/.local/lib/python3.6/site-packages/airflow/example_dags/example_xcomargs.py
[2021-07-16 08:33:34,345] {scheduler_job.py:642} INFO - DAG(s) dict_keys(['example_xcom_args', 'example_xcom_args_with_operators']) retrieved from /home/airflow/.local/lib/python3.6/site-packages/airflow/example_dags/example_xcomargs.py
[2021-07-16 08:33:52,748] {logging_mixin.py:104} INFO - [2021-07-16 08:33:52,747] {dag.py:1833} INFO - Sync 2 DAGs
[2021-07-16 08:33:52,803] {logging_mixin.py:104} INFO - [2021-07-16 08:33:52,803] {dag.py:2306} INFO - Setting next_dagrun for example_xcom_args to None
[2021-07-16 08:33:52,806] {logging_mixin.py:104} INFO - [2021-07-16 08:33:52,806] {dag.py:2306} INFO - Setting next_dagrun for example_xcom_args_with_operators to None
[2021-07-16 08:33:52,866] {scheduler_job.py:189} INFO - Processing /home/airflow/.local/lib/python3.6/site-packages/airflow/example_dags/example_xcomargs.py took 20.123 seconds
[2021-07-16 08:34:26,726] {scheduler_job.py:181} INFO - Started process (PID=158) to work on /home/airflow/.local/lib/python3.6/site-packages/airflow/example_dags/example_xcomargs.py
[2021-07-16 08:34:26,783] {scheduler_job.py:632} INFO - Processing file /home/airflow/.local/lib/python3.6/site-packages/airflow/example_dags/example_xcomargs.py for tasks to queue
[2021-07-16 08:34:26,905] {logging_mixin.py:104} INFO - [2021-07-16 08:34:26,898] {dagbag.py:496} INFO - Filling up the DagBag from /home/airflow/.local/lib/python3.6/site-packages/airflow/example_dags/example_xcomargs.py
[2021-07-16 08:34:30,527] {scheduler_job.py:642} INFO - DAG(s) dict_keys(['example_xcom_args', 'example_xcom_args_with_operators']) retrieved from /home/airflow/.local/lib/python3.6/site-packages/airflow/example_dags/example_xcomargs.py
[2021-07-16 08:34:31,655] {logging_mixin.py:104} INFO - [2021-07-16 08:34:31,654] {dag.py:1833} INFO - Sync 2 DAGs
[2021-07-16 08:34:31,706] {logging_mixin.py:104} INFO - [2021-07-16 08:34:31,706] {dag.py:2306} INFO - Setting next_dagrun for example_xcom_args to None
[2021-07-16 08:34:31,717] {logging_mixin.py:104} INFO - [2021-07-16 08:34:31,717] {dag.py:2306} INFO - Setting next_dagrun for example_xcom_args_with_operators to None
[2021-07-16 08:34:31,753] {scheduler_job.py:189} INFO - Processing /home/airflow/.local/lib/python3.6/site-packages/airflow/example_dags/example_xcomargs.py took 5.139 seconds
[2021-07-16 08:35:04,747] {scheduler_job.py:181} INFO - Started process (PID=218) to work on /home/airflow/.local/lib/python3.6/site-packages/airflow/example_dags/example_xcomargs.py
[2021-07-16 08:35:04,791] {scheduler_job.py:632} INFO - Processing file /home/airflow/.local/lib/python3.6/site-packages/airflow/example_dags/example_xcomargs.py for tasks to queue
[2021-07-16 08:35:04,809] {logging_mixin.py:104} INFO - [2021-07-16 08:35:04,809] {dagbag.py:496} INFO - Filling up the DagBag from /home/airflow/.local/lib/python3.6/site-packages/airflow/example_dags/example_xcomargs.py
[2021-07-16 08:35:05,106] {scheduler_job.py:642} INFO - DAG(s) dict_keys(['example_xcom_args', 'example_xcom_args_with_operators']) retrieved from /home/airflow/.local/lib/python3.6/site-packages/airflow/example_dags/example_xcomargs.py
[2021-07-16 08:35:06,025] {logging_mixin.py:104} INFO - [2021-07-16 08:35:06,025] {dag.py:1833} INFO - Sync 2 DAGs
[2021-07-16 08:35:06,145] {logging_mixin.py:104} INFO - [2021-07-16 08:35:06,143] {dag.py:2306} INFO - Setting next_dagrun for example_xcom_args to None
[2021-07-16 08:35:06,150] {logging_mixin.py:104} INFO - [2021-07-16 08:35:06,150] {dag.py:2306} INFO - Setting next_dagrun for example_xcom_args_with_operators to None
[2021-07-16 08:35:06,243] {scheduler_job.py:189} INFO - Processing /home/airflow/.local/lib/python3.6/site-packages/airflow/example_dags/example_xcomargs.py took 1.590 seconds
[2021-07-16 08:35:59,717] {scheduler_job.py:181} INFO - Started process (PID=296) to work on /home/airflow/.local/lib/python3.6/site-packages/airflow/example_dags/example_xcomargs.py
[2021-07-16 08:35:59,721] {scheduler_job.py:632} INFO - Processing file /home/airflow/.local/lib/python3.6/site-packages/airflow/example_dags/example_xcomargs.py for tasks to queue
[2021-07-16 08:35:59,729] {logging_mixin.py:104} INFO - [2021-07-16 08:35:59,729] {dagbag.py:496} INFO - Filling up the DagBag from /home/airflow/.local/lib/python3.6/site-packages/airflow/example_dags/example_xcomargs.py
[2021-07-16 08:35:59,865] {scheduler_job.py:642} INFO - DAG(s) dict_keys(['example_xcom_args', 'example_xcom_args_with_operators']) retrieved from /home/airflow/.local/lib/python3.6/site-packages/airflow/example_dags/example_xcomargs.py
[2021-07-16 08:36:01,137] {logging_mixin.py:104} INFO - [2021-07-16 08:36:01,137] {dag.py:1833} INFO - Sync 2 DAGs
[2021-07-16 08:36:01,169] {logging_mixin.py:104} INFO - [2021-07-16 08:36:01,169] {dag.py:2306} INFO - Setting next_dagrun for example_xcom_args to None
[2021-07-16 08:36:01,172] {logging_mixin.py:104} INFO - [2021-07-16 08:36:01,172] {dag.py:2306} INFO - Setting next_dagrun for example_xcom_args_with_operators to None
[2021-07-16 08:36:01,203] {scheduler_job.py:189} INFO - Processing /home/airflow/.local/lib/python3.6/site-packages/airflow/example_dags/example_xcomargs.py took 1.504 seconds
[2021-07-16 08:36:32,859] {scheduler_job.py:181} INFO - Started process (PID=351) to work on /home/airflow/.local/lib/python3.6/site-packages/airflow/example_dags/example_xcomargs.py
[2021-07-16 08:36:32,865] {scheduler_job.py:632} INFO - Processing file /home/airflow/.local/lib/python3.6/site-packages/airflow/example_dags/example_xcomargs.py for tasks to queue
[2021-07-16 08:36:32,869] {logging_mixin.py:104} INFO - [2021-07-16 08:36:32,869] {dagbag.py:496} INFO - Filling up the DagBag from /home/airflow/.local/lib/python3.6/site-packages/airflow/example_dags/example_xcomargs.py
[2021-07-16 08:36:32,926] {scheduler_job.py:642} INFO - DAG(s) dict_keys(['example_xcom_args', 'example_xcom_args_with_operators']) retrieved from /home/airflow/.local/lib/python3.6/site-packages/airflow/example_dags/example_xcomargs.py
[2021-07-16 08:36:33,725] {logging_mixin.py:104} INFO - [2021-07-16 08:36:33,725] {dag.py:1833} INFO - Sync 2 DAGs
[2021-07-16 08:36:33,757] {logging_mixin.py:104} INFO - [2021-07-16 08:36:33,757] {dag.py:2306} INFO - Setting next_dagrun for example_xcom_args to None
[2021-07-16 08:36:33,765] {logging_mixin.py:104} INFO - [2021-07-16 08:36:33,765] {dag.py:2306} INFO - Setting next_dagrun for example_xcom_args_with_operators to None
[2021-07-16 08:36:33,818] {scheduler_job.py:189} INFO - Processing /home/airflow/.local/lib/python3.6/site-packages/airflow/example_dags/example_xcomargs.py took 0.969 seconds
[2021-07-16 08:37:10,138] {scheduler_job.py:181} INFO - Started process (PID=402) to work on /home/airflow/.local/lib/python3.6/site-packages/airflow/example_dags/example_xcomargs.py
[2021-07-16 08:37:10,153] {scheduler_job.py:632} INFO - Processing file /home/airflow/.local/lib/python3.6/site-packages/airflow/example_dags/example_xcomargs.py for tasks to queue
[2021-07-16 08:37:10,157] {logging_mixin.py:104} INFO - [2021-07-16 08:37:10,156] {dagbag.py:496} INFO - Filling up the DagBag from /home/airflow/.local/lib/python3.6/site-packages/airflow/example_dags/example_xcomargs.py
[2021-07-16 08:37:10,217] {scheduler_job.py:642} INFO - DAG(s) dict_keys(['example_xcom_args', 'example_xcom_args_with_operators']) retrieved from /home/airflow/.local/lib/python3.6/site-packages/airflow/example_dags/example_xcomargs.py
[2021-07-16 08:37:10,312] {logging_mixin.py:104} INFO - [2021-07-16 08:37:10,312] {dag.py:1833} INFO - Sync 2 DAGs
[2021-07-16 08:37:10,373] {logging_mixin.py:104} INFO - [2021-07-16 08:37:10,373] {dag.py:2306} INFO - Setting next_dagrun for example_xcom_args to None
[2021-07-16 08:37:10,377] {logging_mixin.py:104} INFO - [2021-07-16 08:37:10,377] {dag.py:2306} INFO - Setting next_dagrun for example_xcom_args_with_operators to None
[2021-07-16 08:37:10,405] {scheduler_job.py:189} INFO - Processing /home/airflow/.local/lib/python3.6/site-packages/airflow/example_dags/example_xcomargs.py took 0.277 seconds
[2021-07-16 08:37:53,749] {scheduler_job.py:181} INFO - Started process (PID=457) to work on /home/airflow/.local/lib/python3.6/site-packages/airflow/example_dags/example_xcomargs.py
[2021-07-16 08:37:53,759] {scheduler_job.py:632} INFO - Processing file /home/airflow/.local/lib/python3.6/site-packages/airflow/example_dags/example_xcomargs.py for tasks to queue
[2021-07-16 08:37:53,763] {logging_mixin.py:104} INFO - [2021-07-16 08:37:53,763] {dagbag.py:496} INFO - Filling up the DagBag from /home/airflow/.local/lib/python3.6/site-packages/airflow/example_dags/example_xcomargs.py
[2021-07-16 08:37:53,808] {scheduler_job.py:642} INFO - DAG(s) dict_keys(['example_xcom_args', 'example_xcom_args_with_operators']) retrieved from /home/airflow/.local/lib/python3.6/site-packages/airflow/example_dags/example_xcomargs.py
[2021-07-16 08:37:53,865] {logging_mixin.py:104} INFO - [2021-07-16 08:37:53,864] {dag.py:1833} INFO - Sync 2 DAGs
[2021-07-16 08:37:53,900] {logging_mixin.py:104} INFO - [2021-07-16 08:37:53,900] {dag.py:2306} INFO - Setting next_dagrun for example_xcom_args to None
[2021-07-16 08:37:53,903] {logging_mixin.py:104} INFO - [2021-07-16 08:37:53,903] {dag.py:2306} INFO - Setting next_dagrun for example_xcom_args_with_operators to None
[2021-07-16 08:37:53,926] {scheduler_job.py:189} INFO - Processing /home/airflow/.local/lib/python3.6/site-packages/airflow/example_dags/example_xcomargs.py took 0.194 seconds
[2021-07-16 08:38:36,674] {scheduler_job.py:181} INFO - Started process (PID=520) to work on /home/airflow/.local/lib/python3.6/site-packages/airflow/example_dags/example_xcomargs.py
[2021-07-16 08:38:36,678] {scheduler_job.py:632} INFO - Processing file /home/airflow/.local/lib/python3.6/site-packages/airflow/example_dags/example_xcomargs.py for tasks to queue
[2021-07-16 08:38:36,680] {logging_mixin.py:104} INFO - [2021-07-16 08:38:36,680] {dagbag.py:496} INFO - Filling up the DagBag from /home/airflow/.local/lib/python3.6/site-packages/airflow/example_dags/example_xcomargs.py
[2021-07-16 08:38:36,724] {scheduler_job.py:642} INFO - DAG(s) dict_keys(['example_xcom_args', 'example_xcom_args_with_operators']) retrieved from /home/airflow/.local/lib/python3.6/site-packages/airflow/example_dags/example_xcomargs.py
[2021-07-16 08:38:37,338] {logging_mixin.py:104} INFO - [2021-07-16 08:38:37,338] {dag.py:1833} INFO - Sync 2 DAGs
[2021-07-16 08:38:37,368] {logging_mixin.py:104} INFO - [2021-07-16 08:38:37,368] {dag.py:2306} INFO - Setting next_dagrun for example_xcom_args to None
[2021-07-16 08:38:37,370] {logging_mixin.py:104} INFO - [2021-07-16 08:38:37,370] {dag.py:2306} INFO - Setting next_dagrun for example_xcom_args_with_operators to None
[2021-07-16 08:38:37,387] {scheduler_job.py:189} INFO - Processing /home/airflow/.local/lib/python3.6/site-packages/airflow/example_dags/example_xcomargs.py took 0.727 seconds
