[2021-07-16 08:27:04,210] {scheduler_job.py:181} INFO - Started process (PID=103) to work on /home/airflow/.local/lib/python3.6/site-packages/airflow/example_dags/example_branch_python_dop_operator_3.py
[2021-07-16 08:27:04,213] {scheduler_job.py:632} INFO - Processing file /home/airflow/.local/lib/python3.6/site-packages/airflow/example_dags/example_branch_python_dop_operator_3.py for tasks to queue
[2021-07-16 08:27:04,216] {logging_mixin.py:104} INFO - [2021-07-16 08:27:04,216] {dagbag.py:496} INFO - Filling up the DagBag from /home/airflow/.local/lib/python3.6/site-packages/airflow/example_dags/example_branch_python_dop_operator_3.py
[2021-07-16 08:27:04,260] {scheduler_job.py:642} INFO - DAG(s) dict_keys(['example_branch_dop_operator_v3']) retrieved from /home/airflow/.local/lib/python3.6/site-packages/airflow/example_dags/example_branch_python_dop_operator_3.py
[2021-07-16 08:27:10,175] {logging_mixin.py:104} INFO - [2021-07-16 08:27:10,173] {dag.py:1833} INFO - Sync 1 DAGs
[2021-07-16 08:27:10,193] {logging_mixin.py:104} INFO - [2021-07-16 08:27:10,191] {dag.py:1852} INFO - Creating ORM DAG for example_branch_dop_operator_v3
[2021-07-16 08:27:10,225] {logging_mixin.py:104} INFO - [2021-07-16 08:27:10,224] {dag.py:2306} INFO - Setting next_dagrun for example_branch_dop_operator_v3 to 2021-07-14 00:00:00+00:00
[2021-07-16 08:27:10,253] {scheduler_job.py:189} INFO - Processing /home/airflow/.local/lib/python3.6/site-packages/airflow/example_dags/example_branch_python_dop_operator_3.py took 6.055 seconds
[2021-07-16 08:28:27,550] {scheduler_job.py:181} INFO - Started process (PID=256) to work on /home/airflow/.local/lib/python3.6/site-packages/airflow/example_dags/example_branch_python_dop_operator_3.py
[2021-07-16 08:28:27,561] {scheduler_job.py:632} INFO - Processing file /home/airflow/.local/lib/python3.6/site-packages/airflow/example_dags/example_branch_python_dop_operator_3.py for tasks to queue
[2021-07-16 08:28:27,569] {logging_mixin.py:104} INFO - [2021-07-16 08:28:27,569] {dagbag.py:496} INFO - Filling up the DagBag from /home/airflow/.local/lib/python3.6/site-packages/airflow/example_dags/example_branch_python_dop_operator_3.py
[2021-07-16 08:28:27,612] {scheduler_job.py:642} INFO - DAG(s) dict_keys(['example_branch_dop_operator_v3']) retrieved from /home/airflow/.local/lib/python3.6/site-packages/airflow/example_dags/example_branch_python_dop_operator_3.py
[2021-07-16 08:28:27,653] {logging_mixin.py:104} INFO - [2021-07-16 08:28:27,652] {dag.py:1833} INFO - Sync 1 DAGs
[2021-07-16 08:28:27,875] {logging_mixin.py:104} INFO - [2021-07-16 08:28:27,874] {dag.py:2306} INFO - Setting next_dagrun for example_branch_dop_operator_v3 to 2021-07-14 00:00:00+00:00
[2021-07-16 08:28:28,055] {scheduler_job.py:189} INFO - Processing /home/airflow/.local/lib/python3.6/site-packages/airflow/example_dags/example_branch_python_dop_operator_3.py took 0.528 seconds
[2021-07-16 08:32:58,300] {scheduler_job.py:181} INFO - Started process (PID=48) to work on /home/airflow/.local/lib/python3.6/site-packages/airflow/example_dags/example_branch_python_dop_operator_3.py
[2021-07-16 08:32:58,318] {scheduler_job.py:632} INFO - Processing file /home/airflow/.local/lib/python3.6/site-packages/airflow/example_dags/example_branch_python_dop_operator_3.py for tasks to queue
[2021-07-16 08:32:58,321] {logging_mixin.py:104} INFO - [2021-07-16 08:32:58,321] {dagbag.py:496} INFO - Filling up the DagBag from /home/airflow/.local/lib/python3.6/site-packages/airflow/example_dags/example_branch_python_dop_operator_3.py
[2021-07-16 08:32:58,487] {scheduler_job.py:642} INFO - DAG(s) dict_keys(['example_branch_dop_operator_v3']) retrieved from /home/airflow/.local/lib/python3.6/site-packages/airflow/example_dags/example_branch_python_dop_operator_3.py
[2021-07-16 08:32:58,682] {logging_mixin.py:104} INFO - [2021-07-16 08:32:58,682] {dag.py:1833} INFO - Sync 1 DAGs
[2021-07-16 08:32:58,829] {logging_mixin.py:104} INFO - [2021-07-16 08:32:58,829] {dag.py:2306} INFO - Setting next_dagrun for example_branch_dop_operator_v3 to 2021-07-14 00:00:00+00:00
[2021-07-16 08:32:58,891] {scheduler_job.py:189} INFO - Processing /home/airflow/.local/lib/python3.6/site-packages/airflow/example_dags/example_branch_python_dop_operator_3.py took 0.639 seconds
[2021-07-16 08:33:29,419] {scheduler_job.py:181} INFO - Started process (PID=99) to work on /home/airflow/.local/lib/python3.6/site-packages/airflow/example_dags/example_branch_python_dop_operator_3.py
[2021-07-16 08:33:29,423] {scheduler_job.py:632} INFO - Processing file /home/airflow/.local/lib/python3.6/site-packages/airflow/example_dags/example_branch_python_dop_operator_3.py for tasks to queue
[2021-07-16 08:33:29,426] {logging_mixin.py:104} INFO - [2021-07-16 08:33:29,426] {dagbag.py:496} INFO - Filling up the DagBag from /home/airflow/.local/lib/python3.6/site-packages/airflow/example_dags/example_branch_python_dop_operator_3.py
[2021-07-16 08:33:29,572] {scheduler_job.py:642} INFO - DAG(s) dict_keys(['example_branch_dop_operator_v3']) retrieved from /home/airflow/.local/lib/python3.6/site-packages/airflow/example_dags/example_branch_python_dop_operator_3.py
[2021-07-16 08:33:29,649] {logging_mixin.py:104} INFO - [2021-07-16 08:33:29,649] {dag.py:1833} INFO - Sync 1 DAGs
[2021-07-16 08:33:29,791] {logging_mixin.py:104} INFO - [2021-07-16 08:33:29,791] {dag.py:2306} INFO - Setting next_dagrun for example_branch_dop_operator_v3 to 2021-07-14 00:00:00+00:00
[2021-07-16 08:33:29,822] {scheduler_job.py:189} INFO - Processing /home/airflow/.local/lib/python3.6/site-packages/airflow/example_dags/example_branch_python_dop_operator_3.py took 0.413 seconds
[2021-07-16 08:33:59,900] {scheduler_job.py:181} INFO - Started process (PID=133) to work on /home/airflow/.local/lib/python3.6/site-packages/airflow/example_dags/example_branch_python_dop_operator_3.py
[2021-07-16 08:33:59,905] {scheduler_job.py:632} INFO - Processing file /home/airflow/.local/lib/python3.6/site-packages/airflow/example_dags/example_branch_python_dop_operator_3.py for tasks to queue
[2021-07-16 08:33:59,907] {logging_mixin.py:104} INFO - [2021-07-16 08:33:59,907] {dagbag.py:496} INFO - Filling up the DagBag from /home/airflow/.local/lib/python3.6/site-packages/airflow/example_dags/example_branch_python_dop_operator_3.py
[2021-07-16 08:33:59,938] {scheduler_job.py:642} INFO - DAG(s) dict_keys(['example_branch_dop_operator_v3']) retrieved from /home/airflow/.local/lib/python3.6/site-packages/airflow/example_dags/example_branch_python_dop_operator_3.py
[2021-07-16 08:33:59,995] {logging_mixin.py:104} INFO - [2021-07-16 08:33:59,994] {dag.py:1833} INFO - Sync 1 DAGs
[2021-07-16 08:34:00,048] {logging_mixin.py:104} INFO - [2021-07-16 08:34:00,048] {dag.py:2306} INFO - Setting next_dagrun for example_branch_dop_operator_v3 to 2021-07-14 00:00:00+00:00
[2021-07-16 08:34:00,094] {scheduler_job.py:189} INFO - Processing /home/airflow/.local/lib/python3.6/site-packages/airflow/example_dags/example_branch_python_dop_operator_3.py took 0.206 seconds
[2021-07-16 08:34:33,254] {scheduler_job.py:181} INFO - Started process (PID=183) to work on /home/airflow/.local/lib/python3.6/site-packages/airflow/example_dags/example_branch_python_dop_operator_3.py
[2021-07-16 08:34:33,257] {scheduler_job.py:632} INFO - Processing file /home/airflow/.local/lib/python3.6/site-packages/airflow/example_dags/example_branch_python_dop_operator_3.py for tasks to queue
[2021-07-16 08:34:33,260] {logging_mixin.py:104} INFO - [2021-07-16 08:34:33,260] {dagbag.py:496} INFO - Filling up the DagBag from /home/airflow/.local/lib/python3.6/site-packages/airflow/example_dags/example_branch_python_dop_operator_3.py
[2021-07-16 08:34:33,289] {scheduler_job.py:642} INFO - DAG(s) dict_keys(['example_branch_dop_operator_v3']) retrieved from /home/airflow/.local/lib/python3.6/site-packages/airflow/example_dags/example_branch_python_dop_operator_3.py
[2021-07-16 08:34:33,358] {logging_mixin.py:104} INFO - [2021-07-16 08:34:33,357] {dag.py:1833} INFO - Sync 1 DAGs
[2021-07-16 08:34:33,419] {logging_mixin.py:104} INFO - [2021-07-16 08:34:33,419] {dag.py:2306} INFO - Setting next_dagrun for example_branch_dop_operator_v3 to 2021-07-14 00:00:00+00:00
[2021-07-16 08:34:33,435] {scheduler_job.py:189} INFO - Processing /home/airflow/.local/lib/python3.6/site-packages/airflow/example_dags/example_branch_python_dop_operator_3.py took 0.189 seconds
[2021-07-16 08:35:08,270] {scheduler_job.py:181} INFO - Started process (PID=232) to work on /home/airflow/.local/lib/python3.6/site-packages/airflow/example_dags/example_branch_python_dop_operator_3.py
[2021-07-16 08:35:08,274] {scheduler_job.py:632} INFO - Processing file /home/airflow/.local/lib/python3.6/site-packages/airflow/example_dags/example_branch_python_dop_operator_3.py for tasks to queue
[2021-07-16 08:35:08,281] {logging_mixin.py:104} INFO - [2021-07-16 08:35:08,281] {dagbag.py:496} INFO - Filling up the DagBag from /home/airflow/.local/lib/python3.6/site-packages/airflow/example_dags/example_branch_python_dop_operator_3.py
[2021-07-16 08:35:08,331] {scheduler_job.py:642} INFO - DAG(s) dict_keys(['example_branch_dop_operator_v3']) retrieved from /home/airflow/.local/lib/python3.6/site-packages/airflow/example_dags/example_branch_python_dop_operator_3.py
[2021-07-16 08:35:08,385] {logging_mixin.py:104} INFO - [2021-07-16 08:35:08,385] {dag.py:1833} INFO - Sync 1 DAGs
[2021-07-16 08:35:08,441] {logging_mixin.py:104} INFO - [2021-07-16 08:35:08,441] {dag.py:2306} INFO - Setting next_dagrun for example_branch_dop_operator_v3 to 2021-07-14 00:00:00+00:00
[2021-07-16 08:35:08,470] {scheduler_job.py:189} INFO - Processing /home/airflow/.local/lib/python3.6/site-packages/airflow/example_dags/example_branch_python_dop_operator_3.py took 0.209 seconds
[2021-07-16 08:35:58,620] {scheduler_job.py:181} INFO - Started process (PID=282) to work on /home/airflow/.local/lib/python3.6/site-packages/airflow/example_dags/example_branch_python_dop_operator_3.py
[2021-07-16 08:35:58,631] {scheduler_job.py:632} INFO - Processing file /home/airflow/.local/lib/python3.6/site-packages/airflow/example_dags/example_branch_python_dop_operator_3.py for tasks to queue
[2021-07-16 08:35:58,634] {logging_mixin.py:104} INFO - [2021-07-16 08:35:58,634] {dagbag.py:496} INFO - Filling up the DagBag from /home/airflow/.local/lib/python3.6/site-packages/airflow/example_dags/example_branch_python_dop_operator_3.py
[2021-07-16 08:35:58,721] {scheduler_job.py:642} INFO - DAG(s) dict_keys(['example_branch_dop_operator_v3']) retrieved from /home/airflow/.local/lib/python3.6/site-packages/airflow/example_dags/example_branch_python_dop_operator_3.py
[2021-07-16 08:35:58,795] {logging_mixin.py:104} INFO - [2021-07-16 08:35:58,795] {dag.py:1833} INFO - Sync 1 DAGs
[2021-07-16 08:35:58,973] {logging_mixin.py:104} INFO - [2021-07-16 08:35:58,973] {dag.py:2306} INFO - Setting next_dagrun for example_branch_dop_operator_v3 to 2021-07-14 00:00:00+00:00
[2021-07-16 08:35:59,002] {scheduler_job.py:189} INFO - Processing /home/airflow/.local/lib/python3.6/site-packages/airflow/example_dags/example_branch_python_dop_operator_3.py took 0.402 seconds
[2021-07-16 08:36:32,185] {scheduler_job.py:181} INFO - Started process (PID=347) to work on /home/airflow/.local/lib/python3.6/site-packages/airflow/example_dags/example_branch_python_dop_operator_3.py
[2021-07-16 08:36:32,201] {scheduler_job.py:632} INFO - Processing file /home/airflow/.local/lib/python3.6/site-packages/airflow/example_dags/example_branch_python_dop_operator_3.py for tasks to queue
[2021-07-16 08:36:32,204] {logging_mixin.py:104} INFO - [2021-07-16 08:36:32,204] {dagbag.py:496} INFO - Filling up the DagBag from /home/airflow/.local/lib/python3.6/site-packages/airflow/example_dags/example_branch_python_dop_operator_3.py
[2021-07-16 08:36:32,238] {scheduler_job.py:642} INFO - DAG(s) dict_keys(['example_branch_dop_operator_v3']) retrieved from /home/airflow/.local/lib/python3.6/site-packages/airflow/example_dags/example_branch_python_dop_operator_3.py
[2021-07-16 08:36:32,310] {logging_mixin.py:104} INFO - [2021-07-16 08:36:32,310] {dag.py:1833} INFO - Sync 1 DAGs
[2021-07-16 08:36:32,399] {logging_mixin.py:104} INFO - [2021-07-16 08:36:32,399] {dag.py:2306} INFO - Setting next_dagrun for example_branch_dop_operator_v3 to 2021-07-14 00:00:00+00:00
[2021-07-16 08:36:32,427] {scheduler_job.py:189} INFO - Processing /home/airflow/.local/lib/python3.6/site-packages/airflow/example_dags/example_branch_python_dop_operator_3.py took 0.250 seconds
[2021-07-16 08:37:09,386] {scheduler_job.py:181} INFO - Started process (PID=398) to work on /home/airflow/.local/lib/python3.6/site-packages/airflow/example_dags/example_branch_python_dop_operator_3.py
[2021-07-16 08:37:09,393] {scheduler_job.py:632} INFO - Processing file /home/airflow/.local/lib/python3.6/site-packages/airflow/example_dags/example_branch_python_dop_operator_3.py for tasks to queue
[2021-07-16 08:37:09,399] {logging_mixin.py:104} INFO - [2021-07-16 08:37:09,399] {dagbag.py:496} INFO - Filling up the DagBag from /home/airflow/.local/lib/python3.6/site-packages/airflow/example_dags/example_branch_python_dop_operator_3.py
[2021-07-16 08:37:09,491] {scheduler_job.py:642} INFO - DAG(s) dict_keys(['example_branch_dop_operator_v3']) retrieved from /home/airflow/.local/lib/python3.6/site-packages/airflow/example_dags/example_branch_python_dop_operator_3.py
[2021-07-16 08:37:09,571] {logging_mixin.py:104} INFO - [2021-07-16 08:37:09,571] {dag.py:1833} INFO - Sync 1 DAGs
[2021-07-16 08:37:09,652] {logging_mixin.py:104} INFO - [2021-07-16 08:37:09,652] {dag.py:2306} INFO - Setting next_dagrun for example_branch_dop_operator_v3 to 2021-07-14 00:00:00+00:00
[2021-07-16 08:37:09,671] {scheduler_job.py:189} INFO - Processing /home/airflow/.local/lib/python3.6/site-packages/airflow/example_dags/example_branch_python_dop_operator_3.py took 0.311 seconds
[2021-07-16 08:37:53,003] {scheduler_job.py:181} INFO - Started process (PID=453) to work on /home/airflow/.local/lib/python3.6/site-packages/airflow/example_dags/example_branch_python_dop_operator_3.py
[2021-07-16 08:37:53,009] {scheduler_job.py:632} INFO - Processing file /home/airflow/.local/lib/python3.6/site-packages/airflow/example_dags/example_branch_python_dop_operator_3.py for tasks to queue
[2021-07-16 08:37:53,013] {logging_mixin.py:104} INFO - [2021-07-16 08:37:53,013] {dagbag.py:496} INFO - Filling up the DagBag from /home/airflow/.local/lib/python3.6/site-packages/airflow/example_dags/example_branch_python_dop_operator_3.py
[2021-07-16 08:37:53,073] {scheduler_job.py:642} INFO - DAG(s) dict_keys(['example_branch_dop_operator_v3']) retrieved from /home/airflow/.local/lib/python3.6/site-packages/airflow/example_dags/example_branch_python_dop_operator_3.py
[2021-07-16 08:37:53,158] {logging_mixin.py:104} INFO - [2021-07-16 08:37:53,158] {dag.py:1833} INFO - Sync 1 DAGs
[2021-07-16 08:37:53,254] {logging_mixin.py:104} INFO - [2021-07-16 08:37:53,254] {dag.py:2306} INFO - Setting next_dagrun for example_branch_dop_operator_v3 to 2021-07-14 00:00:00+00:00
[2021-07-16 08:37:53,296] {scheduler_job.py:189} INFO - Processing /home/airflow/.local/lib/python3.6/site-packages/airflow/example_dags/example_branch_python_dop_operator_3.py took 0.302 seconds
[2021-07-16 08:38:36,017] {scheduler_job.py:181} INFO - Started process (PID=515) to work on /home/airflow/.local/lib/python3.6/site-packages/airflow/example_dags/example_branch_python_dop_operator_3.py
[2021-07-16 08:38:36,020] {scheduler_job.py:632} INFO - Processing file /home/airflow/.local/lib/python3.6/site-packages/airflow/example_dags/example_branch_python_dop_operator_3.py for tasks to queue
[2021-07-16 08:38:36,024] {logging_mixin.py:104} INFO - [2021-07-16 08:38:36,023] {dagbag.py:496} INFO - Filling up the DagBag from /home/airflow/.local/lib/python3.6/site-packages/airflow/example_dags/example_branch_python_dop_operator_3.py
[2021-07-16 08:38:36,059] {scheduler_job.py:642} INFO - DAG(s) dict_keys(['example_branch_dop_operator_v3']) retrieved from /home/airflow/.local/lib/python3.6/site-packages/airflow/example_dags/example_branch_python_dop_operator_3.py
[2021-07-16 08:38:36,169] {logging_mixin.py:104} INFO - [2021-07-16 08:38:36,169] {dag.py:1833} INFO - Sync 1 DAGs
[2021-07-16 08:38:36,267] {logging_mixin.py:104} INFO - [2021-07-16 08:38:36,266] {dag.py:2306} INFO - Setting next_dagrun for example_branch_dop_operator_v3 to 2021-07-14 00:00:00+00:00
[2021-07-16 08:38:36,302] {scheduler_job.py:189} INFO - Processing /home/airflow/.local/lib/python3.6/site-packages/airflow/example_dags/example_branch_python_dop_operator_3.py took 0.291 seconds
