[2021-07-16 08:27:17,469] {scheduler_job.py:181} INFO - Started process (PID=144) to work on /home/airflow/.local/lib/python3.6/site-packages/airflow/example_dags/tutorial_etl_dag.py
[2021-07-16 08:27:17,473] {scheduler_job.py:632} INFO - Processing file /home/airflow/.local/lib/python3.6/site-packages/airflow/example_dags/tutorial_etl_dag.py for tasks to queue
[2021-07-16 08:27:17,476] {logging_mixin.py:104} INFO - [2021-07-16 08:27:17,475] {dagbag.py:496} INFO - Filling up the DagBag from /home/airflow/.local/lib/python3.6/site-packages/airflow/example_dags/tutorial_etl_dag.py
[2021-07-16 08:27:17,512] {scheduler_job.py:642} INFO - DAG(s) dict_keys(['tutorial_etl_dag']) retrieved from /home/airflow/.local/lib/python3.6/site-packages/airflow/example_dags/tutorial_etl_dag.py
[2021-07-16 08:27:23,461] {logging_mixin.py:104} INFO - [2021-07-16 08:27:23,434] {dag.py:1833} INFO - Sync 1 DAGs
[2021-07-16 08:27:23,629] {logging_mixin.py:104} INFO - [2021-07-16 08:27:23,623] {dag.py:1852} INFO - Creating ORM DAG for tutorial_etl_dag
[2021-07-16 08:27:23,660] {logging_mixin.py:104} INFO - [2021-07-16 08:27:23,660] {dag.py:2306} INFO - Setting next_dagrun for tutorial_etl_dag to None
[2021-07-16 08:27:23,797] {scheduler_job.py:189} INFO - Processing /home/airflow/.local/lib/python3.6/site-packages/airflow/example_dags/tutorial_etl_dag.py took 6.334 seconds
[2021-07-16 08:33:02,620] {scheduler_job.py:181} INFO - Started process (PID=55) to work on /home/airflow/.local/lib/python3.6/site-packages/airflow/example_dags/tutorial_etl_dag.py
[2021-07-16 08:33:02,633] {scheduler_job.py:632} INFO - Processing file /home/airflow/.local/lib/python3.6/site-packages/airflow/example_dags/tutorial_etl_dag.py for tasks to queue
[2021-07-16 08:33:02,639] {logging_mixin.py:104} INFO - [2021-07-16 08:33:02,639] {dagbag.py:496} INFO - Filling up the DagBag from /home/airflow/.local/lib/python3.6/site-packages/airflow/example_dags/tutorial_etl_dag.py
[2021-07-16 08:33:02,692] {scheduler_job.py:642} INFO - DAG(s) dict_keys(['tutorial_etl_dag']) retrieved from /home/airflow/.local/lib/python3.6/site-packages/airflow/example_dags/tutorial_etl_dag.py
[2021-07-16 08:33:02,845] {logging_mixin.py:104} INFO - [2021-07-16 08:33:02,844] {dag.py:1833} INFO - Sync 1 DAGs
[2021-07-16 08:33:02,900] {logging_mixin.py:104} INFO - [2021-07-16 08:33:02,900] {dag.py:2306} INFO - Setting next_dagrun for tutorial_etl_dag to None
[2021-07-16 08:33:02,948] {scheduler_job.py:189} INFO - Processing /home/airflow/.local/lib/python3.6/site-packages/airflow/example_dags/tutorial_etl_dag.py took 0.339 seconds
[2021-07-16 08:33:52,965] {scheduler_job.py:181} INFO - Started process (PID=108) to work on /home/airflow/.local/lib/python3.6/site-packages/airflow/example_dags/tutorial_etl_dag.py
[2021-07-16 08:33:52,978] {scheduler_job.py:632} INFO - Processing file /home/airflow/.local/lib/python3.6/site-packages/airflow/example_dags/tutorial_etl_dag.py for tasks to queue
[2021-07-16 08:33:52,989] {logging_mixin.py:104} INFO - [2021-07-16 08:33:52,989] {dagbag.py:496} INFO - Filling up the DagBag from /home/airflow/.local/lib/python3.6/site-packages/airflow/example_dags/tutorial_etl_dag.py
[2021-07-16 08:33:53,041] {scheduler_job.py:642} INFO - DAG(s) dict_keys(['tutorial_etl_dag']) retrieved from /home/airflow/.local/lib/python3.6/site-packages/airflow/example_dags/tutorial_etl_dag.py
[2021-07-16 08:33:53,235] {logging_mixin.py:104} INFO - [2021-07-16 08:33:53,234] {dag.py:1833} INFO - Sync 1 DAGs
[2021-07-16 08:33:53,269] {logging_mixin.py:104} INFO - [2021-07-16 08:33:53,269] {dag.py:2306} INFO - Setting next_dagrun for tutorial_etl_dag to None
[2021-07-16 08:33:53,303] {scheduler_job.py:189} INFO - Processing /home/airflow/.local/lib/python3.6/site-packages/airflow/example_dags/tutorial_etl_dag.py took 0.353 seconds
[2021-07-16 08:34:31,839] {scheduler_job.py:181} INFO - Started process (PID=171) to work on /home/airflow/.local/lib/python3.6/site-packages/airflow/example_dags/tutorial_etl_dag.py
[2021-07-16 08:34:31,853] {scheduler_job.py:632} INFO - Processing file /home/airflow/.local/lib/python3.6/site-packages/airflow/example_dags/tutorial_etl_dag.py for tasks to queue
[2021-07-16 08:34:31,856] {logging_mixin.py:104} INFO - [2021-07-16 08:34:31,856] {dagbag.py:496} INFO - Filling up the DagBag from /home/airflow/.local/lib/python3.6/site-packages/airflow/example_dags/tutorial_etl_dag.py
[2021-07-16 08:34:31,893] {scheduler_job.py:642} INFO - DAG(s) dict_keys(['tutorial_etl_dag']) retrieved from /home/airflow/.local/lib/python3.6/site-packages/airflow/example_dags/tutorial_etl_dag.py
[2021-07-16 08:34:31,932] {logging_mixin.py:104} INFO - [2021-07-16 08:34:31,931] {dag.py:1833} INFO - Sync 1 DAGs
[2021-07-16 08:34:31,965] {logging_mixin.py:104} INFO - [2021-07-16 08:34:31,965] {dag.py:2306} INFO - Setting next_dagrun for tutorial_etl_dag to None
[2021-07-16 08:34:31,983] {scheduler_job.py:189} INFO - Processing /home/airflow/.local/lib/python3.6/site-packages/airflow/example_dags/tutorial_etl_dag.py took 0.150 seconds
[2021-07-16 08:35:08,990] {scheduler_job.py:181} INFO - Started process (PID=237) to work on /home/airflow/.local/lib/python3.6/site-packages/airflow/example_dags/tutorial_etl_dag.py
[2021-07-16 08:35:08,996] {scheduler_job.py:632} INFO - Processing file /home/airflow/.local/lib/python3.6/site-packages/airflow/example_dags/tutorial_etl_dag.py for tasks to queue
[2021-07-16 08:35:08,999] {logging_mixin.py:104} INFO - [2021-07-16 08:35:08,999] {dagbag.py:496} INFO - Filling up the DagBag from /home/airflow/.local/lib/python3.6/site-packages/airflow/example_dags/tutorial_etl_dag.py
[2021-07-16 08:35:09,047] {scheduler_job.py:642} INFO - DAG(s) dict_keys(['tutorial_etl_dag']) retrieved from /home/airflow/.local/lib/python3.6/site-packages/airflow/example_dags/tutorial_etl_dag.py
[2021-07-16 08:35:09,152] {logging_mixin.py:104} INFO - [2021-07-16 08:35:09,152] {dag.py:1833} INFO - Sync 1 DAGs
[2021-07-16 08:35:09,195] {logging_mixin.py:104} INFO - [2021-07-16 08:35:09,195] {dag.py:2306} INFO - Setting next_dagrun for tutorial_etl_dag to None
[2021-07-16 08:35:09,219] {scheduler_job.py:189} INFO - Processing /home/airflow/.local/lib/python3.6/site-packages/airflow/example_dags/tutorial_etl_dag.py took 0.238 seconds
[2021-07-16 08:36:00,781] {scheduler_job.py:181} INFO - Started process (PID=301) to work on /home/airflow/.local/lib/python3.6/site-packages/airflow/example_dags/tutorial_etl_dag.py
[2021-07-16 08:36:00,784] {scheduler_job.py:632} INFO - Processing file /home/airflow/.local/lib/python3.6/site-packages/airflow/example_dags/tutorial_etl_dag.py for tasks to queue
[2021-07-16 08:36:00,791] {logging_mixin.py:104} INFO - [2021-07-16 08:36:00,790] {dagbag.py:496} INFO - Filling up the DagBag from /home/airflow/.local/lib/python3.6/site-packages/airflow/example_dags/tutorial_etl_dag.py
[2021-07-16 08:36:00,835] {scheduler_job.py:642} INFO - DAG(s) dict_keys(['tutorial_etl_dag']) retrieved from /home/airflow/.local/lib/python3.6/site-packages/airflow/example_dags/tutorial_etl_dag.py
[2021-07-16 08:36:00,922] {logging_mixin.py:104} INFO - [2021-07-16 08:36:00,921] {dag.py:1833} INFO - Sync 1 DAGs
[2021-07-16 08:36:00,994] {logging_mixin.py:104} INFO - [2021-07-16 08:36:00,994] {dag.py:2306} INFO - Setting next_dagrun for tutorial_etl_dag to None
[2021-07-16 08:36:01,027] {scheduler_job.py:189} INFO - Processing /home/airflow/.local/lib/python3.6/site-packages/airflow/example_dags/tutorial_etl_dag.py took 0.270 seconds
[2021-07-16 08:36:34,127] {scheduler_job.py:181} INFO - Started process (PID=355) to work on /home/airflow/.local/lib/python3.6/site-packages/airflow/example_dags/tutorial_etl_dag.py
[2021-07-16 08:36:34,132] {scheduler_job.py:632} INFO - Processing file /home/airflow/.local/lib/python3.6/site-packages/airflow/example_dags/tutorial_etl_dag.py for tasks to queue
[2021-07-16 08:36:34,137] {logging_mixin.py:104} INFO - [2021-07-16 08:36:34,137] {dagbag.py:496} INFO - Filling up the DagBag from /home/airflow/.local/lib/python3.6/site-packages/airflow/example_dags/tutorial_etl_dag.py
[2021-07-16 08:36:34,190] {scheduler_job.py:642} INFO - DAG(s) dict_keys(['tutorial_etl_dag']) retrieved from /home/airflow/.local/lib/python3.6/site-packages/airflow/example_dags/tutorial_etl_dag.py
[2021-07-16 08:36:34,288] {logging_mixin.py:104} INFO - [2021-07-16 08:36:34,288] {dag.py:1833} INFO - Sync 1 DAGs
[2021-07-16 08:36:34,375] {logging_mixin.py:104} INFO - [2021-07-16 08:36:34,375] {dag.py:2306} INFO - Setting next_dagrun for tutorial_etl_dag to None
[2021-07-16 08:36:34,434] {scheduler_job.py:189} INFO - Processing /home/airflow/.local/lib/python3.6/site-packages/airflow/example_dags/tutorial_etl_dag.py took 0.315 seconds
[2021-07-16 08:37:11,090] {scheduler_job.py:181} INFO - Started process (PID=406) to work on /home/airflow/.local/lib/python3.6/site-packages/airflow/example_dags/tutorial_etl_dag.py
[2021-07-16 08:37:11,096] {scheduler_job.py:632} INFO - Processing file /home/airflow/.local/lib/python3.6/site-packages/airflow/example_dags/tutorial_etl_dag.py for tasks to queue
[2021-07-16 08:37:11,102] {logging_mixin.py:104} INFO - [2021-07-16 08:37:11,101] {dagbag.py:496} INFO - Filling up the DagBag from /home/airflow/.local/lib/python3.6/site-packages/airflow/example_dags/tutorial_etl_dag.py
[2021-07-16 08:37:11,143] {scheduler_job.py:642} INFO - DAG(s) dict_keys(['tutorial_etl_dag']) retrieved from /home/airflow/.local/lib/python3.6/site-packages/airflow/example_dags/tutorial_etl_dag.py
[2021-07-16 08:37:11,197] {logging_mixin.py:104} INFO - [2021-07-16 08:37:11,196] {dag.py:1833} INFO - Sync 1 DAGs
[2021-07-16 08:37:11,244] {logging_mixin.py:104} INFO - [2021-07-16 08:37:11,244] {dag.py:2306} INFO - Setting next_dagrun for tutorial_etl_dag to None
[2021-07-16 08:37:11,288] {scheduler_job.py:189} INFO - Processing /home/airflow/.local/lib/python3.6/site-packages/airflow/example_dags/tutorial_etl_dag.py took 0.206 seconds
[2021-07-16 08:37:54,322] {scheduler_job.py:181} INFO - Started process (PID=460) to work on /home/airflow/.local/lib/python3.6/site-packages/airflow/example_dags/tutorial_etl_dag.py
[2021-07-16 08:37:54,327] {scheduler_job.py:632} INFO - Processing file /home/airflow/.local/lib/python3.6/site-packages/airflow/example_dags/tutorial_etl_dag.py for tasks to queue
[2021-07-16 08:37:54,333] {logging_mixin.py:104} INFO - [2021-07-16 08:37:54,331] {dagbag.py:496} INFO - Filling up the DagBag from /home/airflow/.local/lib/python3.6/site-packages/airflow/example_dags/tutorial_etl_dag.py
[2021-07-16 08:37:54,368] {scheduler_job.py:642} INFO - DAG(s) dict_keys(['tutorial_etl_dag']) retrieved from /home/airflow/.local/lib/python3.6/site-packages/airflow/example_dags/tutorial_etl_dag.py
[2021-07-16 08:37:54,457] {logging_mixin.py:104} INFO - [2021-07-16 08:37:54,457] {dag.py:1833} INFO - Sync 1 DAGs
[2021-07-16 08:37:54,537] {logging_mixin.py:104} INFO - [2021-07-16 08:37:54,537] {dag.py:2306} INFO - Setting next_dagrun for tutorial_etl_dag to None
[2021-07-16 08:37:54,571] {scheduler_job.py:189} INFO - Processing /home/airflow/.local/lib/python3.6/site-packages/airflow/example_dags/tutorial_etl_dag.py took 0.257 seconds
[2021-07-16 08:38:37,557] {scheduler_job.py:181} INFO - Started process (PID=523) to work on /home/airflow/.local/lib/python3.6/site-packages/airflow/example_dags/tutorial_etl_dag.py
[2021-07-16 08:38:37,560] {scheduler_job.py:632} INFO - Processing file /home/airflow/.local/lib/python3.6/site-packages/airflow/example_dags/tutorial_etl_dag.py for tasks to queue
[2021-07-16 08:38:37,563] {logging_mixin.py:104} INFO - [2021-07-16 08:38:37,563] {dagbag.py:496} INFO - Filling up the DagBag from /home/airflow/.local/lib/python3.6/site-packages/airflow/example_dags/tutorial_etl_dag.py
[2021-07-16 08:38:37,586] {scheduler_job.py:642} INFO - DAG(s) dict_keys(['tutorial_etl_dag']) retrieved from /home/airflow/.local/lib/python3.6/site-packages/airflow/example_dags/tutorial_etl_dag.py
[2021-07-16 08:38:37,641] {logging_mixin.py:104} INFO - [2021-07-16 08:38:37,640] {dag.py:1833} INFO - Sync 1 DAGs
[2021-07-16 08:38:37,671] {logging_mixin.py:104} INFO - [2021-07-16 08:38:37,671] {dag.py:2306} INFO - Setting next_dagrun for tutorial_etl_dag to None
[2021-07-16 08:38:37,690] {scheduler_job.py:189} INFO - Processing /home/airflow/.local/lib/python3.6/site-packages/airflow/example_dags/tutorial_etl_dag.py took 0.138 seconds
