[2021-07-16 08:28:16,928] {scheduler_job.py:181} INFO - Started process (PID=215) to work on /home/airflow/.local/lib/python3.6/site-packages/airflow/example_dags/tutorial.py
[2021-07-16 08:28:16,934] {scheduler_job.py:632} INFO - Processing file /home/airflow/.local/lib/python3.6/site-packages/airflow/example_dags/tutorial.py for tasks to queue
[2021-07-16 08:28:16,943] {logging_mixin.py:104} INFO - [2021-07-16 08:28:16,942] {dagbag.py:496} INFO - Filling up the DagBag from /home/airflow/.local/lib/python3.6/site-packages/airflow/example_dags/tutorial.py
[2021-07-16 08:28:17,080] {scheduler_job.py:642} INFO - DAG(s) dict_keys(['tutorial']) retrieved from /home/airflow/.local/lib/python3.6/site-packages/airflow/example_dags/tutorial.py
[2021-07-16 08:28:21,283] {logging_mixin.py:104} INFO - [2021-07-16 08:28:21,282] {dag.py:1833} INFO - Sync 1 DAGs
[2021-07-16 08:28:21,307] {logging_mixin.py:104} INFO - [2021-07-16 08:28:21,306] {dag.py:1852} INFO - Creating ORM DAG for tutorial
[2021-07-16 08:28:21,318] {logging_mixin.py:104} INFO - [2021-07-16 08:28:21,318] {dag.py:2306} INFO - Setting next_dagrun for tutorial to 2021-07-14 00:00:00+00:00
[2021-07-16 08:28:21,339] {scheduler_job.py:189} INFO - Processing /home/airflow/.local/lib/python3.6/site-packages/airflow/example_dags/tutorial.py took 4.495 seconds
[2021-07-16 08:33:06,417] {scheduler_job.py:181} INFO - Started process (PID=65) to work on /home/airflow/.local/lib/python3.6/site-packages/airflow/example_dags/tutorial.py
[2021-07-16 08:33:06,427] {scheduler_job.py:632} INFO - Processing file /home/airflow/.local/lib/python3.6/site-packages/airflow/example_dags/tutorial.py for tasks to queue
[2021-07-16 08:33:06,432] {logging_mixin.py:104} INFO - [2021-07-16 08:33:06,432] {dagbag.py:496} INFO - Filling up the DagBag from /home/airflow/.local/lib/python3.6/site-packages/airflow/example_dags/tutorial.py
[2021-07-16 08:33:06,493] {scheduler_job.py:642} INFO - DAG(s) dict_keys(['tutorial']) retrieved from /home/airflow/.local/lib/python3.6/site-packages/airflow/example_dags/tutorial.py
[2021-07-16 08:33:06,617] {logging_mixin.py:104} INFO - [2021-07-16 08:33:06,617] {dag.py:1833} INFO - Sync 1 DAGs
[2021-07-16 08:33:06,693] {logging_mixin.py:104} INFO - [2021-07-16 08:33:06,693] {dag.py:2306} INFO - Setting next_dagrun for tutorial to 2021-07-14 00:00:00+00:00
[2021-07-16 08:33:06,810] {scheduler_job.py:189} INFO - Processing /home/airflow/.local/lib/python3.6/site-packages/airflow/example_dags/tutorial.py took 0.418 seconds
[2021-07-16 08:33:56,147] {scheduler_job.py:181} INFO - Started process (PID=119) to work on /home/airflow/.local/lib/python3.6/site-packages/airflow/example_dags/tutorial.py
[2021-07-16 08:33:56,150] {scheduler_job.py:632} INFO - Processing file /home/airflow/.local/lib/python3.6/site-packages/airflow/example_dags/tutorial.py for tasks to queue
[2021-07-16 08:33:56,152] {logging_mixin.py:104} INFO - [2021-07-16 08:33:56,151] {dagbag.py:496} INFO - Filling up the DagBag from /home/airflow/.local/lib/python3.6/site-packages/airflow/example_dags/tutorial.py
[2021-07-16 08:33:56,194] {scheduler_job.py:642} INFO - DAG(s) dict_keys(['tutorial']) retrieved from /home/airflow/.local/lib/python3.6/site-packages/airflow/example_dags/tutorial.py
[2021-07-16 08:33:56,268] {logging_mixin.py:104} INFO - [2021-07-16 08:33:56,268] {dag.py:1833} INFO - Sync 1 DAGs
[2021-07-16 08:33:56,322] {logging_mixin.py:104} INFO - [2021-07-16 08:33:56,322] {dag.py:2306} INFO - Setting next_dagrun for tutorial to 2021-07-14 00:00:00+00:00
[2021-07-16 08:33:56,367] {scheduler_job.py:189} INFO - Processing /home/airflow/.local/lib/python3.6/site-packages/airflow/example_dags/tutorial.py took 0.226 seconds
[2021-07-16 08:34:35,660] {scheduler_job.py:181} INFO - Started process (PID=196) to work on /home/airflow/.local/lib/python3.6/site-packages/airflow/example_dags/tutorial.py
[2021-07-16 08:34:35,665] {scheduler_job.py:632} INFO - Processing file /home/airflow/.local/lib/python3.6/site-packages/airflow/example_dags/tutorial.py for tasks to queue
[2021-07-16 08:34:35,670] {logging_mixin.py:104} INFO - [2021-07-16 08:34:35,668] {dagbag.py:496} INFO - Filling up the DagBag from /home/airflow/.local/lib/python3.6/site-packages/airflow/example_dags/tutorial.py
[2021-07-16 08:34:35,697] {scheduler_job.py:642} INFO - DAG(s) dict_keys(['tutorial']) retrieved from /home/airflow/.local/lib/python3.6/site-packages/airflow/example_dags/tutorial.py
[2021-07-16 08:34:35,796] {logging_mixin.py:104} INFO - [2021-07-16 08:34:35,796] {dag.py:1833} INFO - Sync 1 DAGs
[2021-07-16 08:34:35,847] {logging_mixin.py:104} INFO - [2021-07-16 08:34:35,847] {dag.py:2306} INFO - Setting next_dagrun for tutorial to 2021-07-14 00:00:00+00:00
[2021-07-16 08:34:35,886] {scheduler_job.py:189} INFO - Processing /home/airflow/.local/lib/python3.6/site-packages/airflow/example_dags/tutorial.py took 0.234 seconds
[2021-07-16 08:35:11,107] {scheduler_job.py:181} INFO - Started process (PID=247) to work on /home/airflow/.local/lib/python3.6/site-packages/airflow/example_dags/tutorial.py
[2021-07-16 08:35:11,111] {scheduler_job.py:632} INFO - Processing file /home/airflow/.local/lib/python3.6/site-packages/airflow/example_dags/tutorial.py for tasks to queue
[2021-07-16 08:35:11,113] {logging_mixin.py:104} INFO - [2021-07-16 08:35:11,113] {dagbag.py:496} INFO - Filling up the DagBag from /home/airflow/.local/lib/python3.6/site-packages/airflow/example_dags/tutorial.py
[2021-07-16 08:35:11,139] {scheduler_job.py:642} INFO - DAG(s) dict_keys(['tutorial']) retrieved from /home/airflow/.local/lib/python3.6/site-packages/airflow/example_dags/tutorial.py
[2021-07-16 08:35:11,182] {logging_mixin.py:104} INFO - [2021-07-16 08:35:11,182] {dag.py:1833} INFO - Sync 1 DAGs
[2021-07-16 08:35:11,210] {logging_mixin.py:104} INFO - [2021-07-16 08:35:11,209] {dag.py:2306} INFO - Setting next_dagrun for tutorial to 2021-07-14 00:00:00+00:00
[2021-07-16 08:35:11,226] {scheduler_job.py:189} INFO - Processing /home/airflow/.local/lib/python3.6/site-packages/airflow/example_dags/tutorial.py took 0.124 seconds
[2021-07-16 08:36:04,187] {scheduler_job.py:181} INFO - Started process (PID=312) to work on /home/airflow/.local/lib/python3.6/site-packages/airflow/example_dags/tutorial.py
[2021-07-16 08:36:04,191] {scheduler_job.py:632} INFO - Processing file /home/airflow/.local/lib/python3.6/site-packages/airflow/example_dags/tutorial.py for tasks to queue
[2021-07-16 08:36:04,197] {logging_mixin.py:104} INFO - [2021-07-16 08:36:04,197] {dagbag.py:496} INFO - Filling up the DagBag from /home/airflow/.local/lib/python3.6/site-packages/airflow/example_dags/tutorial.py
[2021-07-16 08:36:04,227] {scheduler_job.py:642} INFO - DAG(s) dict_keys(['tutorial']) retrieved from /home/airflow/.local/lib/python3.6/site-packages/airflow/example_dags/tutorial.py
[2021-07-16 08:36:04,271] {logging_mixin.py:104} INFO - [2021-07-16 08:36:04,271] {dag.py:1833} INFO - Sync 1 DAGs
[2021-07-16 08:36:04,306] {logging_mixin.py:104} INFO - [2021-07-16 08:36:04,306] {dag.py:2306} INFO - Setting next_dagrun for tutorial to 2021-07-14 00:00:00+00:00
[2021-07-16 08:36:04,349] {scheduler_job.py:189} INFO - Processing /home/airflow/.local/lib/python3.6/site-packages/airflow/example_dags/tutorial.py took 0.170 seconds
[2021-07-16 08:36:36,816] {scheduler_job.py:181} INFO - Started process (PID=365) to work on /home/airflow/.local/lib/python3.6/site-packages/airflow/example_dags/tutorial.py
[2021-07-16 08:36:36,826] {scheduler_job.py:632} INFO - Processing file /home/airflow/.local/lib/python3.6/site-packages/airflow/example_dags/tutorial.py for tasks to queue
[2021-07-16 08:36:36,830] {logging_mixin.py:104} INFO - [2021-07-16 08:36:36,830] {dagbag.py:496} INFO - Filling up the DagBag from /home/airflow/.local/lib/python3.6/site-packages/airflow/example_dags/tutorial.py
[2021-07-16 08:36:36,896] {scheduler_job.py:642} INFO - DAG(s) dict_keys(['tutorial']) retrieved from /home/airflow/.local/lib/python3.6/site-packages/airflow/example_dags/tutorial.py
[2021-07-16 08:36:36,939] {logging_mixin.py:104} INFO - [2021-07-16 08:36:36,939] {dag.py:1833} INFO - Sync 1 DAGs
[2021-07-16 08:36:36,971] {logging_mixin.py:104} INFO - [2021-07-16 08:36:36,971] {dag.py:2306} INFO - Setting next_dagrun for tutorial to 2021-07-14 00:00:00+00:00
[2021-07-16 08:36:36,985] {scheduler_job.py:189} INFO - Processing /home/airflow/.local/lib/python3.6/site-packages/airflow/example_dags/tutorial.py took 0.181 seconds
[2021-07-16 08:37:13,090] {scheduler_job.py:181} INFO - Started process (PID=416) to work on /home/airflow/.local/lib/python3.6/site-packages/airflow/example_dags/tutorial.py
[2021-07-16 08:37:13,093] {scheduler_job.py:632} INFO - Processing file /home/airflow/.local/lib/python3.6/site-packages/airflow/example_dags/tutorial.py for tasks to queue
[2021-07-16 08:37:13,096] {logging_mixin.py:104} INFO - [2021-07-16 08:37:13,095] {dagbag.py:496} INFO - Filling up the DagBag from /home/airflow/.local/lib/python3.6/site-packages/airflow/example_dags/tutorial.py
[2021-07-16 08:37:13,134] {scheduler_job.py:642} INFO - DAG(s) dict_keys(['tutorial']) retrieved from /home/airflow/.local/lib/python3.6/site-packages/airflow/example_dags/tutorial.py
[2021-07-16 08:37:13,224] {logging_mixin.py:104} INFO - [2021-07-16 08:37:13,223] {dag.py:1833} INFO - Sync 1 DAGs
[2021-07-16 08:37:13,270] {logging_mixin.py:104} INFO - [2021-07-16 08:37:13,270] {dag.py:2306} INFO - Setting next_dagrun for tutorial to 2021-07-14 00:00:00+00:00
[2021-07-16 08:37:13,328] {scheduler_job.py:189} INFO - Processing /home/airflow/.local/lib/python3.6/site-packages/airflow/example_dags/tutorial.py took 0.245 seconds
[2021-07-16 08:37:56,530] {scheduler_job.py:181} INFO - Started process (PID=470) to work on /home/airflow/.local/lib/python3.6/site-packages/airflow/example_dags/tutorial.py
[2021-07-16 08:37:56,536] {scheduler_job.py:632} INFO - Processing file /home/airflow/.local/lib/python3.6/site-packages/airflow/example_dags/tutorial.py for tasks to queue
[2021-07-16 08:37:56,548] {logging_mixin.py:104} INFO - [2021-07-16 08:37:56,543] {dagbag.py:496} INFO - Filling up the DagBag from /home/airflow/.local/lib/python3.6/site-packages/airflow/example_dags/tutorial.py
[2021-07-16 08:37:56,615] {scheduler_job.py:642} INFO - DAG(s) dict_keys(['tutorial']) retrieved from /home/airflow/.local/lib/python3.6/site-packages/airflow/example_dags/tutorial.py
[2021-07-16 08:37:56,728] {logging_mixin.py:104} INFO - [2021-07-16 08:37:56,728] {dag.py:1833} INFO - Sync 1 DAGs
[2021-07-16 08:37:56,793] {logging_mixin.py:104} INFO - [2021-07-16 08:37:56,793] {dag.py:2306} INFO - Setting next_dagrun for tutorial to 2021-07-14 00:00:00+00:00
[2021-07-16 08:37:56,830] {scheduler_job.py:189} INFO - Processing /home/airflow/.local/lib/python3.6/site-packages/airflow/example_dags/tutorial.py took 0.313 seconds
[2021-07-16 08:38:38,954] {scheduler_job.py:181} INFO - Started process (PID=533) to work on /home/airflow/.local/lib/python3.6/site-packages/airflow/example_dags/tutorial.py
[2021-07-16 08:38:38,960] {scheduler_job.py:632} INFO - Processing file /home/airflow/.local/lib/python3.6/site-packages/airflow/example_dags/tutorial.py for tasks to queue
[2021-07-16 08:38:38,964] {logging_mixin.py:104} INFO - [2021-07-16 08:38:38,963] {dagbag.py:496} INFO - Filling up the DagBag from /home/airflow/.local/lib/python3.6/site-packages/airflow/example_dags/tutorial.py
[2021-07-16 08:38:39,000] {scheduler_job.py:642} INFO - DAG(s) dict_keys(['tutorial']) retrieved from /home/airflow/.local/lib/python3.6/site-packages/airflow/example_dags/tutorial.py
[2021-07-16 08:38:39,072] {logging_mixin.py:104} INFO - [2021-07-16 08:38:39,071] {dag.py:1833} INFO - Sync 1 DAGs
[2021-07-16 08:38:39,124] {logging_mixin.py:104} INFO - [2021-07-16 08:38:39,124] {dag.py:2306} INFO - Setting next_dagrun for tutorial to 2021-07-14 00:00:00+00:00
[2021-07-16 08:38:39,152] {scheduler_job.py:189} INFO - Processing /home/airflow/.local/lib/python3.6/site-packages/airflow/example_dags/tutorial.py took 0.213 seconds
