[2021-07-16 08:28:21,468] {scheduler_job.py:181} INFO - Started process (PID=228) to work on /home/airflow/.local/lib/python3.6/site-packages/airflow/example_dags/tutorial_taskflow_api_etl_virtualenv.py
[2021-07-16 08:28:21,481] {scheduler_job.py:632} INFO - Processing file /home/airflow/.local/lib/python3.6/site-packages/airflow/example_dags/tutorial_taskflow_api_etl_virtualenv.py for tasks to queue
[2021-07-16 08:28:21,485] {logging_mixin.py:104} INFO - [2021-07-16 08:28:21,485] {dagbag.py:496} INFO - Filling up the DagBag from /home/airflow/.local/lib/python3.6/site-packages/airflow/example_dags/tutorial_taskflow_api_etl_virtualenv.py
[2021-07-16 08:28:21,554] {scheduler_job.py:642} INFO - DAG(s) dict_keys(['tutorial_taskflow_api_etl_virtualenv']) retrieved from /home/airflow/.local/lib/python3.6/site-packages/airflow/example_dags/tutorial_taskflow_api_etl_virtualenv.py
[2021-07-16 08:28:26,507] {logging_mixin.py:104} INFO - [2021-07-16 08:28:26,504] {dag.py:1833} INFO - Sync 1 DAGs
[2021-07-16 08:28:26,550] {logging_mixin.py:104} INFO - [2021-07-16 08:28:26,548] {dag.py:1852} INFO - Creating ORM DAG for tutorial_taskflow_api_etl_virtualenv
[2021-07-16 08:28:26,602] {logging_mixin.py:104} INFO - [2021-07-16 08:28:26,602] {dag.py:2306} INFO - Setting next_dagrun for tutorial_taskflow_api_etl_virtualenv to None
[2021-07-16 08:28:26,638] {scheduler_job.py:189} INFO - Processing /home/airflow/.local/lib/python3.6/site-packages/airflow/example_dags/tutorial_taskflow_api_etl_virtualenv.py took 5.183 seconds
[2021-07-16 08:33:07,003] {scheduler_job.py:181} INFO - Started process (PID=67) to work on /home/airflow/.local/lib/python3.6/site-packages/airflow/example_dags/tutorial_taskflow_api_etl_virtualenv.py
[2021-07-16 08:33:07,014] {scheduler_job.py:632} INFO - Processing file /home/airflow/.local/lib/python3.6/site-packages/airflow/example_dags/tutorial_taskflow_api_etl_virtualenv.py for tasks to queue
[2021-07-16 08:33:07,016] {logging_mixin.py:104} INFO - [2021-07-16 08:33:07,016] {dagbag.py:496} INFO - Filling up the DagBag from /home/airflow/.local/lib/python3.6/site-packages/airflow/example_dags/tutorial_taskflow_api_etl_virtualenv.py
[2021-07-16 08:33:07,069] {scheduler_job.py:642} INFO - DAG(s) dict_keys(['tutorial_taskflow_api_etl_virtualenv']) retrieved from /home/airflow/.local/lib/python3.6/site-packages/airflow/example_dags/tutorial_taskflow_api_etl_virtualenv.py
[2021-07-16 08:33:08,219] {logging_mixin.py:104} INFO - [2021-07-16 08:33:08,219] {dag.py:1833} INFO - Sync 1 DAGs
[2021-07-16 08:33:08,290] {logging_mixin.py:104} INFO - [2021-07-16 08:33:08,290] {dag.py:2306} INFO - Setting next_dagrun for tutorial_taskflow_api_etl_virtualenv to None
[2021-07-16 08:33:08,392] {scheduler_job.py:189} INFO - Processing /home/airflow/.local/lib/python3.6/site-packages/airflow/example_dags/tutorial_taskflow_api_etl_virtualenv.py took 1.398 seconds
[2021-07-16 08:33:56,459] {scheduler_job.py:181} INFO - Started process (PID=121) to work on /home/airflow/.local/lib/python3.6/site-packages/airflow/example_dags/tutorial_taskflow_api_etl_virtualenv.py
[2021-07-16 08:33:56,462] {scheduler_job.py:632} INFO - Processing file /home/airflow/.local/lib/python3.6/site-packages/airflow/example_dags/tutorial_taskflow_api_etl_virtualenv.py for tasks to queue
[2021-07-16 08:33:56,464] {logging_mixin.py:104} INFO - [2021-07-16 08:33:56,464] {dagbag.py:496} INFO - Filling up the DagBag from /home/airflow/.local/lib/python3.6/site-packages/airflow/example_dags/tutorial_taskflow_api_etl_virtualenv.py
[2021-07-16 08:33:56,506] {scheduler_job.py:642} INFO - DAG(s) dict_keys(['tutorial_taskflow_api_etl_virtualenv']) retrieved from /home/airflow/.local/lib/python3.6/site-packages/airflow/example_dags/tutorial_taskflow_api_etl_virtualenv.py
[2021-07-16 08:33:57,097] {logging_mixin.py:104} INFO - [2021-07-16 08:33:57,096] {dag.py:1833} INFO - Sync 1 DAGs
[2021-07-16 08:33:57,129] {logging_mixin.py:104} INFO - [2021-07-16 08:33:57,128] {dag.py:2306} INFO - Setting next_dagrun for tutorial_taskflow_api_etl_virtualenv to None
[2021-07-16 08:33:57,165] {scheduler_job.py:189} INFO - Processing /home/airflow/.local/lib/python3.6/site-packages/airflow/example_dags/tutorial_taskflow_api_etl_virtualenv.py took 0.712 seconds
[2021-07-16 08:34:35,949] {scheduler_job.py:181} INFO - Started process (PID=198) to work on /home/airflow/.local/lib/python3.6/site-packages/airflow/example_dags/tutorial_taskflow_api_etl_virtualenv.py
[2021-07-16 08:34:35,955] {scheduler_job.py:632} INFO - Processing file /home/airflow/.local/lib/python3.6/site-packages/airflow/example_dags/tutorial_taskflow_api_etl_virtualenv.py for tasks to queue
[2021-07-16 08:34:35,964] {logging_mixin.py:104} INFO - [2021-07-16 08:34:35,962] {dagbag.py:496} INFO - Filling up the DagBag from /home/airflow/.local/lib/python3.6/site-packages/airflow/example_dags/tutorial_taskflow_api_etl_virtualenv.py
[2021-07-16 08:34:36,046] {scheduler_job.py:642} INFO - DAG(s) dict_keys(['tutorial_taskflow_api_etl_virtualenv']) retrieved from /home/airflow/.local/lib/python3.6/site-packages/airflow/example_dags/tutorial_taskflow_api_etl_virtualenv.py
[2021-07-16 08:34:36,524] {logging_mixin.py:104} INFO - [2021-07-16 08:34:36,524] {dag.py:1833} INFO - Sync 1 DAGs
[2021-07-16 08:34:36,548] {logging_mixin.py:104} INFO - [2021-07-16 08:34:36,548] {dag.py:2306} INFO - Setting next_dagrun for tutorial_taskflow_api_etl_virtualenv to None
[2021-07-16 08:34:36,566] {scheduler_job.py:189} INFO - Processing /home/airflow/.local/lib/python3.6/site-packages/airflow/example_dags/tutorial_taskflow_api_etl_virtualenv.py took 0.625 seconds
[2021-07-16 08:35:11,254] {scheduler_job.py:181} INFO - Started process (PID=249) to work on /home/airflow/.local/lib/python3.6/site-packages/airflow/example_dags/tutorial_taskflow_api_etl_virtualenv.py
[2021-07-16 08:35:11,256] {scheduler_job.py:632} INFO - Processing file /home/airflow/.local/lib/python3.6/site-packages/airflow/example_dags/tutorial_taskflow_api_etl_virtualenv.py for tasks to queue
[2021-07-16 08:35:11,258] {logging_mixin.py:104} INFO - [2021-07-16 08:35:11,258] {dagbag.py:496} INFO - Filling up the DagBag from /home/airflow/.local/lib/python3.6/site-packages/airflow/example_dags/tutorial_taskflow_api_etl_virtualenv.py
[2021-07-16 08:35:11,284] {scheduler_job.py:642} INFO - DAG(s) dict_keys(['tutorial_taskflow_api_etl_virtualenv']) retrieved from /home/airflow/.local/lib/python3.6/site-packages/airflow/example_dags/tutorial_taskflow_api_etl_virtualenv.py
[2021-07-16 08:35:11,575] {logging_mixin.py:104} INFO - [2021-07-16 08:35:11,575] {dag.py:1833} INFO - Sync 1 DAGs
[2021-07-16 08:35:11,595] {logging_mixin.py:104} INFO - [2021-07-16 08:35:11,595] {dag.py:2306} INFO - Setting next_dagrun for tutorial_taskflow_api_etl_virtualenv to None
[2021-07-16 08:35:11,618] {scheduler_job.py:189} INFO - Processing /home/airflow/.local/lib/python3.6/site-packages/airflow/example_dags/tutorial_taskflow_api_etl_virtualenv.py took 0.368 seconds
[2021-07-16 08:36:04,453] {scheduler_job.py:181} INFO - Started process (PID=314) to work on /home/airflow/.local/lib/python3.6/site-packages/airflow/example_dags/tutorial_taskflow_api_etl_virtualenv.py
[2021-07-16 08:36:04,476] {scheduler_job.py:632} INFO - Processing file /home/airflow/.local/lib/python3.6/site-packages/airflow/example_dags/tutorial_taskflow_api_etl_virtualenv.py for tasks to queue
[2021-07-16 08:36:04,495] {logging_mixin.py:104} INFO - [2021-07-16 08:36:04,494] {dagbag.py:496} INFO - Filling up the DagBag from /home/airflow/.local/lib/python3.6/site-packages/airflow/example_dags/tutorial_taskflow_api_etl_virtualenv.py
[2021-07-16 08:36:04,580] {scheduler_job.py:642} INFO - DAG(s) dict_keys(['tutorial_taskflow_api_etl_virtualenv']) retrieved from /home/airflow/.local/lib/python3.6/site-packages/airflow/example_dags/tutorial_taskflow_api_etl_virtualenv.py
[2021-07-16 08:36:04,995] {logging_mixin.py:104} INFO - [2021-07-16 08:36:04,994] {dag.py:1833} INFO - Sync 1 DAGs
[2021-07-16 08:36:05,028] {logging_mixin.py:104} INFO - [2021-07-16 08:36:05,027] {dag.py:2306} INFO - Setting next_dagrun for tutorial_taskflow_api_etl_virtualenv to None
[2021-07-16 08:36:05,048] {scheduler_job.py:189} INFO - Processing /home/airflow/.local/lib/python3.6/site-packages/airflow/example_dags/tutorial_taskflow_api_etl_virtualenv.py took 0.615 seconds
[2021-07-16 08:36:37,022] {scheduler_job.py:181} INFO - Started process (PID=367) to work on /home/airflow/.local/lib/python3.6/site-packages/airflow/example_dags/tutorial_taskflow_api_etl_virtualenv.py
[2021-07-16 08:36:37,025] {scheduler_job.py:632} INFO - Processing file /home/airflow/.local/lib/python3.6/site-packages/airflow/example_dags/tutorial_taskflow_api_etl_virtualenv.py for tasks to queue
[2021-07-16 08:36:37,027] {logging_mixin.py:104} INFO - [2021-07-16 08:36:37,026] {dagbag.py:496} INFO - Filling up the DagBag from /home/airflow/.local/lib/python3.6/site-packages/airflow/example_dags/tutorial_taskflow_api_etl_virtualenv.py
[2021-07-16 08:36:37,056] {scheduler_job.py:642} INFO - DAG(s) dict_keys(['tutorial_taskflow_api_etl_virtualenv']) retrieved from /home/airflow/.local/lib/python3.6/site-packages/airflow/example_dags/tutorial_taskflow_api_etl_virtualenv.py
[2021-07-16 08:36:37,427] {logging_mixin.py:104} INFO - [2021-07-16 08:36:37,427] {dag.py:1833} INFO - Sync 1 DAGs
[2021-07-16 08:36:37,444] {logging_mixin.py:104} INFO - [2021-07-16 08:36:37,444] {dag.py:2306} INFO - Setting next_dagrun for tutorial_taskflow_api_etl_virtualenv to None
[2021-07-16 08:36:37,460] {scheduler_job.py:189} INFO - Processing /home/airflow/.local/lib/python3.6/site-packages/airflow/example_dags/tutorial_taskflow_api_etl_virtualenv.py took 0.443 seconds
[2021-07-16 08:37:13,441] {scheduler_job.py:181} INFO - Started process (PID=418) to work on /home/airflow/.local/lib/python3.6/site-packages/airflow/example_dags/tutorial_taskflow_api_etl_virtualenv.py
[2021-07-16 08:37:13,445] {scheduler_job.py:632} INFO - Processing file /home/airflow/.local/lib/python3.6/site-packages/airflow/example_dags/tutorial_taskflow_api_etl_virtualenv.py for tasks to queue
[2021-07-16 08:37:13,450] {logging_mixin.py:104} INFO - [2021-07-16 08:37:13,449] {dagbag.py:496} INFO - Filling up the DagBag from /home/airflow/.local/lib/python3.6/site-packages/airflow/example_dags/tutorial_taskflow_api_etl_virtualenv.py
[2021-07-16 08:37:13,542] {scheduler_job.py:642} INFO - DAG(s) dict_keys(['tutorial_taskflow_api_etl_virtualenv']) retrieved from /home/airflow/.local/lib/python3.6/site-packages/airflow/example_dags/tutorial_taskflow_api_etl_virtualenv.py
[2021-07-16 08:37:14,077] {logging_mixin.py:104} INFO - [2021-07-16 08:37:14,077] {dag.py:1833} INFO - Sync 1 DAGs
[2021-07-16 08:37:14,098] {logging_mixin.py:104} INFO - [2021-07-16 08:37:14,098] {dag.py:2306} INFO - Setting next_dagrun for tutorial_taskflow_api_etl_virtualenv to None
[2021-07-16 08:37:14,131] {scheduler_job.py:189} INFO - Processing /home/airflow/.local/lib/python3.6/site-packages/airflow/example_dags/tutorial_taskflow_api_etl_virtualenv.py took 0.696 seconds
[2021-07-16 08:37:56,864] {scheduler_job.py:181} INFO - Started process (PID=472) to work on /home/airflow/.local/lib/python3.6/site-packages/airflow/example_dags/tutorial_taskflow_api_etl_virtualenv.py
[2021-07-16 08:37:56,868] {scheduler_job.py:632} INFO - Processing file /home/airflow/.local/lib/python3.6/site-packages/airflow/example_dags/tutorial_taskflow_api_etl_virtualenv.py for tasks to queue
[2021-07-16 08:37:56,873] {logging_mixin.py:104} INFO - [2021-07-16 08:37:56,873] {dagbag.py:496} INFO - Filling up the DagBag from /home/airflow/.local/lib/python3.6/site-packages/airflow/example_dags/tutorial_taskflow_api_etl_virtualenv.py
[2021-07-16 08:37:56,916] {scheduler_job.py:642} INFO - DAG(s) dict_keys(['tutorial_taskflow_api_etl_virtualenv']) retrieved from /home/airflow/.local/lib/python3.6/site-packages/airflow/example_dags/tutorial_taskflow_api_etl_virtualenv.py
[2021-07-16 08:37:57,368] {logging_mixin.py:104} INFO - [2021-07-16 08:37:57,367] {dag.py:1833} INFO - Sync 1 DAGs
[2021-07-16 08:37:57,395] {logging_mixin.py:104} INFO - [2021-07-16 08:37:57,395] {dag.py:2306} INFO - Setting next_dagrun for tutorial_taskflow_api_etl_virtualenv to None
[2021-07-16 08:37:57,416] {scheduler_job.py:189} INFO - Processing /home/airflow/.local/lib/python3.6/site-packages/airflow/example_dags/tutorial_taskflow_api_etl_virtualenv.py took 0.557 seconds
[2021-07-16 08:38:39,210] {scheduler_job.py:181} INFO - Started process (PID=535) to work on /home/airflow/.local/lib/python3.6/site-packages/airflow/example_dags/tutorial_taskflow_api_etl_virtualenv.py
[2021-07-16 08:38:39,215] {scheduler_job.py:632} INFO - Processing file /home/airflow/.local/lib/python3.6/site-packages/airflow/example_dags/tutorial_taskflow_api_etl_virtualenv.py for tasks to queue
[2021-07-16 08:38:39,222] {logging_mixin.py:104} INFO - [2021-07-16 08:38:39,221] {dagbag.py:496} INFO - Filling up the DagBag from /home/airflow/.local/lib/python3.6/site-packages/airflow/example_dags/tutorial_taskflow_api_etl_virtualenv.py
[2021-07-16 08:38:39,266] {scheduler_job.py:642} INFO - DAG(s) dict_keys(['tutorial_taskflow_api_etl_virtualenv']) retrieved from /home/airflow/.local/lib/python3.6/site-packages/airflow/example_dags/tutorial_taskflow_api_etl_virtualenv.py
[2021-07-16 08:38:39,594] {logging_mixin.py:104} INFO - [2021-07-16 08:38:39,594] {dag.py:1833} INFO - Sync 1 DAGs
[2021-07-16 08:38:39,643] {logging_mixin.py:104} INFO - [2021-07-16 08:38:39,643] {dag.py:2306} INFO - Setting next_dagrun for tutorial_taskflow_api_etl_virtualenv to None
[2021-07-16 08:38:39,669] {scheduler_job.py:189} INFO - Processing /home/airflow/.local/lib/python3.6/site-packages/airflow/example_dags/tutorial_taskflow_api_etl_virtualenv.py took 0.468 seconds
